[ 2016-09-29T00:02:40+08:00 ] ::1 /ThinkPHP/?
INFO: [ app_init ] --START--
INFO: Run Behavior\BuildLiteBehavior [ RunTime:0.000020s ]
INFO: [ app_init ] --END-- [ RunTime:0.000608s ]
INFO: [ app_begin ] --START--
INFO: Run Behavior\ReadHtmlCacheBehavior [ RunTime:0.000672s ]
INFO: [ app_begin ] --END-- [ RunTime:0.000807s ]
INFO: [ view_parse ] --START--
INFO: [ template_filter ] --START--
INFO: Run Behavior\ContentReplaceBehavior [ RunTime:0.000060s ]
INFO: [ template_filter ] --END-- [ RunTime:0.000154s ]
NOTIC: [8] Undefined variable: navbar C:\wamp\www\ThinkPHP\App\Runtime\Cache\Home\b65fd5c808205a9ead04a1d4d9013416.php 第 27 行.
NOTIC: [2] Invalid argument supplied for foreach() C:\wamp\www\ThinkPHP\App\Runtime\Cache\Home\b65fd5c808205a9ead04a1d4d9013416.php 第 27 行.
SQL: SHOW COLUMNS FROM `5000_navbar` [ RunTime:0.0086s ]
SQL: SELECT * FROM `5000_navbar` ORDER BY nav_index  [ RunTime:0.0008s ]
INFO: Run Behavior\ParseTemplateBehavior [ RunTime:0.033450s ]
INFO: [ view_parse ] --END-- [ RunTime:0.033540s ]
INFO: [ view_filter ] --START--
INFO: Run Behavior\WriteHtmlCacheBehavior [ RunTime:0.000647s ]
INFO: [ view_filter ] --END-- [ RunTime:0.000734s ]
INFO: [ app_end ] --START--
INFO: Run Behavior\ShowPageTraceBehavior [ RunTime:0.000565s ]
INFO: [ app_end ] --END-- [ RunTime:0.000711s ]

[ 2016-09-29T00:03:27+08:00 ] ::1 /ThinkPHP/?
INFO: [ app_init ] --START--
INFO: Run Behavior\BuildLiteBehavior [ RunTime:0.000025s ]
INFO: [ app_init ] --END-- [ RunTime:0.000573s ]
INFO: [ app_begin ] --START--
INFO: Run Behavior\ReadHtmlCacheBehavior [ RunTime:0.000878s ]
INFO: [ app_begin ] --END-- [ RunTime:0.001033s ]
INFO: [ view_parse ] --START--
INFO: [ template_filter ] --START--
INFO: Run Behavior\ContentReplaceBehavior [ RunTime:0.000059s ]
INFO: [ template_filter ] --END-- [ RunTime:0.000154s ]
NOTIC: [8] Undefined variable: navbar C:\wamp\www\ThinkPHP\App\Runtime\Cache\Home\b65fd5c808205a9ead04a1d4d9013416.php 第 27 行.
NOTIC: [2] Invalid argument supplied for foreach() C:\wamp\www\ThinkPHP\App\Runtime\Cache\Home\b65fd5c808205a9ead04a1d4d9013416.php 第 27 行.
SQL: SHOW COLUMNS FROM `5000_navbar` [ RunTime:0.0096s ]
SQL: SELECT * FROM `5000_navbar` ORDER BY nav_index  [ RunTime:0.0004s ]
INFO: Run Behavior\ParseTemplateBehavior [ RunTime:0.039011s ]
INFO: [ view_parse ] --END-- [ RunTime:0.039122s ]
INFO: [ view_filter ] --START--
INFO: Run Behavior\WriteHtmlCacheBehavior [ RunTime:0.000481s ]
INFO: [ view_filter ] --END-- [ RunTime:0.000623s ]
INFO: [ app_end ] --START--
INFO: Run Behavior\ShowPageTraceBehavior [ RunTime:0.000565s ]
INFO: [ app_end ] --END-- [ RunTime:0.000654s ]

[ 2016-09-29T00:03:28+08:00 ] ::1 /ThinkPHP/?
INFO: [ app_init ] --START--
INFO: Run Behavior\BuildLiteBehavior [ RunTime:0.000021s ]
INFO: [ app_init ] --END-- [ RunTime:0.000497s ]
INFO: [ app_begin ] --START--
INFO: Run Behavior\ReadHtmlCacheBehavior [ RunTime:0.000620s ]
INFO: [ app_begin ] --END-- [ RunTime:0.000785s ]
INFO: [ view_parse ] --START--
INFO: [ template_filter ] --START--
INFO: Run Behavior\ContentReplaceBehavior [ RunTime:0.000062s ]
INFO: [ template_filter ] --END-- [ RunTime:0.000183s ]
NOTIC: [8] Undefined variable: navbar C:\wamp\www\ThinkPHP\App\Runtime\Cache\Home\b65fd5c808205a9ead04a1d4d9013416.php 第 27 行.
NOTIC: [2] Invalid argument supplied for foreach() C:\wamp\www\ThinkPHP\App\Runtime\Cache\Home\b65fd5c808205a9ead04a1d4d9013416.php 第 27 行.
SQL: SHOW COLUMNS FROM `5000_navbar` [ RunTime:0.0082s ]
SQL: SELECT * FROM `5000_navbar` ORDER BY nav_index  [ RunTime:0.0003s ]
INFO: Run Behavior\ParseTemplateBehavior [ RunTime:0.028995s ]
INFO: [ view_parse ] --END-- [ RunTime:0.029104s ]
INFO: [ view_filter ] --START--
INFO: Run Behavior\WriteHtmlCacheBehavior [ RunTime:0.000531s ]
INFO: [ view_filter ] --END-- [ RunTime:0.000623s ]
INFO: [ app_end ] --START--
INFO: Run Behavior\ShowPageTraceBehavior [ RunTime:0.000661s ]
INFO: [ app_end ] --END-- [ RunTime:0.000807s ]

[ 2016-09-29T00:03:32+08:00 ] ::1 /ThinkPHP/?
INFO: [ app_init ] --START--
INFO: Run Behavior\BuildLiteBehavior [ RunTime:0.000022s ]
INFO: [ app_init ] --END-- [ RunTime:0.000482s ]
INFO: [ app_begin ] --START--
INFO: Run Behavior\ReadHtmlCacheBehavior [ RunTime:0.000640s ]
INFO: [ app_begin ] --END-- [ RunTime:0.000739s ]
INFO: [ view_parse ] --START--
INFO: [ template_filter ] --START--
INFO: Run Behavior\ContentReplaceBehavior [ RunTime:0.000055s ]
INFO: [ template_filter ] --END-- [ RunTime:0.000143s ]
NOTIC: [8] Undefined variable: navbar C:\wamp\www\ThinkPHP\App\Runtime\Cache\Home\b65fd5c808205a9ead04a1d4d9013416.php 第 27 行.
NOTIC: [2] Invalid argument supplied for foreach() C:\wamp\www\ThinkPHP\App\Runtime\Cache\Home\b65fd5c808205a9ead04a1d4d9013416.php 第 27 行.
SQL: SHOW COLUMNS FROM `5000_navbar` [ RunTime:0.0063s ]
SQL: SELECT * FROM `5000_navbar` ORDER BY nav_index  [ RunTime:0.0003s ]
INFO: Run Behavior\ParseTemplateBehavior [ RunTime:0.025902s ]
INFO: [ view_parse ] --END-- [ RunTime:0.025992s ]
INFO: [ view_filter ] --START--
INFO: Run Behavior\WriteHtmlCacheBehavior [ RunTime:0.000451s ]
INFO: [ view_filter ] --END-- [ RunTime:0.000540s ]
INFO: [ app_end ] --START--
INFO: Run Behavior\ShowPageTraceBehavior [ RunTime:0.000622s ]
INFO: [ app_end ] --END-- [ RunTime:0.000740s ]

[ 2016-09-29T00:04:17+08:00 ] ::1 /ThinkPHP/index.php?c=User&a=login
INFO: [ app_init ] --START--
INFO: Run Behavior\BuildLiteBehavior [ RunTime:0.000020s ]
INFO: [ app_init ] --END-- [ RunTime:0.000453s ]
INFO: [ app_begin ] --START--
INFO: Run Behavior\ReadHtmlCacheBehavior [ RunTime:0.000578s ]
INFO: [ app_begin ] --END-- [ RunTime:0.000672s ]
INFO: [ view_parse ] --START--
INFO: [ template_filter ] --START--
INFO: Run Behavior\ContentReplaceBehavior [ RunTime:0.000062s ]
INFO: [ template_filter ] --END-- [ RunTime:0.000165s ]
NOTIC: [8] Undefined variable: navbar C:\wamp\www\ThinkPHP\App\Runtime\Cache\Home\3f9d2b480676617fa8e79f1ae80a4954.php 第 27 行.
NOTIC: [2] Invalid argument supplied for foreach() C:\wamp\www\ThinkPHP\App\Runtime\Cache\Home\3f9d2b480676617fa8e79f1ae80a4954.php 第 27 行.
SQL: SHOW COLUMNS FROM `5000_navbar` [ RunTime:0.0075s ]
SQL: SELECT * FROM `5000_navbar` ORDER BY nav_index  [ RunTime:0.0004s ]
INFO: Run Behavior\ParseTemplateBehavior [ RunTime:0.035551s ]
INFO: [ view_parse ] --END-- [ RunTime:0.035640s ]
INFO: [ view_filter ] --START--
INFO: Run Behavior\WriteHtmlCacheBehavior [ RunTime:0.001013s ]
INFO: [ view_filter ] --END-- [ RunTime:0.001216s ]
INFO: [ app_end ] --START--
INFO: Run Behavior\ShowPageTraceBehavior [ RunTime:0.000760s ]
INFO: [ app_end ] --END-- [ RunTime:0.000855s ]

[ 2016-09-29T00:04:43+08:00 ] ::1 /ThinkPHP/index.php?c=User&a=login
INFO: [ app_init ] --START--
INFO: Run Behavior\BuildLiteBehavior [ RunTime:0.000021s ]
INFO: [ app_init ] --END-- [ RunTime:0.000594s ]
INFO: [ app_begin ] --START--
INFO: Run Behavior\ReadHtmlCacheBehavior [ RunTime:0.000653s ]
INFO: [ app_begin ] --END-- [ RunTime:0.000746s ]
INFO: [ view_parse ] --START--
INFO: [ template_filter ] --START--
INFO: Run Behavior\ContentReplaceBehavior [ RunTime:0.000062s ]
INFO: [ template_filter ] --END-- [ RunTime:0.000166s ]
NOTIC: [8] Undefined variable: navbar C:\wamp\www\ThinkPHP\App\Runtime\Cache\Home\3f9d2b480676617fa8e79f1ae80a4954.php 第 27 行.
NOTIC: [2] Invalid argument supplied for foreach() C:\wamp\www\ThinkPHP\App\Runtime\Cache\Home\3f9d2b480676617fa8e79f1ae80a4954.php 第 27 行.
SQL: SHOW COLUMNS FROM `5000_navbar` [ RunTime:0.0081s ]
SQL: SELECT * FROM `5000_navbar` ORDER BY nav_index  [ RunTime:0.0005s ]
INFO: Run Behavior\ParseTemplateBehavior [ RunTime:0.027663s ]
INFO: [ view_parse ] --END-- [ RunTime:0.027794s ]
INFO: [ view_filter ] --START--
INFO: Run Behavior\WriteHtmlCacheBehavior [ RunTime:0.000793s ]
INFO: [ view_filter ] --END-- [ RunTime:0.000920s ]
INFO: [ app_end ] --START--
INFO: Run Behavior\ShowPageTraceBehavior [ RunTime:0.000654s ]
INFO: [ app_end ] --END-- [ RunTime:0.000743s ]

[ 2016-09-29T00:21:47+08:00 ] ::1 /ThinkPHP/index.php?c=User&a=login
INFO: [ app_init ] --START--
INFO: Run Behavior\BuildLiteBehavior [ RunTime:0.000022s ]
INFO: [ app_init ] --END-- [ RunTime:0.000560s ]
INFO: [ app_begin ] --START--
INFO: Run Behavior\ReadHtmlCacheBehavior [ RunTime:0.000655s ]
INFO: [ app_begin ] --END-- [ RunTime:0.000749s ]
INFO: [ view_parse ] --START--
INFO: [ template_filter ] --START--
INFO: Run Behavior\ContentReplaceBehavior [ RunTime:0.000065s ]
INFO: [ template_filter ] --END-- [ RunTime:0.000185s ]
NOTIC: [8] Undefined variable: navbar C:\wamp\www\ThinkPHP\App\Runtime\Cache\Home\3f9d2b480676617fa8e79f1ae80a4954.php 第 27 行.
NOTIC: [2] Invalid argument supplied for foreach() C:\wamp\www\ThinkPHP\App\Runtime\Cache\Home\3f9d2b480676617fa8e79f1ae80a4954.php 第 27 行.
SQL: SHOW COLUMNS FROM `5000_navbar` [ RunTime:0.0083s ]
SQL: SELECT * FROM `5000_navbar` ORDER BY nav_index  [ RunTime:0.0003s ]
INFO: Run Behavior\ParseTemplateBehavior [ RunTime:0.028283s ]
INFO: [ view_parse ] --END-- [ RunTime:0.028414s ]
INFO: [ view_filter ] --START--
INFO: Run Behavior\WriteHtmlCacheBehavior [ RunTime:0.000437s ]
INFO: [ view_filter ] --END-- [ RunTime:0.000523s ]
INFO: [ app_end ] --START--
INFO: Run Behavior\ShowPageTraceBehavior [ RunTime:0.000629s ]
INFO: [ app_end ] --END-- [ RunTime:0.000719s ]

[ 2016-09-29T00:21:49+08:00 ] ::1 /ThinkPHP/index.php?c=User&a=login
INFO: [ app_init ] --START--
INFO: Run Behavior\BuildLiteBehavior [ RunTime:0.000021s ]
INFO: [ app_init ] --END-- [ RunTime:0.000478s ]
INFO: [ app_begin ] --START--
INFO: Run Behavior\ReadHtmlCacheBehavior [ RunTime:0.000547s ]
INFO: [ app_begin ] --END-- [ RunTime:0.000640s ]
INFO: [ view_parse ] --START--
INFO: [ template_filter ] --START--
INFO: Run Behavior\ContentReplaceBehavior [ RunTime:0.000086s ]
INFO: [ template_filter ] --END-- [ RunTime:0.000273s ]
NOTIC: [8] Undefined variable: navbar C:\wamp\www\ThinkPHP\App\Runtime\Cache\Home\3f9d2b480676617fa8e79f1ae80a4954.php 第 27 行.
NOTIC: [2] Invalid argument supplied for foreach() C:\wamp\www\ThinkPHP\App\Runtime\Cache\Home\3f9d2b480676617fa8e79f1ae80a4954.php 第 27 行.
SQL: SHOW COLUMNS FROM `5000_navbar` [ RunTime:0.0064s ]
SQL: SELECT * FROM `5000_navbar` ORDER BY nav_index  [ RunTime:0.0003s ]
INFO: Run Behavior\ParseTemplateBehavior [ RunTime:0.023972s ]
INFO: [ view_parse ] --END-- [ RunTime:0.024063s ]
INFO: [ view_filter ] --START--
INFO: Run Behavior\WriteHtmlCacheBehavior [ RunTime:0.000463s ]
INFO: [ view_filter ] --END-- [ RunTime:0.000550s ]
INFO: [ app_end ] --START--
INFO: Run Behavior\ShowPageTraceBehavior [ RunTime:0.000515s ]
INFO: [ app_end ] --END-- [ RunTime:0.000604s ]

[ 2016-09-29T00:22:11+08:00 ] ::1 /ThinkPHP/index.php?c=User&a=login
INFO: [ app_init ] --START--
INFO: Run Behavior\BuildLiteBehavior [ RunTime:0.000023s ]
INFO: [ app_init ] --END-- [ RunTime:0.000511s ]
INFO: [ app_begin ] --START--
INFO: Run Behavior\ReadHtmlCacheBehavior [ RunTime:0.000960s ]
INFO: [ app_begin ] --END-- [ RunTime:0.001104s ]
INFO: [ view_parse ] --START--
INFO: [ template_filter ] --START--
INFO: Run Behavior\ContentReplaceBehavior [ RunTime:0.000063s ]
INFO: [ template_filter ] --END-- [ RunTime:0.000159s ]
NOTIC: [8] Undefined variable: navbar C:\wamp\www\ThinkPHP\App\Runtime\Cache\Home\3f9d2b480676617fa8e79f1ae80a4954.php 第 27 行.
NOTIC: [2] Invalid argument supplied for foreach() C:\wamp\www\ThinkPHP\App\Runtime\Cache\Home\3f9d2b480676617fa8e79f1ae80a4954.php 第 27 行.
SQL: SHOW COLUMNS FROM `5000_navbar` [ RunTime:0.0079s ]
SQL: SELECT * FROM `5000_navbar` ORDER BY nav_index  [ RunTime:0.0003s ]
INFO: Run Behavior\ParseTemplateBehavior [ RunTime:0.037503s ]
INFO: [ view_parse ] --END-- [ RunTime:0.037592s ]
INFO: [ view_filter ] --START--
INFO: Run Behavior\WriteHtmlCacheBehavior [ RunTime:0.000595s ]
INFO: [ view_filter ] --END-- [ RunTime:0.000678s ]
INFO: [ app_end ] --START--
INFO: Run Behavior\ShowPageTraceBehavior [ RunTime:0.000691s ]
INFO: [ app_end ] --END-- [ RunTime:0.000775s ]

[ 2016-09-29T00:22:49+08:00 ] ::1 /ThinkPHP/index.php?c=User&a=login
INFO: [ app_init ] --START--
INFO: Run Behavior\BuildLiteBehavior [ RunTime:0.000025s ]
INFO: [ app_init ] --END-- [ RunTime:0.000555s ]
INFO: [ app_begin ] --START--
INFO: Run Behavior\ReadHtmlCacheBehavior [ RunTime:0.001016s ]
INFO: [ app_begin ] --END-- [ RunTime:0.001149s ]
INFO: [ view_parse ] --START--
INFO: [ template_filter ] --START--
INFO: Run Behavior\ContentReplaceBehavior [ RunTime:0.000064s ]
INFO: [ template_filter ] --END-- [ RunTime:0.000214s ]
NOTIC: [8] Undefined variable: navbar C:\wamp\www\ThinkPHP\App\Runtime\Cache\Home\3f9d2b480676617fa8e79f1ae80a4954.php 第 27 行.
NOTIC: [2] Invalid argument supplied for foreach() C:\wamp\www\ThinkPHP\App\Runtime\Cache\Home\3f9d2b480676617fa8e79f1ae80a4954.php 第 27 行.
SQL: SHOW COLUMNS FROM `5000_navbar` [ RunTime:0.0079s ]
SQL: SELECT * FROM `5000_navbar` ORDER BY nav_index  [ RunTime:0.0004s ]
INFO: Run Behavior\ParseTemplateBehavior [ RunTime:0.039063s ]
INFO: [ view_parse ] --END-- [ RunTime:0.039200s ]
INFO: [ view_filter ] --START--
INFO: Run Behavior\WriteHtmlCacheBehavior [ RunTime:0.000597s ]
INFO: [ view_filter ] --END-- [ RunTime:0.000710s ]
INFO: [ app_end ] --START--
INFO: Run Behavior\ShowPageTraceBehavior [ RunTime:0.000921s ]
INFO: [ app_end ] --END-- [ RunTime:0.001087s ]

[ 2016-09-29T00:22:55+08:00 ] ::1 /ThinkPHP/index.php?c=User&a=login
INFO: [ app_init ] --START--
INFO: Run Behavior\BuildLiteBehavior [ RunTime:0.000022s ]
INFO: [ app_init ] --END-- [ RunTime:0.000450s ]
INFO: [ app_begin ] --START--
INFO: Run Behavior\ReadHtmlCacheBehavior [ RunTime:0.000674s ]
INFO: [ app_begin ] --END-- [ RunTime:0.000775s ]
INFO: [ view_parse ] --START--
INFO: [ template_filter ] --START--
INFO: Run Behavior\ContentReplaceBehavior [ RunTime:0.000064s ]
INFO: [ template_filter ] --END-- [ RunTime:0.000199s ]
NOTIC: [8] Undefined variable: navbar C:\wamp\www\ThinkPHP\App\Runtime\Cache\Home\3f9d2b480676617fa8e79f1ae80a4954.php 第 27 行.
NOTIC: [2] Invalid argument supplied for foreach() C:\wamp\www\ThinkPHP\App\Runtime\Cache\Home\3f9d2b480676617fa8e79f1ae80a4954.php 第 27 行.
SQL: SHOW COLUMNS FROM `5000_navbar` [ RunTime:0.0070s ]
SQL: SELECT * FROM `5000_navbar` ORDER BY nav_index  [ RunTime:0.0004s ]
INFO: Run Behavior\ParseTemplateBehavior [ RunTime:0.038691s ]
INFO: [ view_parse ] --END-- [ RunTime:0.038785s ]
INFO: [ view_filter ] --START--
INFO: Run Behavior\WriteHtmlCacheBehavior [ RunTime:0.000574s ]
INFO: [ view_filter ] --END-- [ RunTime:0.000661s ]
INFO: [ app_end ] --START--
INFO: Run Behavior\ShowPageTraceBehavior [ RunTime:0.000541s ]
INFO: [ app_end ] --END-- [ RunTime:0.000628s ]

[ 2016-09-29T00:23:28+08:00 ] ::1 /ThinkPHP/index.php?c=User&a=login
INFO: [ app_init ] --START--
INFO: Run Behavior\BuildLiteBehavior [ RunTime:0.000021s ]
INFO: [ app_init ] --END-- [ RunTime:0.000548s ]
INFO: [ app_begin ] --START--
INFO: Run Behavior\ReadHtmlCacheBehavior [ RunTime:0.000695s ]
INFO: [ app_begin ] --END-- [ RunTime:0.000787s ]
INFO: [ view_parse ] --START--
INFO: [ template_filter ] --START--
INFO: Run Behavior\ContentReplaceBehavior [ RunTime:0.000062s ]
INFO: [ template_filter ] --END-- [ RunTime:0.000154s ]
NOTIC: [8] Undefined variable: navbar C:\wamp\www\ThinkPHP\App\Runtime\Cache\Home\3f9d2b480676617fa8e79f1ae80a4954.php 第 27 行.
NOTIC: [2] Invalid argument supplied for foreach() C:\wamp\www\ThinkPHP\App\Runtime\Cache\Home\3f9d2b480676617fa8e79f1ae80a4954.php 第 27 行.
SQL: SHOW COLUMNS FROM `5000_navbar` [ RunTime:0.0082s ]
SQL: SELECT * FROM `5000_navbar` ORDER BY nav_index  [ RunTime:0.0004s ]
INFO: Run Behavior\ParseTemplateBehavior [ RunTime:0.037513s ]
INFO: [ view_parse ] --END-- [ RunTime:0.037609s ]
INFO: [ view_filter ] --START--
INFO: Run Behavior\WriteHtmlCacheBehavior [ RunTime:0.000517s ]
INFO: [ view_filter ] --END-- [ RunTime:0.000625s ]
INFO: [ app_end ] --START--
INFO: Run Behavior\ShowPageTraceBehavior [ RunTime:0.000595s ]
INFO: [ app_end ] --END-- [ RunTime:0.000681s ]

[ 2016-09-29T00:23:49+08:00 ] ::1 /ThinkPHP/index.php?c=User&a=login
INFO: [ app_init ] --START--
INFO: Run Behavior\BuildLiteBehavior [ RunTime:0.000022s ]
INFO: [ app_init ] --END-- [ RunTime:0.000540s ]
INFO: [ app_begin ] --START--
INFO: Run Behavior\ReadHtmlCacheBehavior [ RunTime:0.000571s ]
INFO: [ app_begin ] --END-- [ RunTime:0.000755s ]
INFO: [ view_parse ] --START--
INFO: [ template_filter ] --START--
INFO: Run Behavior\ContentReplaceBehavior [ RunTime:0.000062s ]
INFO: [ template_filter ] --END-- [ RunTime:0.000155s ]
NOTIC: [8] Undefined variable: navbar C:\wamp\www\ThinkPHP\App\Runtime\Cache\Home\3f9d2b480676617fa8e79f1ae80a4954.php 第 27 行.
NOTIC: [2] Invalid argument supplied for foreach() C:\wamp\www\ThinkPHP\App\Runtime\Cache\Home\3f9d2b480676617fa8e79f1ae80a4954.php 第 27 行.
SQL: SHOW COLUMNS FROM `5000_navbar` [ RunTime:0.0072s ]
SQL: SELECT * FROM `5000_navbar` ORDER BY nav_index  [ RunTime:0.0005s ]
INFO: Run Behavior\ParseTemplateBehavior [ RunTime:0.026835s ]
INFO: [ view_parse ] --END-- [ RunTime:0.026951s ]
INFO: [ view_filter ] --START--
INFO: Run Behavior\WriteHtmlCacheBehavior [ RunTime:0.000474s ]
INFO: [ view_filter ] --END-- [ RunTime:0.000586s ]
INFO: [ app_end ] --START--
INFO: Run Behavior\ShowPageTraceBehavior [ RunTime:0.000781s ]
INFO: [ app_end ] --END-- [ RunTime:0.000952s ]

[ 2016-09-29T00:23:50+08:00 ] ::1 /ThinkPHP/index.php?c=User&a=login
INFO: [ app_init ] --START--
INFO: Run Behavior\BuildLiteBehavior [ RunTime:0.000023s ]
INFO: [ app_init ] --END-- [ RunTime:0.000731s ]
INFO: [ app_begin ] --START--
INFO: Run Behavior\ReadHtmlCacheBehavior [ RunTime:0.000737s ]
INFO: [ app_begin ] --END-- [ RunTime:0.000836s ]
INFO: [ view_parse ] --START--
INFO: [ template_filter ] --START--
INFO: Run Behavior\ContentReplaceBehavior [ RunTime:0.000149s ]
INFO: [ template_filter ] --END-- [ RunTime:0.000392s ]
NOTIC: [8] Undefined variable: navbar C:\wamp\www\ThinkPHP\App\Runtime\Cache\Home\3f9d2b480676617fa8e79f1ae80a4954.php 第 27 行.
NOTIC: [2] Invalid argument supplied for foreach() C:\wamp\www\ThinkPHP\App\Runtime\Cache\Home\3f9d2b480676617fa8e79f1ae80a4954.php 第 27 行.
SQL: SHOW COLUMNS FROM `5000_navbar` [ RunTime:0.0087s ]
SQL: SELECT * FROM `5000_navbar` ORDER BY nav_index  [ RunTime:0.0003s ]
INFO: Run Behavior\ParseTemplateBehavior [ RunTime:0.033844s ]
INFO: [ view_parse ] --END-- [ RunTime:0.033956s ]
INFO: [ view_filter ] --START--
INFO: Run Behavior\WriteHtmlCacheBehavior [ RunTime:0.000558s ]
INFO: [ view_filter ] --END-- [ RunTime:0.000697s ]
INFO: [ app_end ] --START--
INFO: Run Behavior\ShowPageTraceBehavior [ RunTime:0.000538s ]
INFO: [ app_end ] --END-- [ RunTime:0.000647s ]

[ 2016-09-29T00:24:39+08:00 ] ::1 /ThinkPHP/index.php?
INFO: [ app_init ] --START--
INFO: Run Behavior\BuildLiteBehavior [ RunTime:0.000019s ]
INFO: [ app_init ] --END-- [ RunTime:0.000439s ]
INFO: [ app_begin ] --START--
INFO: Run Behavior\ReadHtmlCacheBehavior [ RunTime:0.000481s ]
INFO: [ app_begin ] --END-- [ RunTime:0.000621s ]
INFO: [ view_parse ] --START--
INFO: [ template_filter ] --START--
INFO: Run Behavior\ContentReplaceBehavior [ RunTime:0.000127s ]
INFO: [ template_filter ] --END-- [ RunTime:0.000358s ]
NOTIC: [8] Undefined variable: navbar C:\wamp\www\ThinkPHP\App\Runtime\Cache\Home\b65fd5c808205a9ead04a1d4d9013416.php 第 27 行.
NOTIC: [2] Invalid argument supplied for foreach() C:\wamp\www\ThinkPHP\App\Runtime\Cache\Home\b65fd5c808205a9ead04a1d4d9013416.php 第 27 行.
SQL: SHOW COLUMNS FROM `5000_navbar` [ RunTime:0.0077s ]
SQL: SELECT * FROM `5000_navbar` ORDER BY nav_index  [ RunTime:0.0004s ]
INFO: Run Behavior\ParseTemplateBehavior [ RunTime:0.042751s ]
INFO: [ view_parse ] --END-- [ RunTime:0.042844s ]
INFO: [ view_filter ] --START--
INFO: Run Behavior\WriteHtmlCacheBehavior [ RunTime:0.000426s ]
INFO: [ view_filter ] --END-- [ RunTime:0.000517s ]
INFO: [ app_end ] --START--
INFO: Run Behavior\ShowPageTraceBehavior [ RunTime:0.000903s ]
INFO: [ app_end ] --END-- [ RunTime:0.001006s ]

[ 2016-09-29T00:25:19+08:00 ] ::1 /ThinkPHP/index.php?c=User&a=login
INFO: [ app_init ] --START--
INFO: Run Behavior\BuildLiteBehavior [ RunTime:0.000021s ]
INFO: [ app_init ] --END-- [ RunTime:0.000495s ]
INFO: [ app_begin ] --START--
INFO: Run Behavior\ReadHtmlCacheBehavior [ RunTime:0.000770s ]
INFO: [ app_begin ] --END-- [ RunTime:0.000874s ]
INFO: [ view_parse ] --START--
INFO: [ template_filter ] --START--
INFO: Run Behavior\ContentReplaceBehavior [ RunTime:0.000098s ]
INFO: [ template_filter ] --END-- [ RunTime:0.000253s ]
NOTIC: [8] Undefined variable: navbar C:\wamp\www\ThinkPHP\App\Runtime\Cache\Home\3f9d2b480676617fa8e79f1ae80a4954.php 第 27 行.
NOTIC: [2] Invalid argument supplied for foreach() C:\wamp\www\ThinkPHP\App\Runtime\Cache\Home\3f9d2b480676617fa8e79f1ae80a4954.php 第 27 行.
SQL: SHOW COLUMNS FROM `5000_navbar` [ RunTime:0.0081s ]
SQL: SELECT * FROM `5000_navbar` ORDER BY nav_index  [ RunTime:0.0004s ]
INFO: Run Behavior\ParseTemplateBehavior [ RunTime:0.032882s ]
INFO: [ view_parse ] --END-- [ RunTime:0.032980s ]
INFO: [ view_filter ] --START--
INFO: Run Behavior\WriteHtmlCacheBehavior [ RunTime:0.000874s ]
INFO: [ view_filter ] --END-- [ RunTime:0.000964s ]
INFO: [ app_end ] --START--
INFO: Run Behavior\ShowPageTraceBehavior [ RunTime:0.000671s ]
INFO: [ app_end ] --END-- [ RunTime:0.000762s ]

[ 2016-09-29T00:25:20+08:00 ] ::1 /ThinkPHP/index.php?c=User&a=login
INFO: [ app_init ] --START--
INFO: Run Behavior\BuildLiteBehavior [ RunTime:0.000024s ]
INFO: [ app_init ] --END-- [ RunTime:0.000683s ]
INFO: [ app_begin ] --START--
INFO: Run Behavior\ReadHtmlCacheBehavior [ RunTime:0.000537s ]
INFO: [ app_begin ] --END-- [ RunTime:0.000638s ]
INFO: [ view_parse ] --START--
INFO: [ template_filter ] --START--
INFO: Run Behavior\ContentReplaceBehavior [ RunTime:0.000062s ]
INFO: [ template_filter ] --END-- [ RunTime:0.000159s ]
NOTIC: [8] Undefined variable: navbar C:\wamp\www\ThinkPHP\App\Runtime\Cache\Home\3f9d2b480676617fa8e79f1ae80a4954.php 第 27 行.
NOTIC: [2] Invalid argument supplied for foreach() C:\wamp\www\ThinkPHP\App\Runtime\Cache\Home\3f9d2b480676617fa8e79f1ae80a4954.php 第 27 行.
SQL: SHOW COLUMNS FROM `5000_navbar` [ RunTime:0.0072s ]
SQL: SELECT * FROM `5000_navbar` ORDER BY nav_index  [ RunTime:0.0003s ]
INFO: Run Behavior\ParseTemplateBehavior [ RunTime:0.035928s ]
INFO: [ view_parse ] --END-- [ RunTime:0.036020s ]
INFO: [ view_filter ] --START--
INFO: Run Behavior\WriteHtmlCacheBehavior [ RunTime:0.000581s ]
INFO: [ view_filter ] --END-- [ RunTime:0.000705s ]
INFO: [ app_end ] --START--
INFO: Run Behavior\ShowPageTraceBehavior [ RunTime:0.000713s ]
INFO: [ app_end ] --END-- [ RunTime:0.000911s ]

[ 2016-09-29T00:25:20+08:00 ] ::1 /ThinkPHP/index.php?c=User&a=login
INFO: [ app_init ] --START--
INFO: Run Behavior\BuildLiteBehavior [ RunTime:0.000021s ]
INFO: [ app_init ] --END-- [ RunTime:0.000461s ]
INFO: [ app_begin ] --START--
INFO: Run Behavior\ReadHtmlCacheBehavior [ RunTime:0.000566s ]
INFO: [ app_begin ] --END-- [ RunTime:0.000671s ]
INFO: [ view_parse ] --START--
INFO: [ template_filter ] --START--
INFO: Run Behavior\ContentReplaceBehavior [ RunTime:0.000064s ]
INFO: [ template_filter ] --END-- [ RunTime:0.000167s ]
NOTIC: [8] Undefined variable: navbar C:\wamp\www\ThinkPHP\App\Runtime\Cache\Home\3f9d2b480676617fa8e79f1ae80a4954.php 第 27 行.
NOTIC: [2] Invalid argument supplied for foreach() C:\wamp\www\ThinkPHP\App\Runtime\Cache\Home\3f9d2b480676617fa8e79f1ae80a4954.php 第 27 行.
SQL: SHOW COLUMNS FROM `5000_navbar` [ RunTime:0.0064s ]
SQL: SELECT * FROM `5000_navbar` ORDER BY nav_index  [ RunTime:0.0004s ]
INFO: Run Behavior\ParseTemplateBehavior [ RunTime:0.036013s ]
INFO: [ view_parse ] --END-- [ RunTime:0.036112s ]
INFO: [ view_filter ] --START--
INFO: Run Behavior\WriteHtmlCacheBehavior [ RunTime:0.000901s ]
INFO: [ view_filter ] --END-- [ RunTime:0.001096s ]
INFO: [ app_end ] --START--
INFO: Run Behavior\ShowPageTraceBehavior [ RunTime:0.001138s ]
INFO: [ app_end ] --END-- [ RunTime:0.001273s ]

[ 2016-09-29T00:25:21+08:00 ] ::1 /ThinkPHP/index.php?c=User&a=login
INFO: [ app_init ] --START--
INFO: Run Behavior\BuildLiteBehavior [ RunTime:0.000023s ]
INFO: [ app_init ] --END-- [ RunTime:0.000532s ]
INFO: [ app_begin ] --START--
INFO: Run Behavior\ReadHtmlCacheBehavior [ RunTime:0.000542s ]
INFO: [ app_begin ] --END-- [ RunTime:0.000667s ]
INFO: [ view_parse ] --START--
INFO: [ template_filter ] --START--
INFO: Run Behavior\ContentReplaceBehavior [ RunTime:0.000087s ]
INFO: [ template_filter ] --END-- [ RunTime:0.000203s ]
NOTIC: [8] Undefined variable: navbar C:\wamp\www\ThinkPHP\App\Runtime\Cache\Home\3f9d2b480676617fa8e79f1ae80a4954.php 第 27 行.
NOTIC: [2] Invalid argument supplied for foreach() C:\wamp\www\ThinkPHP\App\Runtime\Cache\Home\3f9d2b480676617fa8e79f1ae80a4954.php 第 27 行.
SQL: SHOW COLUMNS FROM `5000_navbar` [ RunTime:0.0065s ]
SQL: SELECT * FROM `5000_navbar` ORDER BY nav_index  [ RunTime:0.0003s ]
INFO: Run Behavior\ParseTemplateBehavior [ RunTime:0.026763s ]
INFO: [ view_parse ] --END-- [ RunTime:0.026861s ]
INFO: [ view_filter ] --START--
INFO: Run Behavior\WriteHtmlCacheBehavior [ RunTime:0.000589s ]
INFO: [ view_filter ] --END-- [ RunTime:0.000676s ]
INFO: [ app_end ] --START--
INFO: Run Behavior\ShowPageTraceBehavior [ RunTime:0.000600s ]
INFO: [ app_end ] --END-- [ RunTime:0.000722s ]

[ 2016-09-29T00:25:21+08:00 ] ::1 /ThinkPHP/index.php?c=User&a=login
INFO: [ app_init ] --START--
INFO: Run Behavior\BuildLiteBehavior [ RunTime:0.000080s ]
INFO: [ app_init ] --END-- [ RunTime:0.000600s ]
INFO: [ app_begin ] --START--
INFO: Run Behavior\ReadHtmlCacheBehavior [ RunTime:0.000652s ]
INFO: [ app_begin ] --END-- [ RunTime:0.000752s ]
INFO: [ view_parse ] --START--
INFO: [ template_filter ] --START--
INFO: Run Behavior\ContentReplaceBehavior [ RunTime:0.000064s ]
INFO: [ template_filter ] --END-- [ RunTime:0.000190s ]
NOTIC: [8] Undefined variable: navbar C:\wamp\www\ThinkPHP\App\Runtime\Cache\Home\3f9d2b480676617fa8e79f1ae80a4954.php 第 27 行.
NOTIC: [2] Invalid argument supplied for foreach() C:\wamp\www\ThinkPHP\App\Runtime\Cache\Home\3f9d2b480676617fa8e79f1ae80a4954.php 第 27 行.
SQL: SHOW COLUMNS FROM `5000_navbar` [ RunTime:0.0093s ]
SQL: SELECT * FROM `5000_navbar` ORDER BY nav_index  [ RunTime:0.0003s ]
INFO: Run Behavior\ParseTemplateBehavior [ RunTime:0.039746s ]
INFO: [ view_parse ] --END-- [ RunTime:0.039862s ]
INFO: [ view_filter ] --START--
INFO: Run Behavior\WriteHtmlCacheBehavior [ RunTime:0.000636s ]
INFO: [ view_filter ] --END-- [ RunTime:0.000732s ]
INFO: [ app_end ] --START--
INFO: Run Behavior\ShowPageTraceBehavior [ RunTime:0.000685s ]
INFO: [ app_end ] --END-- [ RunTime:0.000804s ]

[ 2016-09-29T00:25:26+08:00 ] ::1 /ThinkPHP/index.php?c=User&a=login
INFO: [ app_init ] --START--
INFO: Run Behavior\BuildLiteBehavior [ RunTime:0.000022s ]
INFO: [ app_init ] --END-- [ RunTime:0.000594s ]
INFO: [ app_begin ] --START--
INFO: Run Behavior\ReadHtmlCacheBehavior [ RunTime:0.000663s ]
INFO: [ app_begin ] --END-- [ RunTime:0.000790s ]
INFO: [ view_parse ] --START--
INFO: [ template_filter ] --START--
INFO: Run Behavior\ContentReplaceBehavior [ RunTime:0.000061s ]
INFO: [ template_filter ] --END-- [ RunTime:0.000157s ]
NOTIC: [8] Undefined variable: navbar C:\wamp\www\ThinkPHP\App\Runtime\Cache\Home\3f9d2b480676617fa8e79f1ae80a4954.php 第 27 行.
NOTIC: [2] Invalid argument supplied for foreach() C:\wamp\www\ThinkPHP\App\Runtime\Cache\Home\3f9d2b480676617fa8e79f1ae80a4954.php 第 27 行.
SQL: SHOW COLUMNS FROM `5000_navbar` [ RunTime:0.0068s ]
SQL: SELECT * FROM `5000_navbar` ORDER BY nav_index  [ RunTime:0.0003s ]
INFO: Run Behavior\ParseTemplateBehavior [ RunTime:0.027140s ]
INFO: [ view_parse ] --END-- [ RunTime:0.027276s ]
INFO: [ view_filter ] --START--
INFO: Run Behavior\WriteHtmlCacheBehavior [ RunTime:0.000636s ]
INFO: [ view_filter ] --END-- [ RunTime:0.000725s ]
INFO: [ app_end ] --START--
INFO: Run Behavior\ShowPageTraceBehavior [ RunTime:0.000534s ]
INFO: [ app_end ] --END-- [ RunTime:0.000671s ]

[ 2016-09-29T00:25:26+08:00 ] ::1 /ThinkPHP/index.php?
INFO: [ app_init ] --START--
INFO: Run Behavior\BuildLiteBehavior [ RunTime:0.000027s ]
INFO: [ app_init ] --END-- [ RunTime:0.000548s ]
INFO: [ app_begin ] --START--
INFO: Run Behavior\ReadHtmlCacheBehavior [ RunTime:0.000569s ]
INFO: [ app_begin ] --END-- [ RunTime:0.000661s ]
INFO: [ view_parse ] --START--
INFO: [ template_filter ] --START--
INFO: Run Behavior\ContentReplaceBehavior [ RunTime:0.000095s ]
INFO: [ template_filter ] --END-- [ RunTime:0.000246s ]
NOTIC: [8] Undefined variable: navbar C:\wamp\www\ThinkPHP\App\Runtime\Cache\Home\b65fd5c808205a9ead04a1d4d9013416.php 第 27 行.
NOTIC: [2] Invalid argument supplied for foreach() C:\wamp\www\ThinkPHP\App\Runtime\Cache\Home\b65fd5c808205a9ead04a1d4d9013416.php 第 27 行.
SQL: SHOW COLUMNS FROM `5000_navbar` [ RunTime:0.0073s ]
SQL: SELECT * FROM `5000_navbar` ORDER BY nav_index  [ RunTime:0.0004s ]
INFO: Run Behavior\ParseTemplateBehavior [ RunTime:0.038192s ]
INFO: [ view_parse ] --END-- [ RunTime:0.038371s ]
INFO: [ view_filter ] --START--
INFO: Run Behavior\WriteHtmlCacheBehavior [ RunTime:0.001152s ]
INFO: [ view_filter ] --END-- [ RunTime:0.001348s ]
INFO: [ app_end ] --START--
INFO: Run Behavior\ShowPageTraceBehavior [ RunTime:0.002020s ]
INFO: [ app_end ] --END-- [ RunTime:0.002272s ]

[ 2016-09-29T00:25:32+08:00 ] ::1 /ThinkPHP/index.php?c=User&a=login
INFO: [ app_init ] --START--
INFO: Run Behavior\BuildLiteBehavior [ RunTime:0.000020s ]
INFO: [ app_init ] --END-- [ RunTime:0.000385s ]
INFO: [ app_begin ] --START--
INFO: Run Behavior\ReadHtmlCacheBehavior [ RunTime:0.000478s ]
INFO: [ app_begin ] --END-- [ RunTime:0.000600s ]
INFO: [ view_parse ] --START--
INFO: [ template_filter ] --START--
INFO: Run Behavior\ContentReplaceBehavior [ RunTime:0.000060s ]
INFO: [ template_filter ] --END-- [ RunTime:0.000157s ]
NOTIC: [8] Undefined variable: navbar C:\wamp\www\ThinkPHP\App\Runtime\Cache\Home\3f9d2b480676617fa8e79f1ae80a4954.php 第 27 行.
NOTIC: [2] Invalid argument supplied for foreach() C:\wamp\www\ThinkPHP\App\Runtime\Cache\Home\3f9d2b480676617fa8e79f1ae80a4954.php 第 27 行.
SQL: SHOW COLUMNS FROM `5000_navbar` [ RunTime:0.0090s ]
SQL: SELECT * FROM `5000_navbar` ORDER BY nav_index  [ RunTime:0.0004s ]
INFO: Run Behavior\ParseTemplateBehavior [ RunTime:0.033625s ]
INFO: [ view_parse ] --END-- [ RunTime:0.033718s ]
INFO: [ view_filter ] --START--
INFO: Run Behavior\WriteHtmlCacheBehavior [ RunTime:0.000741s ]
INFO: [ view_filter ] --END-- [ RunTime:0.000902s ]
INFO: [ app_end ] --START--
INFO: Run Behavior\ShowPageTraceBehavior [ RunTime:0.000714s ]
INFO: [ app_end ] --END-- [ RunTime:0.000893s ]

[ 2016-09-29T00:25:33+08:00 ] ::1 /ThinkPHP/index.php?
INFO: [ app_init ] --START--
INFO: Run Behavior\BuildLiteBehavior [ RunTime:0.000020s ]
INFO: [ app_init ] --END-- [ RunTime:0.000520s ]
INFO: [ app_begin ] --START--
INFO: Run Behavior\ReadHtmlCacheBehavior [ RunTime:0.000619s ]
INFO: [ app_begin ] --END-- [ RunTime:0.000715s ]
INFO: [ view_parse ] --START--
INFO: [ template_filter ] --START--
INFO: Run Behavior\ContentReplaceBehavior [ RunTime:0.000059s ]
INFO: [ template_filter ] --END-- [ RunTime:0.000151s ]
NOTIC: [8] Undefined variable: navbar C:\wamp\www\ThinkPHP\App\Runtime\Cache\Home\b65fd5c808205a9ead04a1d4d9013416.php 第 27 行.
NOTIC: [2] Invalid argument supplied for foreach() C:\wamp\www\ThinkPHP\App\Runtime\Cache\Home\b65fd5c808205a9ead04a1d4d9013416.php 第 27 行.
SQL: SHOW COLUMNS FROM `5000_navbar` [ RunTime:0.0065s ]
SQL: SELECT * FROM `5000_navbar` ORDER BY nav_index  [ RunTime:0.0004s ]
INFO: Run Behavior\ParseTemplateBehavior [ RunTime:0.025832s ]
INFO: [ view_parse ] --END-- [ RunTime:0.025925s ]
INFO: [ view_filter ] --START--
INFO: Run Behavior\WriteHtmlCacheBehavior [ RunTime:0.000595s ]
INFO: [ view_filter ] --END-- [ RunTime:0.000682s ]
INFO: [ app_end ] --START--
INFO: Run Behavior\ShowPageTraceBehavior [ RunTime:0.000658s ]
INFO: [ app_end ] --END-- [ RunTime:0.000746s ]

[ 2016-09-29T00:25:52+08:00 ] ::1 /ThinkPHP/index.php?
INFO: [ app_init ] --START--
INFO: Run Behavior\BuildLiteBehavior [ RunTime:0.000020s ]
INFO: [ app_init ] --END-- [ RunTime:0.000433s ]
INFO: [ app_begin ] --START--
INFO: Run Behavior\ReadHtmlCacheBehavior [ RunTime:0.001831s ]
INFO: [ app_begin ] --END-- [ RunTime:0.002161s ]
INFO: [ view_parse ] --START--
INFO: [ template_filter ] --START--
INFO: Run Behavior\ContentReplaceBehavior [ RunTime:0.000062s ]
INFO: [ template_filter ] --END-- [ RunTime:0.000161s ]
NOTIC: [8] Undefined variable: navbar C:\wamp\www\ThinkPHP\App\Runtime\Cache\Home\b65fd5c808205a9ead04a1d4d9013416.php 第 27 行.
NOTIC: [2] Invalid argument supplied for foreach() C:\wamp\www\ThinkPHP\App\Runtime\Cache\Home\b65fd5c808205a9ead04a1d4d9013416.php 第 27 行.
SQL: SHOW COLUMNS FROM `5000_navbar` [ RunTime:0.0089s ]
SQL: SELECT * FROM `5000_navbar` ORDER BY nav_index  [ RunTime:0.0004s ]
INFO: Run Behavior\ParseTemplateBehavior [ RunTime:0.041131s ]
INFO: [ view_parse ] --END-- [ RunTime:0.041232s ]
INFO: [ view_filter ] --START--
INFO: Run Behavior\WriteHtmlCacheBehavior [ RunTime:0.000704s ]
INFO: [ view_filter ] --END-- [ RunTime:0.000816s ]
INFO: [ app_end ] --START--
INFO: Run Behavior\ShowPageTraceBehavior [ RunTime:0.000580s ]
INFO: [ app_end ] --END-- [ RunTime:0.000673s ]

[ 2016-09-29T00:25:56+08:00 ] ::1 /ThinkPHP/index.php?c=User&a=login
INFO: [ app_init ] --START--
INFO: Run Behavior\BuildLiteBehavior [ RunTime:0.000022s ]
INFO: [ app_init ] --END-- [ RunTime:0.000656s ]
INFO: [ app_begin ] --START--
INFO: Run Behavior\ReadHtmlCacheBehavior [ RunTime:0.000713s ]
INFO: [ app_begin ] --END-- [ RunTime:0.000852s ]
INFO: [ view_parse ] --START--
INFO: [ template_filter ] --START--
INFO: Run Behavior\ContentReplaceBehavior [ RunTime:0.000078s ]
INFO: [ template_filter ] --END-- [ RunTime:0.000201s ]
NOTIC: [8] Undefined variable: navbar C:\wamp\www\ThinkPHP\App\Runtime\Cache\Home\3f9d2b480676617fa8e79f1ae80a4954.php 第 27 行.
NOTIC: [2] Invalid argument supplied for foreach() C:\wamp\www\ThinkPHP\App\Runtime\Cache\Home\3f9d2b480676617fa8e79f1ae80a4954.php 第 27 行.
SQL: SHOW COLUMNS FROM `5000_navbar` [ RunTime:0.0068s ]
SQL: SELECT * FROM `5000_navbar` ORDER BY nav_index  [ RunTime:0.0005s ]
INFO: Run Behavior\ParseTemplateBehavior [ RunTime:0.038151s ]
INFO: [ view_parse ] --END-- [ RunTime:0.038334s ]
INFO: [ view_filter ] --START--
INFO: Run Behavior\WriteHtmlCacheBehavior [ RunTime:0.001518s ]
INFO: [ view_filter ] --END-- [ RunTime:0.001826s ]
INFO: [ app_end ] --START--
INFO: Run Behavior\ShowPageTraceBehavior [ RunTime:0.001935s ]
INFO: [ app_end ] --END-- [ RunTime:0.002179s ]

[ 2016-09-29T00:25:57+08:00 ] ::1 /ThinkPHP/index.php?c=User&a=login
INFO: [ app_init ] --START--
INFO: Run Behavior\BuildLiteBehavior [ RunTime:0.000021s ]
INFO: [ app_init ] --END-- [ RunTime:0.000661s ]
INFO: [ app_begin ] --START--
INFO: Run Behavior\ReadHtmlCacheBehavior [ RunTime:0.000503s ]
INFO: [ app_begin ] --END-- [ RunTime:0.000597s ]
INFO: [ view_parse ] --START--
INFO: [ template_filter ] --START--
INFO: Run Behavior\ContentReplaceBehavior [ RunTime:0.000064s ]
INFO: [ template_filter ] --END-- [ RunTime:0.000160s ]
NOTIC: [8] Undefined variable: navbar C:\wamp\www\ThinkPHP\App\Runtime\Cache\Home\3f9d2b480676617fa8e79f1ae80a4954.php 第 27 行.
NOTIC: [2] Invalid argument supplied for foreach() C:\wamp\www\ThinkPHP\App\Runtime\Cache\Home\3f9d2b480676617fa8e79f1ae80a4954.php 第 27 行.
SQL: SHOW COLUMNS FROM `5000_navbar` [ RunTime:0.0076s ]
SQL: SELECT * FROM `5000_navbar` ORDER BY nav_index  [ RunTime:0.0004s ]
INFO: Run Behavior\ParseTemplateBehavior [ RunTime:0.039754s ]
INFO: [ view_parse ] --END-- [ RunTime:0.040094s ]
INFO: [ view_filter ] --START--
INFO: Run Behavior\WriteHtmlCacheBehavior [ RunTime:0.000999s ]
INFO: [ view_filter ] --END-- [ RunTime:0.001205s ]
INFO: [ app_end ] --START--
INFO: Run Behavior\ShowPageTraceBehavior [ RunTime:0.000749s ]
INFO: [ app_end ] --END-- [ RunTime:0.000907s ]

[ 2016-09-29T00:25:58+08:00 ] ::1 /ThinkPHP/index.php?c=User&a=login
INFO: [ app_init ] --START--
INFO: Run Behavior\BuildLiteBehavior [ RunTime:0.000020s ]
INFO: [ app_init ] --END-- [ RunTime:0.000460s ]
INFO: [ app_begin ] --START--
INFO: Run Behavior\ReadHtmlCacheBehavior [ RunTime:0.000591s ]
INFO: [ app_begin ] --END-- [ RunTime:0.000702s ]
INFO: [ view_parse ] --START--
INFO: [ template_filter ] --START--
INFO: Run Behavior\ContentReplaceBehavior [ RunTime:0.000063s ]
INFO: [ template_filter ] --END-- [ RunTime:0.000164s ]
NOTIC: [8] Undefined variable: navbar C:\wamp\www\ThinkPHP\App\Runtime\Cache\Home\3f9d2b480676617fa8e79f1ae80a4954.php 第 27 行.
NOTIC: [2] Invalid argument supplied for foreach() C:\wamp\www\ThinkPHP\App\Runtime\Cache\Home\3f9d2b480676617fa8e79f1ae80a4954.php 第 27 行.
SQL: SHOW COLUMNS FROM `5000_navbar` [ RunTime:0.0085s ]
SQL: SELECT * FROM `5000_navbar` ORDER BY nav_index  [ RunTime:0.0003s ]
INFO: Run Behavior\ParseTemplateBehavior [ RunTime:0.030822s ]
INFO: [ view_parse ] --END-- [ RunTime:0.030912s ]
INFO: [ view_filter ] --START--
INFO: Run Behavior\WriteHtmlCacheBehavior [ RunTime:0.000584s ]
INFO: [ view_filter ] --END-- [ RunTime:0.000668s ]
INFO: [ app_end ] --START--
INFO: Run Behavior\ShowPageTraceBehavior [ RunTime:0.000623s ]
INFO: [ app_end ] --END-- [ RunTime:0.000709s ]

[ 2016-09-29T00:25:59+08:00 ] ::1 /ThinkPHP/index.php?c=User&a=login
INFO: [ app_init ] --START--
INFO: Run Behavior\BuildLiteBehavior [ RunTime:0.000021s ]
INFO: [ app_init ] --END-- [ RunTime:0.000643s ]
INFO: [ app_begin ] --START--
INFO: Run Behavior\ReadHtmlCacheBehavior [ RunTime:0.000649s ]
INFO: [ app_begin ] --END-- [ RunTime:0.000755s ]
INFO: [ view_parse ] --START--
INFO: [ template_filter ] --START--
INFO: Run Behavior\ContentReplaceBehavior [ RunTime:0.000065s ]
INFO: [ template_filter ] --END-- [ RunTime:0.000162s ]
NOTIC: [8] Undefined variable: navbar C:\wamp\www\ThinkPHP\App\Runtime\Cache\Home\3f9d2b480676617fa8e79f1ae80a4954.php 第 27 行.
NOTIC: [2] Invalid argument supplied for foreach() C:\wamp\www\ThinkPHP\App\Runtime\Cache\Home\3f9d2b480676617fa8e79f1ae80a4954.php 第 27 行.
SQL: SHOW COLUMNS FROM `5000_navbar` [ RunTime:0.0077s ]
SQL: SELECT * FROM `5000_navbar` ORDER BY nav_index  [ RunTime:0.0003s ]
INFO: Run Behavior\ParseTemplateBehavior [ RunTime:0.037305s ]
INFO: [ view_parse ] --END-- [ RunTime:0.037403s ]
INFO: [ view_filter ] --START--
INFO: Run Behavior\WriteHtmlCacheBehavior [ RunTime:0.000578s ]
INFO: [ view_filter ] --END-- [ RunTime:0.000666s ]
INFO: [ app_end ] --START--
INFO: Run Behavior\ShowPageTraceBehavior [ RunTime:0.000731s ]
INFO: [ app_end ] --END-- [ RunTime:0.000861s ]

[ 2016-09-29T00:25:59+08:00 ] ::1 /ThinkPHP/index.php?c=User&a=login
INFO: [ app_init ] --START--
INFO: Run Behavior\BuildLiteBehavior [ RunTime:0.000021s ]
INFO: [ app_init ] --END-- [ RunTime:0.000520s ]
INFO: [ app_begin ] --START--
INFO: Run Behavior\ReadHtmlCacheBehavior [ RunTime:0.000656s ]
INFO: [ app_begin ] --END-- [ RunTime:0.000768s ]
INFO: [ view_parse ] --START--
INFO: [ template_filter ] --START--
INFO: Run Behavior\ContentReplaceBehavior [ RunTime:0.000063s ]
INFO: [ template_filter ] --END-- [ RunTime:0.000221s ]
NOTIC: [8] Undefined variable: navbar C:\wamp\www\ThinkPHP\App\Runtime\Cache\Home\3f9d2b480676617fa8e79f1ae80a4954.php 第 27 行.
NOTIC: [2] Invalid argument supplied for foreach() C:\wamp\www\ThinkPHP\App\Runtime\Cache\Home\3f9d2b480676617fa8e79f1ae80a4954.php 第 27 行.
SQL: SHOW COLUMNS FROM `5000_navbar` [ RunTime:0.0069s ]
SQL: SELECT * FROM `5000_navbar` ORDER BY nav_index  [ RunTime:0.0003s ]
INFO: Run Behavior\ParseTemplateBehavior [ RunTime:0.027104s ]
INFO: [ view_parse ] --END-- [ RunTime:0.027198s ]
INFO: [ view_filter ] --START--
INFO: Run Behavior\WriteHtmlCacheBehavior [ RunTime:0.000614s ]
INFO: [ view_filter ] --END-- [ RunTime:0.000699s ]
INFO: [ app_end ] --START--
INFO: Run Behavior\ShowPageTraceBehavior [ RunTime:0.000554s ]
INFO: [ app_end ] --END-- [ RunTime:0.000640s ]

[ 2016-09-29T00:25:59+08:00 ] ::1 /ThinkPHP/index.php?c=User&a=login
INFO: [ app_init ] --START--
INFO: Run Behavior\BuildLiteBehavior [ RunTime:0.000021s ]
INFO: [ app_init ] --END-- [ RunTime:0.000538s ]
INFO: [ app_begin ] --START--
INFO: Run Behavior\ReadHtmlCacheBehavior [ RunTime:0.000982s ]
INFO: [ app_begin ] --END-- [ RunTime:0.001162s ]
INFO: [ view_parse ] --START--
INFO: [ template_filter ] --START--
INFO: Run Behavior\ContentReplaceBehavior [ RunTime:0.000146s ]
INFO: [ template_filter ] --END-- [ RunTime:0.000267s ]
NOTIC: [8] Undefined variable: navbar C:\wamp\www\ThinkPHP\App\Runtime\Cache\Home\3f9d2b480676617fa8e79f1ae80a4954.php 第 27 行.
NOTIC: [2] Invalid argument supplied for foreach() C:\wamp\www\ThinkPHP\App\Runtime\Cache\Home\3f9d2b480676617fa8e79f1ae80a4954.php 第 27 行.
SQL: SHOW COLUMNS FROM `5000_navbar` [ RunTime:0.0073s ]
SQL: SELECT * FROM `5000_navbar` ORDER BY nav_index  [ RunTime:0.0004s ]
INFO: Run Behavior\ParseTemplateBehavior [ RunTime:0.027740s ]
INFO: [ view_parse ] --END-- [ RunTime:0.027833s ]
INFO: [ view_filter ] --START--
INFO: Run Behavior\WriteHtmlCacheBehavior [ RunTime:0.000633s ]
INFO: [ view_filter ] --END-- [ RunTime:0.000718s ]
INFO: [ app_end ] --START--
INFO: Run Behavior\ShowPageTraceBehavior [ RunTime:0.000582s ]
INFO: [ app_end ] --END-- [ RunTime:0.000711s ]

[ 2016-09-29T00:25:59+08:00 ] ::1 /ThinkPHP/index.php?c=User&a=login
INFO: [ app_init ] --START--
INFO: Run Behavior\BuildLiteBehavior [ RunTime:0.000021s ]
INFO: [ app_init ] --END-- [ RunTime:0.000501s ]
INFO: [ app_begin ] --START--
INFO: Run Behavior\ReadHtmlCacheBehavior [ RunTime:0.000771s ]
INFO: [ app_begin ] --END-- [ RunTime:0.000900s ]
INFO: [ view_parse ] --START--
INFO: [ template_filter ] --START--
INFO: Run Behavior\ContentReplaceBehavior [ RunTime:0.000064s ]
INFO: [ template_filter ] --END-- [ RunTime:0.000163s ]
NOTIC: [8] Undefined variable: navbar C:\wamp\www\ThinkPHP\App\Runtime\Cache\Home\3f9d2b480676617fa8e79f1ae80a4954.php 第 27 行.
NOTIC: [2] Invalid argument supplied for foreach() C:\wamp\www\ThinkPHP\App\Runtime\Cache\Home\3f9d2b480676617fa8e79f1ae80a4954.php 第 27 行.
SQL: SHOW COLUMNS FROM `5000_navbar` [ RunTime:0.0074s ]
SQL: SELECT * FROM `5000_navbar` ORDER BY nav_index  [ RunTime:0.0006s ]
INFO: Run Behavior\ParseTemplateBehavior [ RunTime:0.039700s ]
INFO: [ view_parse ] --END-- [ RunTime:0.039839s ]
INFO: [ view_filter ] --START--
INFO: Run Behavior\WriteHtmlCacheBehavior [ RunTime:0.000690s ]
INFO: [ view_filter ] --END-- [ RunTime:0.000807s ]
INFO: [ app_end ] --START--
INFO: Run Behavior\ShowPageTraceBehavior [ RunTime:0.000515s ]
INFO: [ app_end ] --END-- [ RunTime:0.000602s ]

[ 2016-09-29T00:26:00+08:00 ] ::1 /ThinkPHP/index.php?c=User&a=login
INFO: [ app_init ] --START--
INFO: Run Behavior\BuildLiteBehavior [ RunTime:0.000021s ]
INFO: [ app_init ] --END-- [ RunTime:0.000591s ]
INFO: [ app_begin ] --START--
INFO: Run Behavior\ReadHtmlCacheBehavior [ RunTime:0.000552s ]
INFO: [ app_begin ] --END-- [ RunTime:0.000645s ]
INFO: [ view_parse ] --START--
INFO: [ template_filter ] --START--
INFO: Run Behavior\ContentReplaceBehavior [ RunTime:0.000065s ]
INFO: [ template_filter ] --END-- [ RunTime:0.000165s ]
NOTIC: [8] Undefined variable: navbar C:\wamp\www\ThinkPHP\App\Runtime\Cache\Home\3f9d2b480676617fa8e79f1ae80a4954.php 第 27 行.
NOTIC: [2] Invalid argument supplied for foreach() C:\wamp\www\ThinkPHP\App\Runtime\Cache\Home\3f9d2b480676617fa8e79f1ae80a4954.php 第 27 行.
SQL: SHOW COLUMNS FROM `5000_navbar` [ RunTime:0.0069s ]
SQL: SELECT * FROM `5000_navbar` ORDER BY nav_index  [ RunTime:0.0003s ]
INFO: Run Behavior\ParseTemplateBehavior [ RunTime:0.031084s ]
INFO: [ view_parse ] --END-- [ RunTime:0.031175s ]
INFO: [ view_filter ] --START--
INFO: Run Behavior\WriteHtmlCacheBehavior [ RunTime:0.000628s ]
INFO: [ view_filter ] --END-- [ RunTime:0.000718s ]
INFO: [ app_end ] --START--
INFO: Run Behavior\ShowPageTraceBehavior [ RunTime:0.000888s ]
INFO: [ app_end ] --END-- [ RunTime:0.001002s ]

[ 2016-09-29T00:26:00+08:00 ] ::1 /ThinkPHP/index.php?c=User&a=login
INFO: [ app_init ] --START--
INFO: Run Behavior\BuildLiteBehavior [ RunTime:0.000023s ]
INFO: [ app_init ] --END-- [ RunTime:0.000562s ]
INFO: [ app_begin ] --START--
INFO: Run Behavior\ReadHtmlCacheBehavior [ RunTime:0.000729s ]
INFO: [ app_begin ] --END-- [ RunTime:0.000829s ]
INFO: [ view_parse ] --START--
INFO: [ template_filter ] --START--
INFO: Run Behavior\ContentReplaceBehavior [ RunTime:0.000116s ]
INFO: [ template_filter ] --END-- [ RunTime:0.000256s ]
NOTIC: [8] Undefined variable: navbar C:\wamp\www\ThinkPHP\App\Runtime\Cache\Home\3f9d2b480676617fa8e79f1ae80a4954.php 第 27 行.
NOTIC: [2] Invalid argument supplied for foreach() C:\wamp\www\ThinkPHP\App\Runtime\Cache\Home\3f9d2b480676617fa8e79f1ae80a4954.php 第 27 行.
SQL: SHOW COLUMNS FROM `5000_navbar` [ RunTime:0.0113s ]
SQL: SELECT * FROM `5000_navbar` ORDER BY nav_index  [ RunTime:0.0004s ]
INFO: Run Behavior\ParseTemplateBehavior [ RunTime:0.041822s ]
INFO: [ view_parse ] --END-- [ RunTime:0.041913s ]
INFO: [ view_filter ] --START--
INFO: Run Behavior\WriteHtmlCacheBehavior [ RunTime:0.000639s ]
INFO: [ view_filter ] --END-- [ RunTime:0.000725s ]
INFO: [ app_end ] --START--
INFO: Run Behavior\ShowPageTraceBehavior [ RunTime:0.000561s ]
INFO: [ app_end ] --END-- [ RunTime:0.000648s ]

[ 2016-09-29T00:26:00+08:00 ] ::1 /ThinkPHP/index.php?c=User&a=login
INFO: [ app_init ] --START--
INFO: Run Behavior\BuildLiteBehavior [ RunTime:0.000063s ]
INFO: [ app_init ] --END-- [ RunTime:0.001122s ]
INFO: [ app_begin ] --START--
INFO: Run Behavior\ReadHtmlCacheBehavior [ RunTime:0.000547s ]
INFO: [ app_begin ] --END-- [ RunTime:0.000646s ]
INFO: [ view_parse ] --START--
INFO: [ template_filter ] --START--
INFO: Run Behavior\ContentReplaceBehavior [ RunTime:0.000070s ]
INFO: [ template_filter ] --END-- [ RunTime:0.000190s ]
NOTIC: [8] Undefined variable: navbar C:\wamp\www\ThinkPHP\App\Runtime\Cache\Home\3f9d2b480676617fa8e79f1ae80a4954.php 第 27 行.
NOTIC: [2] Invalid argument supplied for foreach() C:\wamp\www\ThinkPHP\App\Runtime\Cache\Home\3f9d2b480676617fa8e79f1ae80a4954.php 第 27 行.
SQL: SHOW COLUMNS FROM `5000_navbar` [ RunTime:0.0069s ]
SQL: SELECT * FROM `5000_navbar` ORDER BY nav_index  [ RunTime:0.0004s ]
INFO: Run Behavior\ParseTemplateBehavior [ RunTime:0.037259s ]
INFO: [ view_parse ] --END-- [ RunTime:0.037375s ]
INFO: [ view_filter ] --START--
INFO: Run Behavior\WriteHtmlCacheBehavior [ RunTime:0.000649s ]
INFO: [ view_filter ] --END-- [ RunTime:0.000737s ]
INFO: [ app_end ] --START--
INFO: Run Behavior\ShowPageTraceBehavior [ RunTime:0.001189s ]
INFO: [ app_end ] --END-- [ RunTime:0.001445s ]

[ 2016-09-29T00:33:00+08:00 ] ::1 /ThinkPHP/index.php?c=User&a=login
INFO: [ app_init ] --START--
INFO: Run Behavior\BuildLiteBehavior [ RunTime:0.000026s ]
INFO: [ app_init ] --END-- [ RunTime:0.000500s ]
INFO: [ app_begin ] --START--
INFO: Run Behavior\ReadHtmlCacheBehavior [ RunTime:0.001703s ]
INFO: [ app_begin ] --END-- [ RunTime:0.002006s ]
INFO: [ view_parse ] --START--
INFO: [ template_filter ] --START--
INFO: Run Behavior\ContentReplaceBehavior [ RunTime:0.000146s ]
INFO: [ template_filter ] --END-- [ RunTime:0.000337s ]
NOTIC: [8] Undefined variable: navbar C:\wamp\www\ThinkPHP\App\Runtime\Cache\Home\3f9d2b480676617fa8e79f1ae80a4954.php 第 27 行.
NOTIC: [2] Invalid argument supplied for foreach() C:\wamp\www\ThinkPHP\App\Runtime\Cache\Home\3f9d2b480676617fa8e79f1ae80a4954.php 第 27 行.
SQL: SHOW COLUMNS FROM `5000_navbar` [ RunTime:0.0068s ]
SQL: SELECT * FROM `5000_navbar` ORDER BY nav_index  [ RunTime:0.0004s ]
INFO: Run Behavior\ParseTemplateBehavior [ RunTime:0.029164s ]
INFO: [ view_parse ] --END-- [ RunTime:0.029255s ]
INFO: [ view_filter ] --START--
INFO: Run Behavior\WriteHtmlCacheBehavior [ RunTime:0.000761s ]
INFO: [ view_filter ] --END-- [ RunTime:0.000852s ]
INFO: [ app_end ] --START--
INFO: Run Behavior\ShowPageTraceBehavior [ RunTime:0.001021s ]
INFO: [ app_end ] --END-- [ RunTime:0.001139s ]

[ 2016-09-29T00:33:02+08:00 ] ::1 /ThinkPHP/index.php?c=User&a=login
INFO: [ app_init ] --START--
INFO: Run Behavior\BuildLiteBehavior [ RunTime:0.000023s ]
INFO: [ app_init ] --END-- [ RunTime:0.000483s ]
INFO: [ app_begin ] --START--
INFO: Run Behavior\ReadHtmlCacheBehavior [ RunTime:0.000642s ]
INFO: [ app_begin ] --END-- [ RunTime:0.000758s ]
INFO: [ view_parse ] --START--
INFO: [ template_filter ] --START--
INFO: Run Behavior\ContentReplaceBehavior [ RunTime:0.000063s ]
INFO: [ template_filter ] --END-- [ RunTime:0.000157s ]
NOTIC: [8] Undefined variable: navbar C:\wamp\www\ThinkPHP\App\Runtime\Cache\Home\3f9d2b480676617fa8e79f1ae80a4954.php 第 27 行.
NOTIC: [2] Invalid argument supplied for foreach() C:\wamp\www\ThinkPHP\App\Runtime\Cache\Home\3f9d2b480676617fa8e79f1ae80a4954.php 第 27 行.
SQL: SHOW COLUMNS FROM `5000_navbar` [ RunTime:0.0099s ]
SQL: SELECT * FROM `5000_navbar` ORDER BY nav_index  [ RunTime:0.0005s ]
INFO: Run Behavior\ParseTemplateBehavior [ RunTime:0.039649s ]
INFO: [ view_parse ] --END-- [ RunTime:0.039837s ]
INFO: [ view_filter ] --START--
INFO: Run Behavior\WriteHtmlCacheBehavior [ RunTime:0.001333s ]
INFO: [ view_filter ] --END-- [ RunTime:0.001496s ]
INFO: [ app_end ] --START--
INFO: Run Behavior\ShowPageTraceBehavior [ RunTime:0.000827s ]
INFO: [ app_end ] --END-- [ RunTime:0.000989s ]

[ 2016-09-29T00:33:03+08:00 ] ::1 /ThinkPHP/index.php?c=User&a=login
INFO: [ app_init ] --START--
INFO: Run Behavior\BuildLiteBehavior [ RunTime:0.000021s ]
INFO: [ app_init ] --END-- [ RunTime:0.000560s ]
INFO: [ app_begin ] --START--
INFO: Run Behavior\ReadHtmlCacheBehavior [ RunTime:0.000495s ]
INFO: [ app_begin ] --END-- [ RunTime:0.000591s ]
INFO: [ view_parse ] --START--
INFO: [ template_filter ] --START--
INFO: Run Behavior\ContentReplaceBehavior [ RunTime:0.000119s ]
INFO: [ template_filter ] --END-- [ RunTime:0.000218s ]
NOTIC: [8] Undefined variable: navbar C:\wamp\www\ThinkPHP\App\Runtime\Cache\Home\3f9d2b480676617fa8e79f1ae80a4954.php 第 27 行.
NOTIC: [2] Invalid argument supplied for foreach() C:\wamp\www\ThinkPHP\App\Runtime\Cache\Home\3f9d2b480676617fa8e79f1ae80a4954.php 第 27 行.
SQL: SHOW COLUMNS FROM `5000_navbar` [ RunTime:0.0064s ]
SQL: SELECT * FROM `5000_navbar` ORDER BY nav_index  [ RunTime:0.0004s ]
INFO: Run Behavior\ParseTemplateBehavior [ RunTime:0.036872s ]
INFO: [ view_parse ] --END-- [ RunTime:0.037004s ]
INFO: [ view_filter ] --START--
INFO: Run Behavior\WriteHtmlCacheBehavior [ RunTime:0.000625s ]
INFO: [ view_filter ] --END-- [ RunTime:0.000728s ]
INFO: [ app_end ] --START--
INFO: Run Behavior\ShowPageTraceBehavior [ RunTime:0.000508s ]
INFO: [ app_end ] --END-- [ RunTime:0.000594s ]

[ 2016-09-29T00:35:31+08:00 ] ::1 /ThinkPHP/index.php?c=User&a=login
INFO: [ app_init ] --START--
INFO: Run Behavior\BuildLiteBehavior [ RunTime:0.000023s ]
INFO: [ app_init ] --END-- [ RunTime:0.000728s ]
INFO: [ app_begin ] --START--
INFO: Run Behavior\ReadHtmlCacheBehavior [ RunTime:0.000806s ]
INFO: [ app_begin ] --END-- [ RunTime:0.000932s ]
INFO: [ view_parse ] --START--
INFO: [ template_filter ] --START--
INFO: Run Behavior\ContentReplaceBehavior [ RunTime:0.000079s ]
INFO: [ template_filter ] --END-- [ RunTime:0.000199s ]
NOTIC: [8] Undefined variable: navbar C:\wamp\www\ThinkPHP\App\Runtime\Cache\Home\3f9d2b480676617fa8e79f1ae80a4954.php 第 27 行.
NOTIC: [2] Invalid argument supplied for foreach() C:\wamp\www\ThinkPHP\App\Runtime\Cache\Home\3f9d2b480676617fa8e79f1ae80a4954.php 第 27 行.
SQL: SHOW COLUMNS FROM `5000_navbar` [ RunTime:0.0109s ]
SQL: SELECT * FROM `5000_navbar` ORDER BY nav_index  [ RunTime:0.0004s ]
INFO: Run Behavior\ParseTemplateBehavior [ RunTime:0.040415s ]
INFO: [ view_parse ] --END-- [ RunTime:0.040563s ]
INFO: [ view_filter ] --START--
INFO: Run Behavior\WriteHtmlCacheBehavior [ RunTime:0.000699s ]
INFO: [ view_filter ] --END-- [ RunTime:0.000846s ]
INFO: [ app_end ] --START--
INFO: Run Behavior\ShowPageTraceBehavior [ RunTime:0.001108s ]
INFO: [ app_end ] --END-- [ RunTime:0.001320s ]

[ 2016-09-29T00:35:32+08:00 ] ::1 /ThinkPHP/index.php?c=User&a=login
INFO: [ app_init ] --START--
INFO: Run Behavior\BuildLiteBehavior [ RunTime:0.000061s ]
INFO: [ app_init ] --END-- [ RunTime:0.000515s ]
INFO: [ app_begin ] --START--
INFO: Run Behavior\ReadHtmlCacheBehavior [ RunTime:0.000621s ]
INFO: [ app_begin ] --END-- [ RunTime:0.000749s ]
INFO: [ view_parse ] --START--
INFO: [ template_filter ] --START--
INFO: Run Behavior\ContentReplaceBehavior [ RunTime:0.000115s ]
INFO: [ template_filter ] --END-- [ RunTime:0.000275s ]
NOTIC: [8] Undefined variable: navbar C:\wamp\www\ThinkPHP\App\Runtime\Cache\Home\3f9d2b480676617fa8e79f1ae80a4954.php 第 27 行.
NOTIC: [2] Invalid argument supplied for foreach() C:\wamp\www\ThinkPHP\App\Runtime\Cache\Home\3f9d2b480676617fa8e79f1ae80a4954.php 第 27 行.
SQL: SHOW COLUMNS FROM `5000_navbar` [ RunTime:0.0064s ]
SQL: SELECT * FROM `5000_navbar` ORDER BY nav_index  [ RunTime:0.0004s ]
INFO: Run Behavior\ParseTemplateBehavior [ RunTime:0.036422s ]
INFO: [ view_parse ] --END-- [ RunTime:0.036548s ]
INFO: [ view_filter ] --START--
INFO: Run Behavior\WriteHtmlCacheBehavior [ RunTime:0.000887s ]
INFO: [ view_filter ] --END-- [ RunTime:0.000979s ]
INFO: [ app_end ] --START--
INFO: Run Behavior\ShowPageTraceBehavior [ RunTime:0.000735s ]
INFO: [ app_end ] --END-- [ RunTime:0.000893s ]

[ 2016-09-29T00:36:47+08:00 ] ::1 /ThinkPHP/index.php?c=User&a=login
INFO: [ app_init ] --START--
INFO: Run Behavior\BuildLiteBehavior [ RunTime:0.000021s ]
INFO: [ app_init ] --END-- [ RunTime:0.000544s ]
INFO: [ app_begin ] --START--
INFO: Run Behavior\ReadHtmlCacheBehavior [ RunTime:0.000561s ]
INFO: [ app_begin ] --END-- [ RunTime:0.000656s ]
INFO: [ view_parse ] --START--
INFO: [ template_filter ] --START--
INFO: Run Behavior\ContentReplaceBehavior [ RunTime:0.000065s ]
INFO: [ template_filter ] --END-- [ RunTime:0.000166s ]
NOTIC: [8] Undefined variable: navbar C:\wamp\www\ThinkPHP\App\Runtime\Cache\Home\3f9d2b480676617fa8e79f1ae80a4954.php 第 27 行.
NOTIC: [2] Invalid argument supplied for foreach() C:\wamp\www\ThinkPHP\App\Runtime\Cache\Home\3f9d2b480676617fa8e79f1ae80a4954.php 第 27 行.
SQL: SHOW COLUMNS FROM `5000_navbar` [ RunTime:0.0071s ]
SQL: SELECT * FROM `5000_navbar` ORDER BY nav_index  [ RunTime:0.0004s ]
INFO: Run Behavior\ParseTemplateBehavior [ RunTime:0.035630s ]
INFO: [ view_parse ] --END-- [ RunTime:0.035722s ]
INFO: [ view_filter ] --START--
INFO: Run Behavior\WriteHtmlCacheBehavior [ RunTime:0.000666s ]
INFO: [ view_filter ] --END-- [ RunTime:0.000750s ]
INFO: [ app_end ] --START--
INFO: Run Behavior\ShowPageTraceBehavior [ RunTime:0.000570s ]
INFO: [ app_end ] --END-- [ RunTime:0.000718s ]

[ 2016-09-29T00:36:49+08:00 ] ::1 /ThinkPHP/index.php?c=User&a=login
INFO: [ app_init ] --START--
INFO: Run Behavior\BuildLiteBehavior [ RunTime:0.000023s ]
INFO: [ app_init ] --END-- [ RunTime:0.000455s ]
INFO: [ app_begin ] --START--
INFO: Run Behavior\ReadHtmlCacheBehavior [ RunTime:0.000484s ]
INFO: [ app_begin ] --END-- [ RunTime:0.000580s ]
INFO: [ view_parse ] --START--
INFO: [ template_filter ] --START--
INFO: Run Behavior\ContentReplaceBehavior [ RunTime:0.000057s ]
INFO: [ template_filter ] --END-- [ RunTime:0.000230s ]
NOTIC: [8] Undefined variable: navbar C:\wamp\www\ThinkPHP\App\Runtime\Cache\Home\3f9d2b480676617fa8e79f1ae80a4954.php 第 27 行.
NOTIC: [2] Invalid argument supplied for foreach() C:\wamp\www\ThinkPHP\App\Runtime\Cache\Home\3f9d2b480676617fa8e79f1ae80a4954.php 第 27 行.
SQL: SHOW COLUMNS FROM `5000_navbar` [ RunTime:0.0073s ]
SQL: SELECT * FROM `5000_navbar` ORDER BY nav_index  [ RunTime:0.0003s ]
INFO: Run Behavior\ParseTemplateBehavior [ RunTime:0.036623s ]
INFO: [ view_parse ] --END-- [ RunTime:0.036712s ]
INFO: [ view_filter ] --START--
INFO: Run Behavior\WriteHtmlCacheBehavior [ RunTime:0.000506s ]
INFO: [ view_filter ] --END-- [ RunTime:0.000590s ]
INFO: [ app_end ] --START--
INFO: Run Behavior\ShowPageTraceBehavior [ RunTime:0.000433s ]
INFO: [ app_end ] --END-- [ RunTime:0.000522s ]

[ 2016-09-29T00:36:49+08:00 ] ::1 /ThinkPHP/index.php?c=User&a=login
INFO: [ app_init ] --START--
INFO: Run Behavior\BuildLiteBehavior [ RunTime:0.000042s ]
INFO: [ app_init ] --END-- [ RunTime:0.000499s ]
INFO: [ app_begin ] --START--
INFO: Run Behavior\ReadHtmlCacheBehavior [ RunTime:0.000451s ]
INFO: [ app_begin ] --END-- [ RunTime:0.000545s ]
INFO: [ view_parse ] --START--
INFO: [ template_filter ] --START--
INFO: Run Behavior\ContentReplaceBehavior [ RunTime:0.000070s ]
INFO: [ template_filter ] --END-- [ RunTime:0.000182s ]
NOTIC: [8] Undefined variable: navbar C:\wamp\www\ThinkPHP\App\Runtime\Cache\Home\3f9d2b480676617fa8e79f1ae80a4954.php 第 27 行.
NOTIC: [2] Invalid argument supplied for foreach() C:\wamp\www\ThinkPHP\App\Runtime\Cache\Home\3f9d2b480676617fa8e79f1ae80a4954.php 第 27 行.
SQL: SHOW COLUMNS FROM `5000_navbar` [ RunTime:0.0066s ]
SQL: SELECT * FROM `5000_navbar` ORDER BY nav_index  [ RunTime:0.0004s ]
INFO: Run Behavior\ParseTemplateBehavior [ RunTime:0.030816s ]
INFO: [ view_parse ] --END-- [ RunTime:0.030909s ]
INFO: [ view_filter ] --START--
INFO: Run Behavior\WriteHtmlCacheBehavior [ RunTime:0.000575s ]
INFO: [ view_filter ] --END-- [ RunTime:0.000663s ]
INFO: [ app_end ] --START--
INFO: Run Behavior\ShowPageTraceBehavior [ RunTime:0.000599s ]
INFO: [ app_end ] --END-- [ RunTime:0.000687s ]

[ 2016-09-29T00:36:50+08:00 ] ::1 /ThinkPHP/index.php?c=User&a=login
INFO: [ app_init ] --START--
INFO: Run Behavior\BuildLiteBehavior [ RunTime:0.000020s ]
INFO: [ app_init ] --END-- [ RunTime:0.000519s ]
INFO: [ app_begin ] --START--
INFO: Run Behavior\ReadHtmlCacheBehavior [ RunTime:0.000552s ]
INFO: [ app_begin ] --END-- [ RunTime:0.000651s ]
INFO: [ view_parse ] --START--
INFO: [ template_filter ] --START--
INFO: Run Behavior\ContentReplaceBehavior [ RunTime:0.000060s ]
INFO: [ template_filter ] --END-- [ RunTime:0.000156s ]
NOTIC: [8] Undefined variable: navbar C:\wamp\www\ThinkPHP\App\Runtime\Cache\Home\3f9d2b480676617fa8e79f1ae80a4954.php 第 27 行.
NOTIC: [2] Invalid argument supplied for foreach() C:\wamp\www\ThinkPHP\App\Runtime\Cache\Home\3f9d2b480676617fa8e79f1ae80a4954.php 第 27 行.
SQL: SHOW COLUMNS FROM `5000_navbar` [ RunTime:0.0064s ]
SQL: SELECT * FROM `5000_navbar` ORDER BY nav_index  [ RunTime:0.0003s ]
INFO: Run Behavior\ParseTemplateBehavior [ RunTime:0.027918s ]
INFO: [ view_parse ] --END-- [ RunTime:0.028007s ]
INFO: [ view_filter ] --START--
INFO: Run Behavior\WriteHtmlCacheBehavior [ RunTime:0.000611s ]
INFO: [ view_filter ] --END-- [ RunTime:0.000697s ]
INFO: [ app_end ] --START--
INFO: Run Behavior\ShowPageTraceBehavior [ RunTime:0.000562s ]
INFO: [ app_end ] --END-- [ RunTime:0.000648s ]

[ 2016-09-29T00:36:50+08:00 ] ::1 /ThinkPHP/index.php?c=User&a=login
INFO: [ app_init ] --START--
INFO: Run Behavior\BuildLiteBehavior [ RunTime:0.000025s ]
INFO: [ app_init ] --END-- [ RunTime:0.000442s ]
INFO: [ app_begin ] --START--
INFO: Run Behavior\ReadHtmlCacheBehavior [ RunTime:0.000581s ]
INFO: [ app_begin ] --END-- [ RunTime:0.000710s ]
INFO: [ view_parse ] --START--
INFO: [ template_filter ] --START--
INFO: Run Behavior\ContentReplaceBehavior [ RunTime:0.000059s ]
INFO: [ template_filter ] --END-- [ RunTime:0.000150s ]
NOTIC: [8] Undefined variable: navbar C:\wamp\www\ThinkPHP\App\Runtime\Cache\Home\3f9d2b480676617fa8e79f1ae80a4954.php 第 27 行.
NOTIC: [2] Invalid argument supplied for foreach() C:\wamp\www\ThinkPHP\App\Runtime\Cache\Home\3f9d2b480676617fa8e79f1ae80a4954.php 第 27 行.
SQL: SHOW COLUMNS FROM `5000_navbar` [ RunTime:0.0078s ]
SQL: SELECT * FROM `5000_navbar` ORDER BY nav_index  [ RunTime:0.0003s ]
INFO: Run Behavior\ParseTemplateBehavior [ RunTime:0.037006s ]
INFO: [ view_parse ] --END-- [ RunTime:0.037113s ]
INFO: [ view_filter ] --START--
INFO: Run Behavior\WriteHtmlCacheBehavior [ RunTime:0.000543s ]
INFO: [ view_filter ] --END-- [ RunTime:0.000625s ]
INFO: [ app_end ] --START--
INFO: Run Behavior\ShowPageTraceBehavior [ RunTime:0.000605s ]
INFO: [ app_end ] --END-- [ RunTime:0.000689s ]

[ 2016-09-29T00:36:50+08:00 ] ::1 /ThinkPHP/index.php?c=User&a=login
INFO: [ app_init ] --START--
INFO: Run Behavior\BuildLiteBehavior [ RunTime:0.000021s ]
INFO: [ app_init ] --END-- [ RunTime:0.000577s ]
INFO: [ app_begin ] --START--
INFO: Run Behavior\ReadHtmlCacheBehavior [ RunTime:0.000504s ]
INFO: [ app_begin ] --END-- [ RunTime:0.000631s ]
INFO: [ view_parse ] --START--
INFO: [ template_filter ] --START--
INFO: Run Behavior\ContentReplaceBehavior [ RunTime:0.000062s ]
INFO: [ template_filter ] --END-- [ RunTime:0.000153s ]
NOTIC: [8] Undefined variable: navbar C:\wamp\www\ThinkPHP\App\Runtime\Cache\Home\3f9d2b480676617fa8e79f1ae80a4954.php 第 27 行.
NOTIC: [2] Invalid argument supplied for foreach() C:\wamp\www\ThinkPHP\App\Runtime\Cache\Home\3f9d2b480676617fa8e79f1ae80a4954.php 第 27 行.
SQL: SHOW COLUMNS FROM `5000_navbar` [ RunTime:0.0063s ]
SQL: SELECT * FROM `5000_navbar` ORDER BY nav_index  [ RunTime:0.0004s ]
INFO: Run Behavior\ParseTemplateBehavior [ RunTime:0.027395s ]
INFO: [ view_parse ] --END-- [ RunTime:0.027567s ]
INFO: [ view_filter ] --START--
INFO: Run Behavior\WriteHtmlCacheBehavior [ RunTime:0.000960s ]
INFO: [ view_filter ] --END-- [ RunTime:0.001123s ]
INFO: [ app_end ] --START--
INFO: Run Behavior\ShowPageTraceBehavior [ RunTime:0.000522s ]
INFO: [ app_end ] --END-- [ RunTime:0.000616s ]

[ 2016-09-29T00:36:50+08:00 ] ::1 /ThinkPHP/index.php?c=User&a=login
INFO: [ app_init ] --START--
INFO: Run Behavior\BuildLiteBehavior [ RunTime:0.000020s ]
INFO: [ app_init ] --END-- [ RunTime:0.000586s ]
INFO: [ app_begin ] --START--
INFO: Run Behavior\ReadHtmlCacheBehavior [ RunTime:0.000558s ]
INFO: [ app_begin ] --END-- [ RunTime:0.000671s ]
INFO: [ view_parse ] --START--
INFO: [ template_filter ] --START--
INFO: Run Behavior\ContentReplaceBehavior [ RunTime:0.000110s ]
INFO: [ template_filter ] --END-- [ RunTime:0.000218s ]
NOTIC: [8] Undefined variable: navbar C:\wamp\www\ThinkPHP\App\Runtime\Cache\Home\3f9d2b480676617fa8e79f1ae80a4954.php 第 27 行.
NOTIC: [2] Invalid argument supplied for foreach() C:\wamp\www\ThinkPHP\App\Runtime\Cache\Home\3f9d2b480676617fa8e79f1ae80a4954.php 第 27 行.
SQL: SHOW COLUMNS FROM `5000_navbar` [ RunTime:0.0071s ]
SQL: SELECT * FROM `5000_navbar` ORDER BY nav_index  [ RunTime:0.0004s ]
INFO: Run Behavior\ParseTemplateBehavior [ RunTime:0.035160s ]
INFO: [ view_parse ] --END-- [ RunTime:0.035247s ]
INFO: [ view_filter ] --START--
INFO: Run Behavior\WriteHtmlCacheBehavior [ RunTime:0.000552s ]
INFO: [ view_filter ] --END-- [ RunTime:0.000635s ]
INFO: [ app_end ] --START--
INFO: Run Behavior\ShowPageTraceBehavior [ RunTime:0.000553s ]
INFO: [ app_end ] --END-- [ RunTime:0.000640s ]

[ 2016-09-29T00:36:51+08:00 ] ::1 /ThinkPHP/index.php?c=User&a=login
INFO: [ app_init ] --START--
INFO: Run Behavior\BuildLiteBehavior [ RunTime:0.000020s ]
INFO: [ app_init ] --END-- [ RunTime:0.000443s ]
INFO: [ app_begin ] --START--
INFO: Run Behavior\ReadHtmlCacheBehavior [ RunTime:0.000510s ]
INFO: [ app_begin ] --END-- [ RunTime:0.000610s ]
INFO: [ view_parse ] --START--
INFO: [ template_filter ] --START--
INFO: Run Behavior\ContentReplaceBehavior [ RunTime:0.000058s ]
INFO: [ template_filter ] --END-- [ RunTime:0.000147s ]
NOTIC: [8] Undefined variable: navbar C:\wamp\www\ThinkPHP\App\Runtime\Cache\Home\3f9d2b480676617fa8e79f1ae80a4954.php 第 27 行.
NOTIC: [2] Invalid argument supplied for foreach() C:\wamp\www\ThinkPHP\App\Runtime\Cache\Home\3f9d2b480676617fa8e79f1ae80a4954.php 第 27 行.
SQL: SHOW COLUMNS FROM `5000_navbar` [ RunTime:0.0073s ]
SQL: SELECT * FROM `5000_navbar` ORDER BY nav_index  [ RunTime:0.0003s ]
INFO: Run Behavior\ParseTemplateBehavior [ RunTime:0.035501s ]
INFO: [ view_parse ] --END-- [ RunTime:0.035590s ]
INFO: [ view_filter ] --START--
INFO: Run Behavior\WriteHtmlCacheBehavior [ RunTime:0.000582s ]
INFO: [ view_filter ] --END-- [ RunTime:0.000668s ]
INFO: [ app_end ] --START--
INFO: Run Behavior\ShowPageTraceBehavior [ RunTime:0.000572s ]
INFO: [ app_end ] --END-- [ RunTime:0.000659s ]

[ 2016-09-29T00:36:51+08:00 ] ::1 /ThinkPHP/index.php?c=User&a=login
INFO: [ app_init ] --START--
INFO: Run Behavior\BuildLiteBehavior [ RunTime:0.000021s ]
INFO: [ app_init ] --END-- [ RunTime:0.000490s ]
INFO: [ app_begin ] --START--
INFO: Run Behavior\ReadHtmlCacheBehavior [ RunTime:0.000596s ]
INFO: [ app_begin ] --END-- [ RunTime:0.000689s ]
INFO: [ view_parse ] --START--
INFO: [ template_filter ] --START--
INFO: Run Behavior\ContentReplaceBehavior [ RunTime:0.000142s ]
INFO: [ template_filter ] --END-- [ RunTime:0.000316s ]
NOTIC: [8] Undefined variable: navbar C:\wamp\www\ThinkPHP\App\Runtime\Cache\Home\3f9d2b480676617fa8e79f1ae80a4954.php 第 27 行.
NOTIC: [2] Invalid argument supplied for foreach() C:\wamp\www\ThinkPHP\App\Runtime\Cache\Home\3f9d2b480676617fa8e79f1ae80a4954.php 第 27 行.
SQL: SHOW COLUMNS FROM `5000_navbar` [ RunTime:0.0072s ]
SQL: SELECT * FROM `5000_navbar` ORDER BY nav_index  [ RunTime:0.0003s ]
INFO: Run Behavior\ParseTemplateBehavior [ RunTime:0.038115s ]
INFO: [ view_parse ] --END-- [ RunTime:0.038206s ]
INFO: [ view_filter ] --START--
INFO: Run Behavior\WriteHtmlCacheBehavior [ RunTime:0.000612s ]
INFO: [ view_filter ] --END-- [ RunTime:0.000796s ]
INFO: [ app_end ] --START--
INFO: Run Behavior\ShowPageTraceBehavior [ RunTime:0.001235s ]
INFO: [ app_end ] --END-- [ RunTime:0.001452s ]

[ 2016-09-29T00:36:52+08:00 ] ::1 /ThinkPHP/index.php?c=User&a=login
INFO: [ app_init ] --START--
INFO: Run Behavior\BuildLiteBehavior [ RunTime:0.000020s ]
INFO: [ app_init ] --END-- [ RunTime:0.000652s ]
INFO: [ app_begin ] --START--
INFO: Run Behavior\ReadHtmlCacheBehavior [ RunTime:0.000591s ]
INFO: [ app_begin ] --END-- [ RunTime:0.000683s ]
INFO: [ view_parse ] --START--
INFO: [ template_filter ] --START--
INFO: Run Behavior\ContentReplaceBehavior [ RunTime:0.000110s ]
INFO: [ template_filter ] --END-- [ RunTime:0.000244s ]
NOTIC: [8] Undefined variable: navbar C:\wamp\www\ThinkPHP\App\Runtime\Cache\Home\3f9d2b480676617fa8e79f1ae80a4954.php 第 27 行.
NOTIC: [2] Invalid argument supplied for foreach() C:\wamp\www\ThinkPHP\App\Runtime\Cache\Home\3f9d2b480676617fa8e79f1ae80a4954.php 第 27 行.
SQL: SHOW COLUMNS FROM `5000_navbar` [ RunTime:0.0071s ]
SQL: SELECT * FROM `5000_navbar` ORDER BY nav_index  [ RunTime:0.0004s ]
INFO: Run Behavior\ParseTemplateBehavior [ RunTime:0.036154s ]
INFO: [ view_parse ] --END-- [ RunTime:0.036311s ]
INFO: [ view_filter ] --START--
INFO: Run Behavior\WriteHtmlCacheBehavior [ RunTime:0.000582s ]
INFO: [ view_filter ] --END-- [ RunTime:0.000669s ]
INFO: [ app_end ] --START--
INFO: Run Behavior\ShowPageTraceBehavior [ RunTime:0.000765s ]
INFO: [ app_end ] --END-- [ RunTime:0.000879s ]

[ 2016-09-29T00:36:52+08:00 ] ::1 /ThinkPHP/index.php?c=User&a=login
INFO: [ app_init ] --START--
INFO: Run Behavior\BuildLiteBehavior [ RunTime:0.000019s ]
INFO: [ app_init ] --END-- [ RunTime:0.000511s ]
INFO: [ app_begin ] --START--
INFO: Run Behavior\ReadHtmlCacheBehavior [ RunTime:0.000555s ]
INFO: [ app_begin ] --END-- [ RunTime:0.000648s ]
INFO: [ view_parse ] --START--
INFO: [ template_filter ] --START--
INFO: Run Behavior\ContentReplaceBehavior [ RunTime:0.000058s ]
INFO: [ template_filter ] --END-- [ RunTime:0.000152s ]
NOTIC: [8] Undefined variable: navbar C:\wamp\www\ThinkPHP\App\Runtime\Cache\Home\3f9d2b480676617fa8e79f1ae80a4954.php 第 27 行.
NOTIC: [2] Invalid argument supplied for foreach() C:\wamp\www\ThinkPHP\App\Runtime\Cache\Home\3f9d2b480676617fa8e79f1ae80a4954.php 第 27 行.
SQL: SHOW COLUMNS FROM `5000_navbar` [ RunTime:0.0074s ]
SQL: SELECT * FROM `5000_navbar` ORDER BY nav_index  [ RunTime:0.0004s ]
INFO: Run Behavior\ParseTemplateBehavior [ RunTime:0.035571s ]
INFO: [ view_parse ] --END-- [ RunTime:0.035663s ]
INFO: [ view_filter ] --START--
INFO: Run Behavior\WriteHtmlCacheBehavior [ RunTime:0.000638s ]
INFO: [ view_filter ] --END-- [ RunTime:0.000724s ]
INFO: [ app_end ] --START--
INFO: Run Behavior\ShowPageTraceBehavior [ RunTime:0.000658s ]
INFO: [ app_end ] --END-- [ RunTime:0.000745s ]

[ 2016-09-29T00:36:52+08:00 ] ::1 /ThinkPHP/index.php?c=User&a=login
INFO: [ app_init ] --START--
INFO: Run Behavior\BuildLiteBehavior [ RunTime:0.000019s ]
INFO: [ app_init ] --END-- [ RunTime:0.000517s ]
INFO: [ app_begin ] --START--
INFO: Run Behavior\ReadHtmlCacheBehavior [ RunTime:0.000623s ]
INFO: [ app_begin ] --END-- [ RunTime:0.000720s ]
INFO: [ view_parse ] --START--
INFO: [ template_filter ] --START--
INFO: Run Behavior\ContentReplaceBehavior [ RunTime:0.000064s ]
INFO: [ template_filter ] --END-- [ RunTime:0.000159s ]
NOTIC: [8] Undefined variable: navbar C:\wamp\www\ThinkPHP\App\Runtime\Cache\Home\3f9d2b480676617fa8e79f1ae80a4954.php 第 27 行.
NOTIC: [2] Invalid argument supplied for foreach() C:\wamp\www\ThinkPHP\App\Runtime\Cache\Home\3f9d2b480676617fa8e79f1ae80a4954.php 第 27 行.
SQL: SHOW COLUMNS FROM `5000_navbar` [ RunTime:0.0066s ]
SQL: SELECT * FROM `5000_navbar` ORDER BY nav_index  [ RunTime:0.0004s ]
INFO: Run Behavior\ParseTemplateBehavior [ RunTime:0.036671s ]
INFO: [ view_parse ] --END-- [ RunTime:0.036814s ]
INFO: [ view_filter ] --START--
INFO: Run Behavior\WriteHtmlCacheBehavior [ RunTime:0.000694s ]
INFO: [ view_filter ] --END-- [ RunTime:0.000824s ]
INFO: [ app_end ] --START--
INFO: Run Behavior\ShowPageTraceBehavior [ RunTime:0.000605s ]
INFO: [ app_end ] --END-- [ RunTime:0.000690s ]

[ 2016-09-29T00:36:53+08:00 ] ::1 /ThinkPHP/index.php?c=User&a=login
INFO: [ app_init ] --START--
INFO: Run Behavior\BuildLiteBehavior [ RunTime:0.000021s ]
INFO: [ app_init ] --END-- [ RunTime:0.000598s ]
INFO: [ app_begin ] --START--
INFO: Run Behavior\ReadHtmlCacheBehavior [ RunTime:0.000497s ]
INFO: [ app_begin ] --END-- [ RunTime:0.000594s ]
INFO: [ view_parse ] --START--
INFO: [ template_filter ] --START--
INFO: Run Behavior\ContentReplaceBehavior [ RunTime:0.000067s ]
INFO: [ template_filter ] --END-- [ RunTime:0.000166s ]
NOTIC: [8] Undefined variable: navbar C:\wamp\www\ThinkPHP\App\Runtime\Cache\Home\3f9d2b480676617fa8e79f1ae80a4954.php 第 27 行.
NOTIC: [2] Invalid argument supplied for foreach() C:\wamp\www\ThinkPHP\App\Runtime\Cache\Home\3f9d2b480676617fa8e79f1ae80a4954.php 第 27 行.
SQL: SHOW COLUMNS FROM `5000_navbar` [ RunTime:0.0066s ]
SQL: SELECT * FROM `5000_navbar` ORDER BY nav_index  [ RunTime:0.0004s ]
INFO: Run Behavior\ParseTemplateBehavior [ RunTime:0.036181s ]
INFO: [ view_parse ] --END-- [ RunTime:0.036282s ]
INFO: [ view_filter ] --START--
INFO: Run Behavior\WriteHtmlCacheBehavior [ RunTime:0.000591s ]
INFO: [ view_filter ] --END-- [ RunTime:0.000678s ]
INFO: [ app_end ] --START--
INFO: Run Behavior\ShowPageTraceBehavior [ RunTime:0.000579s ]
INFO: [ app_end ] --END-- [ RunTime:0.000666s ]

[ 2016-09-29T00:36:53+08:00 ] ::1 /ThinkPHP/index.php?c=User&a=login
INFO: [ app_init ] --START--
INFO: Run Behavior\BuildLiteBehavior [ RunTime:0.000021s ]
INFO: [ app_init ] --END-- [ RunTime:0.000715s ]
INFO: [ app_begin ] --START--
INFO: Run Behavior\ReadHtmlCacheBehavior [ RunTime:0.000546s ]
INFO: [ app_begin ] --END-- [ RunTime:0.000640s ]
INFO: [ view_parse ] --START--
INFO: [ template_filter ] --START--
INFO: Run Behavior\ContentReplaceBehavior [ RunTime:0.000059s ]
INFO: [ template_filter ] --END-- [ RunTime:0.000169s ]
NOTIC: [8] Undefined variable: navbar C:\wamp\www\ThinkPHP\App\Runtime\Cache\Home\3f9d2b480676617fa8e79f1ae80a4954.php 第 27 行.
NOTIC: [2] Invalid argument supplied for foreach() C:\wamp\www\ThinkPHP\App\Runtime\Cache\Home\3f9d2b480676617fa8e79f1ae80a4954.php 第 27 行.
SQL: SHOW COLUMNS FROM `5000_navbar` [ RunTime:0.0076s ]
SQL: SELECT * FROM `5000_navbar` ORDER BY nav_index  [ RunTime:0.0003s ]
INFO: Run Behavior\ParseTemplateBehavior [ RunTime:0.036090s ]
INFO: [ view_parse ] --END-- [ RunTime:0.036196s ]
INFO: [ view_filter ] --START--
INFO: Run Behavior\WriteHtmlCacheBehavior [ RunTime:0.000486s ]
INFO: [ view_filter ] --END-- [ RunTime:0.000570s ]
INFO: [ app_end ] --START--
INFO: Run Behavior\ShowPageTraceBehavior [ RunTime:0.000474s ]
INFO: [ app_end ] --END-- [ RunTime:0.000560s ]

[ 2016-09-29T00:36:54+08:00 ] ::1 /ThinkPHP/index.php?c=User&a=login
INFO: [ app_init ] --START--
INFO: Run Behavior\BuildLiteBehavior [ RunTime:0.000078s ]
INFO: [ app_init ] --END-- [ RunTime:0.000773s ]
INFO: [ app_begin ] --START--
INFO: Run Behavior\ReadHtmlCacheBehavior [ RunTime:0.000548s ]
INFO: [ app_begin ] --END-- [ RunTime:0.000656s ]
INFO: [ view_parse ] --START--
INFO: [ template_filter ] --START--
INFO: Run Behavior\ContentReplaceBehavior [ RunTime:0.000060s ]
INFO: [ template_filter ] --END-- [ RunTime:0.000150s ]
NOTIC: [8] Undefined variable: navbar C:\wamp\www\ThinkPHP\App\Runtime\Cache\Home\3f9d2b480676617fa8e79f1ae80a4954.php 第 27 行.
NOTIC: [2] Invalid argument supplied for foreach() C:\wamp\www\ThinkPHP\App\Runtime\Cache\Home\3f9d2b480676617fa8e79f1ae80a4954.php 第 27 行.
SQL: SHOW COLUMNS FROM `5000_navbar` [ RunTime:0.0067s ]
SQL: SELECT * FROM `5000_navbar` ORDER BY nav_index  [ RunTime:0.0004s ]
INFO: Run Behavior\ParseTemplateBehavior [ RunTime:0.036507s ]
INFO: [ view_parse ] --END-- [ RunTime:0.036662s ]
INFO: [ view_filter ] --START--
INFO: Run Behavior\WriteHtmlCacheBehavior [ RunTime:0.000576s ]
INFO: [ view_filter ] --END-- [ RunTime:0.000660s ]
INFO: [ app_end ] --START--
INFO: Run Behavior\ShowPageTraceBehavior [ RunTime:0.000663s ]
INFO: [ app_end ] --END-- [ RunTime:0.000747s ]

[ 2016-09-29T00:36:56+08:00 ] ::1 /ThinkPHP/index.php?c=User&a=login
INFO: [ app_init ] --START--
INFO: Run Behavior\BuildLiteBehavior [ RunTime:0.000030s ]
INFO: [ app_init ] --END-- [ RunTime:0.000706s ]
INFO: [ app_begin ] --START--
INFO: Run Behavior\ReadHtmlCacheBehavior [ RunTime:0.000687s ]
INFO: [ app_begin ] --END-- [ RunTime:0.000924s ]
INFO: [ view_parse ] --START--
INFO: [ template_filter ] --START--
INFO: Run Behavior\ContentReplaceBehavior [ RunTime:0.000061s ]
INFO: [ template_filter ] --END-- [ RunTime:0.000154s ]
NOTIC: [8] Undefined variable: navbar C:\wamp\www\ThinkPHP\App\Runtime\Cache\Home\3f9d2b480676617fa8e79f1ae80a4954.php 第 27 行.
NOTIC: [2] Invalid argument supplied for foreach() C:\wamp\www\ThinkPHP\App\Runtime\Cache\Home\3f9d2b480676617fa8e79f1ae80a4954.php 第 27 行.
SQL: SHOW COLUMNS FROM `5000_navbar` [ RunTime:0.0075s ]
SQL: SELECT * FROM `5000_navbar` ORDER BY nav_index  [ RunTime:0.0004s ]
INFO: Run Behavior\ParseTemplateBehavior [ RunTime:0.037808s ]
INFO: [ view_parse ] --END-- [ RunTime:0.037930s ]
INFO: [ view_filter ] --START--
INFO: Run Behavior\WriteHtmlCacheBehavior [ RunTime:0.000800s ]
INFO: [ view_filter ] --END-- [ RunTime:0.000899s ]
INFO: [ app_end ] --START--
INFO: Run Behavior\ShowPageTraceBehavior [ RunTime:0.000646s ]
INFO: [ app_end ] --END-- [ RunTime:0.000784s ]

[ 2016-09-29T00:36:58+08:00 ] ::1 /ThinkPHP/index.php?c=User&a=login
INFO: [ app_init ] --START--
INFO: Run Behavior\BuildLiteBehavior [ RunTime:0.000028s ]
INFO: [ app_init ] --END-- [ RunTime:0.000683s ]
INFO: [ app_begin ] --START--
INFO: Run Behavior\ReadHtmlCacheBehavior [ RunTime:0.000541s ]
INFO: [ app_begin ] --END-- [ RunTime:0.000637s ]
INFO: [ view_parse ] --START--
INFO: [ template_filter ] --START--
INFO: Run Behavior\ContentReplaceBehavior [ RunTime:0.000064s ]
INFO: [ template_filter ] --END-- [ RunTime:0.000179s ]
NOTIC: [8] Undefined variable: navbar C:\wamp\www\ThinkPHP\App\Runtime\Cache\Home\3f9d2b480676617fa8e79f1ae80a4954.php 第 27 行.
NOTIC: [2] Invalid argument supplied for foreach() C:\wamp\www\ThinkPHP\App\Runtime\Cache\Home\3f9d2b480676617fa8e79f1ae80a4954.php 第 27 行.
SQL: SHOW COLUMNS FROM `5000_navbar` [ RunTime:0.0075s ]
SQL: SELECT * FROM `5000_navbar` ORDER BY nav_index  [ RunTime:0.0004s ]
INFO: Run Behavior\ParseTemplateBehavior [ RunTime:0.037590s ]
INFO: [ view_parse ] --END-- [ RunTime:0.037678s ]
INFO: [ view_filter ] --START--
INFO: Run Behavior\WriteHtmlCacheBehavior [ RunTime:0.000674s ]
INFO: [ view_filter ] --END-- [ RunTime:0.000858s ]
INFO: [ app_end ] --START--
INFO: Run Behavior\ShowPageTraceBehavior [ RunTime:0.000709s ]
INFO: [ app_end ] --END-- [ RunTime:0.000827s ]

[ 2016-09-29T00:36:58+08:00 ] ::1 /ThinkPHP/index.php?c=User&a=login
INFO: [ app_init ] --START--
INFO: Run Behavior\BuildLiteBehavior [ RunTime:0.000020s ]
INFO: [ app_init ] --END-- [ RunTime:0.000504s ]
INFO: [ app_begin ] --START--
INFO: Run Behavior\ReadHtmlCacheBehavior [ RunTime:0.000483s ]
INFO: [ app_begin ] --END-- [ RunTime:0.000578s ]
INFO: [ view_parse ] --START--
INFO: [ template_filter ] --START--
INFO: Run Behavior\ContentReplaceBehavior [ RunTime:0.000062s ]
INFO: [ template_filter ] --END-- [ RunTime:0.000153s ]
NOTIC: [8] Undefined variable: navbar C:\wamp\www\ThinkPHP\App\Runtime\Cache\Home\3f9d2b480676617fa8e79f1ae80a4954.php 第 27 行.
NOTIC: [2] Invalid argument supplied for foreach() C:\wamp\www\ThinkPHP\App\Runtime\Cache\Home\3f9d2b480676617fa8e79f1ae80a4954.php 第 27 行.
SQL: SHOW COLUMNS FROM `5000_navbar` [ RunTime:0.0068s ]
SQL: SELECT * FROM `5000_navbar` ORDER BY nav_index  [ RunTime:0.0003s ]
INFO: Run Behavior\ParseTemplateBehavior [ RunTime:0.036152s ]
INFO: [ view_parse ] --END-- [ RunTime:0.036241s ]
INFO: [ view_filter ] --START--
INFO: Run Behavior\WriteHtmlCacheBehavior [ RunTime:0.000610s ]
INFO: [ view_filter ] --END-- [ RunTime:0.000761s ]
INFO: [ app_end ] --START--
INFO: Run Behavior\ShowPageTraceBehavior [ RunTime:0.000645s ]
INFO: [ app_end ] --END-- [ RunTime:0.000729s ]

[ 2016-09-29T00:36:58+08:00 ] ::1 /ThinkPHP/index.php?c=User&a=login
INFO: [ app_init ] --START--
INFO: Run Behavior\BuildLiteBehavior [ RunTime:0.000019s ]
INFO: [ app_init ] --END-- [ RunTime:0.000517s ]
INFO: [ app_begin ] --START--
INFO: Run Behavior\ReadHtmlCacheBehavior [ RunTime:0.000539s ]
INFO: [ app_begin ] --END-- [ RunTime:0.000665s ]
INFO: [ view_parse ] --START--
INFO: [ template_filter ] --START--
INFO: Run Behavior\ContentReplaceBehavior [ RunTime:0.000082s ]
INFO: [ template_filter ] --END-- [ RunTime:0.000195s ]
NOTIC: [8] Undefined variable: navbar C:\wamp\www\ThinkPHP\App\Runtime\Cache\Home\3f9d2b480676617fa8e79f1ae80a4954.php 第 27 行.
NOTIC: [2] Invalid argument supplied for foreach() C:\wamp\www\ThinkPHP\App\Runtime\Cache\Home\3f9d2b480676617fa8e79f1ae80a4954.php 第 27 行.
SQL: SHOW COLUMNS FROM `5000_navbar` [ RunTime:0.0082s ]
SQL: SELECT * FROM `5000_navbar` ORDER BY nav_index  [ RunTime:0.0003s ]
INFO: Run Behavior\ParseTemplateBehavior [ RunTime:0.039744s ]
INFO: [ view_parse ] --END-- [ RunTime:0.039874s ]
INFO: [ view_filter ] --START--
INFO: Run Behavior\WriteHtmlCacheBehavior [ RunTime:0.001012s ]
INFO: [ view_filter ] --END-- [ RunTime:0.001155s ]
INFO: [ app_end ] --START--
INFO: Run Behavior\ShowPageTraceBehavior [ RunTime:0.000794s ]
INFO: [ app_end ] --END-- [ RunTime:0.000906s ]

[ 2016-09-29T00:36:58+08:00 ] ::1 /ThinkPHP/index.php?c=User&a=login
INFO: [ app_init ] --START--
INFO: Run Behavior\BuildLiteBehavior [ RunTime:0.000020s ]
INFO: [ app_init ] --END-- [ RunTime:0.000422s ]
INFO: [ app_begin ] --START--
INFO: Run Behavior\ReadHtmlCacheBehavior [ RunTime:0.000599s ]
INFO: [ app_begin ] --END-- [ RunTime:0.000731s ]
INFO: [ view_parse ] --START--
INFO: [ template_filter ] --START--
INFO: Run Behavior\ContentReplaceBehavior [ RunTime:0.000062s ]
INFO: [ template_filter ] --END-- [ RunTime:0.000161s ]
NOTIC: [8] Undefined variable: navbar C:\wamp\www\ThinkPHP\App\Runtime\Cache\Home\3f9d2b480676617fa8e79f1ae80a4954.php 第 27 行.
NOTIC: [2] Invalid argument supplied for foreach() C:\wamp\www\ThinkPHP\App\Runtime\Cache\Home\3f9d2b480676617fa8e79f1ae80a4954.php 第 27 行.
SQL: SHOW COLUMNS FROM `5000_navbar` [ RunTime:0.0071s ]
SQL: SELECT * FROM `5000_navbar` ORDER BY nav_index  [ RunTime:0.0003s ]
INFO: Run Behavior\ParseTemplateBehavior [ RunTime:0.036508s ]
INFO: [ view_parse ] --END-- [ RunTime:0.036602s ]
INFO: [ view_filter ] --START--
INFO: Run Behavior\WriteHtmlCacheBehavior [ RunTime:0.000553s ]
INFO: [ view_filter ] --END-- [ RunTime:0.000639s ]
INFO: [ app_end ] --START--
INFO: Run Behavior\ShowPageTraceBehavior [ RunTime:0.000535s ]
INFO: [ app_end ] --END-- [ RunTime:0.000642s ]

[ 2016-09-29T00:36:58+08:00 ] ::1 /ThinkPHP/index.php?c=User&a=login
INFO: [ app_init ] --START--
INFO: Run Behavior\BuildLiteBehavior [ RunTime:0.000023s ]
INFO: [ app_init ] --END-- [ RunTime:0.000523s ]
INFO: [ app_begin ] --START--
INFO: Run Behavior\ReadHtmlCacheBehavior [ RunTime:0.000503s ]
INFO: [ app_begin ] --END-- [ RunTime:0.000598s ]
INFO: [ view_parse ] --START--
INFO: [ template_filter ] --START--
INFO: Run Behavior\ContentReplaceBehavior [ RunTime:0.000058s ]
INFO: [ template_filter ] --END-- [ RunTime:0.000147s ]
NOTIC: [8] Undefined variable: navbar C:\wamp\www\ThinkPHP\App\Runtime\Cache\Home\3f9d2b480676617fa8e79f1ae80a4954.php 第 27 行.
NOTIC: [2] Invalid argument supplied for foreach() C:\wamp\www\ThinkPHP\App\Runtime\Cache\Home\3f9d2b480676617fa8e79f1ae80a4954.php 第 27 行.
SQL: SHOW COLUMNS FROM `5000_navbar` [ RunTime:0.0069s ]
SQL: SELECT * FROM `5000_navbar` ORDER BY nav_index  [ RunTime:0.0003s ]
INFO: Run Behavior\ParseTemplateBehavior [ RunTime:0.026608s ]
INFO: [ view_parse ] --END-- [ RunTime:0.026697s ]
INFO: [ view_filter ] --START--
INFO: Run Behavior\WriteHtmlCacheBehavior [ RunTime:0.000539s ]
INFO: [ view_filter ] --END-- [ RunTime:0.000624s ]
INFO: [ app_end ] --START--
INFO: Run Behavior\ShowPageTraceBehavior [ RunTime:0.000471s ]
INFO: [ app_end ] --END-- [ RunTime:0.000576s ]

[ 2016-09-29T00:37:02+08:00 ] ::1 /ThinkPHP/index.php?c=User&a=login
INFO: [ app_init ] --START--
INFO: Run Behavior\BuildLiteBehavior [ RunTime:0.000022s ]
INFO: [ app_init ] --END-- [ RunTime:0.000536s ]
INFO: [ app_begin ] --START--
INFO: Run Behavior\ReadHtmlCacheBehavior [ RunTime:0.000565s ]
INFO: [ app_begin ] --END-- [ RunTime:0.000660s ]
INFO: [ view_parse ] --START--
INFO: [ template_filter ] --START--
INFO: Run Behavior\ContentReplaceBehavior [ RunTime:0.000075s ]
INFO: [ template_filter ] --END-- [ RunTime:0.000167s ]
NOTIC: [8] Undefined variable: navbar C:\wamp\www\ThinkPHP\App\Runtime\Cache\Home\3f9d2b480676617fa8e79f1ae80a4954.php 第 27 行.
NOTIC: [2] Invalid argument supplied for foreach() C:\wamp\www\ThinkPHP\App\Runtime\Cache\Home\3f9d2b480676617fa8e79f1ae80a4954.php 第 27 行.
SQL: SHOW COLUMNS FROM `5000_navbar` [ RunTime:0.0067s ]
SQL: SELECT * FROM `5000_navbar` ORDER BY nav_index  [ RunTime:0.0004s ]
INFO: Run Behavior\ParseTemplateBehavior [ RunTime:0.027064s ]
INFO: [ view_parse ] --END-- [ RunTime:0.027155s ]
INFO: [ view_filter ] --START--
INFO: Run Behavior\WriteHtmlCacheBehavior [ RunTime:0.000645s ]
INFO: [ view_filter ] --END-- [ RunTime:0.000736s ]
INFO: [ app_end ] --START--
INFO: Run Behavior\ShowPageTraceBehavior [ RunTime:0.000601s ]
INFO: [ app_end ] --END-- [ RunTime:0.000688s ]

[ 2016-09-29T00:37:04+08:00 ] ::1 /ThinkPHP/index.php?c=User&a=login
INFO: [ app_init ] --START--
INFO: Run Behavior\BuildLiteBehavior [ RunTime:0.000023s ]
INFO: [ app_init ] --END-- [ RunTime:0.000704s ]
INFO: [ app_begin ] --START--
INFO: Run Behavior\ReadHtmlCacheBehavior [ RunTime:0.001338s ]
INFO: [ app_begin ] --END-- [ RunTime:0.001606s ]
INFO: [ view_parse ] --START--
INFO: [ template_filter ] --START--
INFO: Run Behavior\ContentReplaceBehavior [ RunTime:0.000068s ]
INFO: [ template_filter ] --END-- [ RunTime:0.000162s ]
NOTIC: [8] Undefined variable: navbar C:\wamp\www\ThinkPHP\App\Runtime\Cache\Home\3f9d2b480676617fa8e79f1ae80a4954.php 第 27 行.
NOTIC: [2] Invalid argument supplied for foreach() C:\wamp\www\ThinkPHP\App\Runtime\Cache\Home\3f9d2b480676617fa8e79f1ae80a4954.php 第 27 行.
SQL: SHOW COLUMNS FROM `5000_navbar` [ RunTime:0.0079s ]
SQL: SELECT * FROM `5000_navbar` ORDER BY nav_index  [ RunTime:0.0003s ]
INFO: Run Behavior\ParseTemplateBehavior [ RunTime:0.028601s ]
INFO: [ view_parse ] --END-- [ RunTime:0.028692s ]
INFO: [ view_filter ] --START--
INFO: Run Behavior\WriteHtmlCacheBehavior [ RunTime:0.000494s ]
INFO: [ view_filter ] --END-- [ RunTime:0.000583s ]
INFO: [ app_end ] --START--
INFO: Run Behavior\ShowPageTraceBehavior [ RunTime:0.000466s ]
INFO: [ app_end ] --END-- [ RunTime:0.000554s ]

[ 2016-09-29T00:41:19+08:00 ] ::1 /ThinkPHP/index.php?c=User&a=login
INFO: [ app_init ] --START--
INFO: Run Behavior\BuildLiteBehavior [ RunTime:0.000020s ]
INFO: [ app_init ] --END-- [ RunTime:0.000587s ]
INFO: [ app_begin ] --START--
INFO: Run Behavior\ReadHtmlCacheBehavior [ RunTime:0.000650s ]
INFO: [ app_begin ] --END-- [ RunTime:0.000764s ]
INFO: [ view_parse ] --START--
INFO: [ template_filter ] --START--
INFO: Run Behavior\ContentReplaceBehavior [ RunTime:0.000112s ]
INFO: [ template_filter ] --END-- [ RunTime:0.000223s ]
NOTIC: [8] Undefined variable: navbar C:\wamp\www\ThinkPHP\App\Runtime\Cache\Home\3f9d2b480676617fa8e79f1ae80a4954.php 第 27 行.
NOTIC: [2] Invalid argument supplied for foreach() C:\wamp\www\ThinkPHP\App\Runtime\Cache\Home\3f9d2b480676617fa8e79f1ae80a4954.php 第 27 行.
SQL: SHOW COLUMNS FROM `5000_navbar` [ RunTime:0.0085s ]
SQL: SELECT * FROM `5000_navbar` ORDER BY nav_index  [ RunTime:0.0004s ]
INFO: Run Behavior\ParseTemplateBehavior [ RunTime:0.037984s ]
INFO: [ view_parse ] --END-- [ RunTime:0.038079s ]
INFO: [ view_filter ] --START--
INFO: Run Behavior\WriteHtmlCacheBehavior [ RunTime:0.000575s ]
INFO: [ view_filter ] --END-- [ RunTime:0.000659s ]
INFO: [ app_end ] --START--
INFO: Run Behavior\ShowPageTraceBehavior [ RunTime:0.000681s ]
INFO: [ app_end ] --END-- [ RunTime:0.000767s ]

[ 2016-09-29T00:41:21+08:00 ] ::1 /ThinkPHP/index.php?c=User&a=login
INFO: [ app_init ] --START--
INFO: Run Behavior\BuildLiteBehavior [ RunTime:0.000040s ]
INFO: [ app_init ] --END-- [ RunTime:0.000789s ]
INFO: [ app_begin ] --START--
INFO: Run Behavior\ReadHtmlCacheBehavior [ RunTime:0.000751s ]
INFO: [ app_begin ] --END-- [ RunTime:0.000857s ]
INFO: [ view_parse ] --START--
INFO: [ template_filter ] --START--
INFO: Run Behavior\ContentReplaceBehavior [ RunTime:0.000061s ]
INFO: [ template_filter ] --END-- [ RunTime:0.000199s ]
NOTIC: [8] Undefined variable: navbar C:\wamp\www\ThinkPHP\App\Runtime\Cache\Home\3f9d2b480676617fa8e79f1ae80a4954.php 第 27 行.
NOTIC: [2] Invalid argument supplied for foreach() C:\wamp\www\ThinkPHP\App\Runtime\Cache\Home\3f9d2b480676617fa8e79f1ae80a4954.php 第 27 行.
SQL: SHOW COLUMNS FROM `5000_navbar` [ RunTime:0.0064s ]
SQL: SELECT * FROM `5000_navbar` ORDER BY nav_index  [ RunTime:0.0003s ]
INFO: Run Behavior\ParseTemplateBehavior [ RunTime:0.025806s ]
INFO: [ view_parse ] --END-- [ RunTime:0.025898s ]
INFO: [ view_filter ] --START--
INFO: Run Behavior\WriteHtmlCacheBehavior [ RunTime:0.000812s ]
INFO: [ view_filter ] --END-- [ RunTime:0.000902s ]
INFO: [ app_end ] --START--
INFO: Run Behavior\ShowPageTraceBehavior [ RunTime:0.000560s ]
INFO: [ app_end ] --END-- [ RunTime:0.000649s ]

[ 2016-09-29T17:43:01+08:00 ] ::1 /ThinkPHP/
INFO: [ app_init ] --START--
INFO: Run Behavior\BuildLiteBehavior [ RunTime:0.000020s ]
INFO: [ app_init ] --END-- [ RunTime:0.000540s ]
INFO: [ app_begin ] --START--
INFO: Run Behavior\ReadHtmlCacheBehavior [ RunTime:0.000706s ]
INFO: [ app_begin ] --END-- [ RunTime:0.000801s ]
INFO: [ view_parse ] --START--
INFO: [ template_filter ] --START--
INFO: Run Behavior\ContentReplaceBehavior [ RunTime:0.000065s ]
INFO: [ template_filter ] --END-- [ RunTime:0.000163s ]
NOTIC: [8] Undefined variable: navbar C:\wamp\www\ThinkPHP\App\Runtime\Cache\Home\b65fd5c808205a9ead04a1d4d9013416.php 第 27 行.
NOTIC: [2] Invalid argument supplied for foreach() C:\wamp\www\ThinkPHP\App\Runtime\Cache\Home\b65fd5c808205a9ead04a1d4d9013416.php 第 27 行.
SQL: SHOW COLUMNS FROM `5000_navbar` [ RunTime:0.0071s ]
SQL: SELECT * FROM `5000_navbar` ORDER BY nav_index  [ RunTime:0.0004s ]
INFO: Run Behavior\ParseTemplateBehavior [ RunTime:0.028200s ]
INFO: [ view_parse ] --END-- [ RunTime:0.028295s ]
INFO: [ view_filter ] --START--
INFO: Run Behavior\WriteHtmlCacheBehavior [ RunTime:0.000661s ]
INFO: [ view_filter ] --END-- [ RunTime:0.000747s ]
INFO: [ app_end ] --START--
INFO: Run Behavior\ShowPageTraceBehavior [ RunTime:0.000691s ]
INFO: [ app_end ] --END-- [ RunTime:0.000821s ]

