[ 2016-11-17T00:28:46+08:00 ] ::1 /shop/Home/index?do=logout
INFO: [ app_init ] --START--
INFO: Run Behavior\BuildLiteBehavior [ RunTime:0.000020s ]
INFO: [ app_init ] --END-- [ RunTime:0.000582s ]
INFO: [ app_begin ] --START--
INFO: Run Behavior\ReadHtmlCacheBehavior [ RunTime:0.000643s ]

[ 2016-11-17T00:28:47+08:00 ] ::1 /shop/Home/Index
INFO: [ app_init ] --START--
INFO: Run Behavior\BuildLiteBehavior [ RunTime:0.000020s ]
INFO: [ app_init ] --END-- [ RunTime:0.000603s ]
INFO: [ app_begin ] --START--
INFO: Run Behavior\ReadHtmlCacheBehavior [ RunTime:0.001169s ]
NOTIC: [8] Undefined index: userInfo C:\wamp\www\shop\App\Home\API\UserAPI.class.php 第 12 行.
INFO: Run Home\Behaviors\UserBehavior [ RunTime:0.001862s ]
INFO: [ app_begin ] --END-- [ RunTime:0.003318s ]
INFO: [ view_parse ] --START--
INFO: [ template_filter ] --START--
INFO: Run Behavior\ContentReplaceBehavior [ RunTime:0.000075s ]
INFO: [ template_filter ] --END-- [ RunTime:0.000210s ]
NOTIC: [8] Undefined variable: navbar C:\wamp\www\shop\App\Runtime\Cache\Home\b65fd5c808205a9ead04a1d4d9013416.php 第 27 行.
NOTIC: [2] Invalid argument supplied for foreach() C:\wamp\www\shop\App\Runtime\Cache\Home\b65fd5c808205a9ead04a1d4d9013416.php 第 27 行.
SQL: SHOW COLUMNS FROM `5000_navbar` [ RunTime:0.0044s ]
SQL: SELECT * FROM `5000_navbar` ORDER BY nav_index  [ RunTime:0.0004s ]
NOTIC: [8] Undefined variable: global_user C:\wamp\www\shop\App\Runtime\Cache\Home\b65fd5c808205a9ead04a1d4d9013416.php 第 42 行.
INFO: Run Behavior\ParseTemplateBehavior [ RunTime:0.034152s ]
INFO: [ view_parse ] --END-- [ RunTime:0.034240s ]
INFO: [ view_filter ] --START--
INFO: Run Behavior\WriteHtmlCacheBehavior [ RunTime:0.000637s ]
INFO: [ view_filter ] --END-- [ RunTime:0.000725s ]
INFO: [ app_end ] --START--
INFO: Run Behavior\ShowPageTraceBehavior [ RunTime:0.000753s ]
INFO: [ app_end ] --END-- [ RunTime:0.000864s ]

[ 2016-11-17T00:28:48+08:00 ] ::1 /shop/Home/Index
INFO: [ app_init ] --START--
INFO: Run Behavior\BuildLiteBehavior [ RunTime:0.000020s ]
INFO: [ app_init ] --END-- [ RunTime:0.000525s ]
INFO: [ app_begin ] --START--
INFO: Run Behavior\ReadHtmlCacheBehavior [ RunTime:0.000663s ]
NOTIC: [8] Undefined index: userInfo C:\wamp\www\shop\App\Home\API\UserAPI.class.php 第 12 行.
INFO: Run Home\Behaviors\UserBehavior [ RunTime:0.001540s ]
INFO: [ app_begin ] --END-- [ RunTime:0.002347s ]
INFO: [ view_parse ] --START--
INFO: [ template_filter ] --START--
INFO: Run Behavior\ContentReplaceBehavior [ RunTime:0.000069s ]
INFO: [ template_filter ] --END-- [ RunTime:0.000165s ]
NOTIC: [8] Undefined variable: navbar C:\wamp\www\shop\App\Runtime\Cache\Home\b65fd5c808205a9ead04a1d4d9013416.php 第 27 行.
NOTIC: [2] Invalid argument supplied for foreach() C:\wamp\www\shop\App\Runtime\Cache\Home\b65fd5c808205a9ead04a1d4d9013416.php 第 27 行.
SQL: SHOW COLUMNS FROM `5000_navbar` [ RunTime:0.0041s ]
SQL: SELECT * FROM `5000_navbar` ORDER BY nav_index  [ RunTime:0.0004s ]
NOTIC: [8] Undefined variable: global_user C:\wamp\www\shop\App\Runtime\Cache\Home\b65fd5c808205a9ead04a1d4d9013416.php 第 42 行.
INFO: Run Behavior\ParseTemplateBehavior [ RunTime:0.030904s ]
INFO: [ view_parse ] --END-- [ RunTime:0.031030s ]
INFO: [ view_filter ] --START--
INFO: Run Behavior\WriteHtmlCacheBehavior [ RunTime:0.000567s ]
INFO: [ view_filter ] --END-- [ RunTime:0.000652s ]
INFO: [ app_end ] --START--
INFO: Run Behavior\ShowPageTraceBehavior [ RunTime:0.000715s ]
INFO: [ app_end ] --END-- [ RunTime:0.000804s ]

[ 2016-11-17T00:28:49+08:00 ] ::1 /shop/home/login
INFO: [ app_init ] --START--
INFO: Run Behavior\BuildLiteBehavior [ RunTime:0.000030s ]
INFO: [ app_init ] --END-- [ RunTime:0.000709s ]
INFO: [ app_begin ] --START--
INFO: Run Behavior\ReadHtmlCacheBehavior [ RunTime:0.001092s ]
NOTIC: [8] Undefined index: userInfo C:\wamp\www\shop\App\Home\API\UserAPI.class.php 第 12 行.
INFO: Run Home\Behaviors\UserBehavior [ RunTime:0.001749s ]
INFO: [ app_begin ] --END-- [ RunTime:0.003011s ]
NOTIC: [8] Undefined index: name C:\wamp\www\shop\App\Home\API\UserAPI.class.php 第 144 行.
INFO: [ view_parse ] --START--
INFO: [ template_filter ] --START--
INFO: Run Behavior\ContentReplaceBehavior [ RunTime:0.000065s ]
INFO: [ template_filter ] --END-- [ RunTime:0.000163s ]
NOTIC: [8] Undefined variable: navbar C:\wamp\www\shop\App\Runtime\Cache\Home\3f9d2b480676617fa8e79f1ae80a4954.php 第 27 行.
NOTIC: [2] Invalid argument supplied for foreach() C:\wamp\www\shop\App\Runtime\Cache\Home\3f9d2b480676617fa8e79f1ae80a4954.php 第 27 行.
SQL: SHOW COLUMNS FROM `5000_navbar` [ RunTime:0.0045s ]
SQL: SELECT * FROM `5000_navbar` ORDER BY nav_index  [ RunTime:0.0003s ]
NOTIC: [8] Undefined variable: global_user C:\wamp\www\shop\App\Runtime\Cache\Home\3f9d2b480676617fa8e79f1ae80a4954.php 第 42 行.
NOTIC: [8] Undefined variable: errorInfo C:\wamp\www\shop\App\Runtime\Cache\Home\3f9d2b480676617fa8e79f1ae80a4954.php 第 85 行.
INFO: Run Behavior\ParseTemplateBehavior [ RunTime:0.031326s ]
INFO: [ view_parse ] --END-- [ RunTime:0.031411s ]
INFO: [ view_filter ] --START--
INFO: Run Behavior\WriteHtmlCacheBehavior [ RunTime:0.000665s ]
INFO: [ view_filter ] --END-- [ RunTime:0.000750s ]
INFO: [ app_end ] --START--
INFO: Run Behavior\ShowPageTraceBehavior [ RunTime:0.000700s ]
INFO: [ app_end ] --END-- [ RunTime:0.000788s ]

[ 2016-11-17T00:28:49+08:00 ] ::1 /shop/Home/Temp/verify
INFO: [ app_init ] --START--
INFO: Run Behavior\BuildLiteBehavior [ RunTime:0.000033s ]
INFO: [ app_init ] --END-- [ RunTime:0.000712s ]
INFO: [ app_begin ] --START--
INFO: Run Behavior\ReadHtmlCacheBehavior [ RunTime:0.000680s ]
NOTIC: [8] Undefined index: userInfo C:\wamp\www\shop\App\Home\API\UserAPI.class.php 第 12 行.
INFO: Run Home\Behaviors\UserBehavior [ RunTime:0.001908s ]
INFO: [ app_begin ] --END-- [ RunTime:0.002745s ]
NOTIC: [8] Use of undefined constant yes - assumed 'yes' C:\wamp\www\shop\App\Home\Controller\TempController.class.php 第 21 行.
INFO: [ app_end ] --START--
INFO: Run Behavior\ShowPageTraceBehavior [ RunTime:0.000900s ]
INFO: [ app_end ] --END-- [ RunTime:0.001062s ]

[ 2016-11-17T13:34:59+08:00 ] ::1 /shop/Home/Temp/verify
INFO: [ app_init ] --START--
INFO: Run Behavior\BuildLiteBehavior [ RunTime:0.000022s ]
INFO: [ app_init ] --END-- [ RunTime:0.000490s ]
INFO: [ app_begin ] --START--
INFO: Run Behavior\ReadHtmlCacheBehavior [ RunTime:0.000641s ]
NOTIC: [8] Undefined index: userInfo C:\wamp\www\shop\App\Home\API\UserAPI.class.php 第 12 行.
INFO: Run Home\Behaviors\UserBehavior [ RunTime:0.001557s ]
INFO: [ app_begin ] --END-- [ RunTime:0.002349s ]
NOTIC: [8] Use of undefined constant yes - assumed 'yes' C:\wamp\www\shop\App\Home\Controller\TempController.class.php 第 21 行.
INFO: [ app_end ] --START--
INFO: Run Behavior\ShowPageTraceBehavior [ RunTime:0.001217s ]
INFO: [ app_end ] --END-- [ RunTime:0.001454s ]

[ 2016-11-17T15:12:39+08:00 ] ::1 /shop/home/login
INFO: [ app_init ] --START--
INFO: Run Behavior\BuildLiteBehavior [ RunTime:0.000037s ]
INFO: [ app_init ] --END-- [ RunTime:0.000767s ]
INFO: [ app_begin ] --START--
INFO: Run Behavior\ReadHtmlCacheBehavior [ RunTime:0.000883s ]
NOTIC: [8] Undefined index: userInfo C:\wamp\www\shop\App\Home\API\UserAPI.class.php 第 12 行.
INFO: Run Home\Behaviors\UserBehavior [ RunTime:0.002307s ]
INFO: [ app_begin ] --END-- [ RunTime:0.003460s ]
NOTIC: [8] Undefined index: name C:\wamp\www\shop\App\Home\API\UserAPI.class.php 第 144 行.
INFO: [ view_parse ] --START--
INFO: [ template_filter ] --START--
INFO: Run Behavior\ContentReplaceBehavior [ RunTime:0.000115s ]
INFO: [ template_filter ] --END-- [ RunTime:0.000264s ]
NOTIC: [8] Undefined variable: navbar C:\wamp\www\shop\App\Runtime\Cache\Home\3f9d2b480676617fa8e79f1ae80a4954.php 第 27 行.
NOTIC: [2] Invalid argument supplied for foreach() C:\wamp\www\shop\App\Runtime\Cache\Home\3f9d2b480676617fa8e79f1ae80a4954.php 第 27 行.
SQL: SHOW COLUMNS FROM `5000_navbar` [ RunTime:0.0050s ]
SQL: SELECT * FROM `5000_navbar` ORDER BY nav_index  [ RunTime:0.0004s ]
NOTIC: [8] Undefined variable: global_user C:\wamp\www\shop\App\Runtime\Cache\Home\3f9d2b480676617fa8e79f1ae80a4954.php 第 42 行.
NOTIC: [8] Undefined variable: errorInfo C:\wamp\www\shop\App\Runtime\Cache\Home\3f9d2b480676617fa8e79f1ae80a4954.php 第 85 行.
INFO: Run Behavior\ParseTemplateBehavior [ RunTime:0.028165s ]
INFO: [ view_parse ] --END-- [ RunTime:0.028290s ]
INFO: [ view_filter ] --START--
INFO: Run Behavior\WriteHtmlCacheBehavior [ RunTime:0.000583s ]
INFO: [ view_filter ] --END-- [ RunTime:0.000674s ]
INFO: [ app_end ] --START--
INFO: Run Behavior\ShowPageTraceBehavior [ RunTime:0.000620s ]
INFO: [ app_end ] --END-- [ RunTime:0.000715s ]

[ 2016-11-17T15:12:39+08:00 ] ::1 /shop/Home/Temp/verify
INFO: [ app_init ] --START--
INFO: Run Behavior\BuildLiteBehavior [ RunTime:0.000036s ]
INFO: [ app_init ] --END-- [ RunTime:0.000686s ]
INFO: [ app_begin ] --START--
INFO: Run Behavior\ReadHtmlCacheBehavior [ RunTime:0.001021s ]
NOTIC: [8] Undefined index: userInfo C:\wamp\www\shop\App\Home\API\UserAPI.class.php 第 12 行.
INFO: Run Home\Behaviors\UserBehavior [ RunTime:0.001785s ]
INFO: [ app_begin ] --END-- [ RunTime:0.003165s ]
NOTIC: [8] Use of undefined constant yes - assumed 'yes' C:\wamp\www\shop\App\Home\Controller\TempController.class.php 第 21 行.
INFO: [ app_end ] --START--
INFO: Run Behavior\ShowPageTraceBehavior [ RunTime:0.000804s ]
INFO: [ app_end ] --END-- [ RunTime:0.000948s ]

[ 2016-11-17T20:19:21+08:00 ] ::1 /shop/home/login
INFO: [ app_init ] --START--
INFO: Run Behavior\BuildLiteBehavior [ RunTime:0.000023s ]
INFO: [ app_init ] --END-- [ RunTime:0.000619s ]
INFO: [ app_begin ] --START--
INFO: Run Behavior\ReadHtmlCacheBehavior [ RunTime:0.000654s ]
NOTIC: [8] Undefined index: userInfo C:\wamp\www\shop\App\Home\API\UserAPI.class.php 第 12 行.
INFO: Run Home\Behaviors\UserBehavior [ RunTime:0.002051s ]
INFO: [ app_begin ] --END-- [ RunTime:0.002844s ]
NOTIC: [8] Undefined index: name C:\wamp\www\shop\App\Home\API\UserAPI.class.php 第 144 行.
INFO: [ view_parse ] --START--
INFO: [ template_filter ] --START--
INFO: Run Behavior\ContentReplaceBehavior [ RunTime:0.000064s ]
INFO: [ template_filter ] --END-- [ RunTime:0.000186s ]
NOTIC: [8] Undefined variable: navbar C:\wamp\www\shop\App\Runtime\Cache\Home\3f9d2b480676617fa8e79f1ae80a4954.php 第 27 行.
NOTIC: [2] Invalid argument supplied for foreach() C:\wamp\www\shop\App\Runtime\Cache\Home\3f9d2b480676617fa8e79f1ae80a4954.php 第 27 行.
SQL: SHOW COLUMNS FROM `5000_navbar` [ RunTime:0.0045s ]
SQL: SELECT * FROM `5000_navbar` ORDER BY nav_index  [ RunTime:0.0004s ]
NOTIC: [8] Undefined variable: global_user C:\wamp\www\shop\App\Runtime\Cache\Home\3f9d2b480676617fa8e79f1ae80a4954.php 第 42 行.
NOTIC: [8] Undefined variable: errorInfo C:\wamp\www\shop\App\Runtime\Cache\Home\3f9d2b480676617fa8e79f1ae80a4954.php 第 85 行.
INFO: Run Behavior\ParseTemplateBehavior [ RunTime:0.033607s ]
INFO: [ view_parse ] --END-- [ RunTime:0.033700s ]
INFO: [ view_filter ] --START--
INFO: Run Behavior\WriteHtmlCacheBehavior [ RunTime:0.000593s ]
INFO: [ view_filter ] --END-- [ RunTime:0.000711s ]
INFO: [ app_end ] --START--
INFO: Run Behavior\ShowPageTraceBehavior [ RunTime:0.000617s ]
INFO: [ app_end ] --END-- [ RunTime:0.000720s ]

[ 2016-11-17T20:19:21+08:00 ] ::1 /shop/Home/Temp/verify
INFO: [ app_init ] --START--
INFO: Run Behavior\BuildLiteBehavior [ RunTime:0.000023s ]
INFO: [ app_init ] --END-- [ RunTime:0.000504s ]
INFO: [ app_begin ] --START--
INFO: Run Behavior\ReadHtmlCacheBehavior [ RunTime:0.000549s ]
NOTIC: [8] Undefined index: userInfo C:\wamp\www\shop\App\Home\API\UserAPI.class.php 第 12 行.
INFO: Run Home\Behaviors\UserBehavior [ RunTime:0.002011s ]
INFO: [ app_begin ] --END-- [ RunTime:0.002773s ]
NOTIC: [8] Use of undefined constant yes - assumed 'yes' C:\wamp\www\shop\App\Home\Controller\TempController.class.php 第 21 行.
INFO: [ app_end ] --START--
INFO: Run Behavior\ShowPageTraceBehavior [ RunTime:0.000714s ]
INFO: [ app_end ] --END-- [ RunTime:0.000825s ]

[ 2016-11-17T21:58:19+08:00 ] ::1 /shop/home/login
INFO: [ app_init ] --START--
INFO: Run Behavior\BuildLiteBehavior [ RunTime:0.000020s ]
INFO: [ app_init ] --END-- [ RunTime:0.000527s ]
INFO: [ app_begin ] --START--
INFO: Run Behavior\ReadHtmlCacheBehavior [ RunTime:0.000585s ]
NOTIC: [8] Undefined index: userInfo C:\wamp\www\shop\App\Home\API\UserAPI.class.php 第 12 行.
INFO: Run Home\Behaviors\UserBehavior [ RunTime:0.001904s ]
INFO: [ app_begin ] --END-- [ RunTime:0.002638s ]
INFO: [ view_parse ] --START--
INFO: [ template_filter ] --START--
INFO: Run Behavior\ContentReplaceBehavior [ RunTime:0.000063s ]
INFO: [ template_filter ] --END-- [ RunTime:0.000154s ]
NOTIC: [8] Undefined variable: navbar C:\wamp\www\shop\App\Runtime\Cache\Home\3f9d2b480676617fa8e79f1ae80a4954.php 第 27 行.
NOTIC: [2] Invalid argument supplied for foreach() C:\wamp\www\shop\App\Runtime\Cache\Home\3f9d2b480676617fa8e79f1ae80a4954.php 第 27 行.
SQL: SHOW COLUMNS FROM `5000_navbar` [ RunTime:0.0043s ]
SQL: SELECT * FROM `5000_navbar` ORDER BY nav_index  [ RunTime:0.0003s ]
NOTIC: [8] Undefined variable: global_user C:\wamp\www\shop\App\Runtime\Cache\Home\3f9d2b480676617fa8e79f1ae80a4954.php 第 42 行.
INFO: Run Behavior\ParseTemplateBehavior [ RunTime:0.032206s ]
INFO: [ view_parse ] --END-- [ RunTime:0.032328s ]
INFO: [ view_filter ] --START--
INFO: Run Behavior\WriteHtmlCacheBehavior [ RunTime:0.000614s ]
INFO: [ view_filter ] --END-- [ RunTime:0.000696s ]
INFO: [ app_end ] --START--
INFO: Run Behavior\ShowPageTraceBehavior [ RunTime:0.000663s ]
INFO: [ app_end ] --END-- [ RunTime:0.000750s ]

[ 2016-11-17T21:58:19+08:00 ] ::1 /shop/Home/Temp/verify
INFO: [ app_init ] --START--
INFO: Run Behavior\BuildLiteBehavior [ RunTime:0.000021s ]
INFO: [ app_init ] --END-- [ RunTime:0.000494s ]
INFO: [ app_begin ] --START--
INFO: Run Behavior\ReadHtmlCacheBehavior [ RunTime:0.000603s ]
NOTIC: [8] Undefined index: userInfo C:\wamp\www\shop\App\Home\API\UserAPI.class.php 第 12 行.
INFO: Run Home\Behaviors\UserBehavior [ RunTime:0.001390s ]
INFO: [ app_begin ] --END-- [ RunTime:0.002139s ]
NOTIC: [8] Use of undefined constant yes - assumed 'yes' C:\wamp\www\shop\App\Home\Controller\TempController.class.php 第 21 行.
INFO: [ app_end ] --START--
INFO: Run Behavior\ShowPageTraceBehavior [ RunTime:0.000732s ]
INFO: [ app_end ] --END-- [ RunTime:0.000839s ]

[ 2016-11-17T21:58:23+08:00 ] ::1 /shop/home/login
INFO: [ app_init ] --START--
INFO: Run Behavior\BuildLiteBehavior [ RunTime:0.000021s ]
INFO: [ app_init ] --END-- [ RunTime:0.000560s ]
INFO: [ app_begin ] --START--
INFO: Run Behavior\ReadHtmlCacheBehavior [ RunTime:0.000552s ]
NOTIC: [8] Undefined index: userInfo C:\wamp\www\shop\App\Home\API\UserAPI.class.php 第 12 行.
INFO: Run Home\Behaviors\UserBehavior [ RunTime:0.001483s ]
INFO: [ app_begin ] --END-- [ RunTime:0.002176s ]
SQL: SHOW COLUMNS FROM `5000_user` [ RunTime:0.0034s ]
SQL: SELECT * FROM `5000_user` WHERE ( user_name='yangguohao1' ) LIMIT 1   [ RunTime:0.0004s ]
INFO: [ view_parse ] --START--
INFO: [ template_filter ] --START--
INFO: Run Behavior\ContentReplaceBehavior [ RunTime:0.000062s ]
INFO: [ template_filter ] --END-- [ RunTime:0.000155s ]
NOTIC: [8] Undefined variable: navbar C:\wamp\www\shop\App\Runtime\Cache\Home\3f9d2b480676617fa8e79f1ae80a4954.php 第 27 行.
NOTIC: [2] Invalid argument supplied for foreach() C:\wamp\www\shop\App\Runtime\Cache\Home\3f9d2b480676617fa8e79f1ae80a4954.php 第 27 行.
SQL: SHOW COLUMNS FROM `5000_navbar` [ RunTime:0.0042s ]
SQL: SELECT * FROM `5000_navbar` ORDER BY nav_index  [ RunTime:0.0004s ]
NOTIC: [8] Undefined variable: global_user C:\wamp\www\shop\App\Runtime\Cache\Home\3f9d2b480676617fa8e79f1ae80a4954.php 第 42 行.
NOTIC: [8] Undefined variable: errorInfo C:\wamp\www\shop\App\Runtime\Cache\Home\3f9d2b480676617fa8e79f1ae80a4954.php 第 85 行.
INFO: Run Behavior\ParseTemplateBehavior [ RunTime:0.016236s ]
INFO: [ view_parse ] --END-- [ RunTime:0.016352s ]
INFO: [ view_filter ] --START--
INFO: Run Behavior\WriteHtmlCacheBehavior [ RunTime:0.001049s ]
INFO: [ view_filter ] --END-- [ RunTime:0.001304s ]
INFO: [ app_end ] --START--
INFO: Run Behavior\ShowPageTraceBehavior [ RunTime:0.000744s ]
INFO: [ app_end ] --END-- [ RunTime:0.000860s ]

[ 2016-11-17T21:58:24+08:00 ] ::1 /shop/Home/index
INFO: [ app_init ] --START--
INFO: Run Behavior\BuildLiteBehavior [ RunTime:0.000021s ]
INFO: [ app_init ] --END-- [ RunTime:0.000457s ]
INFO: [ app_begin ] --START--
INFO: Run Behavior\ReadHtmlCacheBehavior [ RunTime:0.000574s ]
NOTIC: [8] Object of class stdClass could not be converted to int C:\wamp\www\shop\App\Home\API\UserAPI.class.php 第 16 行.
NOTIC: [8] Object of class stdClass could not be converted to int C:\wamp\www\shop\App\Home\API\UserAPI.class.php 第 27 行.
NOTIC: [8] Object of class stdClass could not be converted to int C:\wamp\www\shop\App\Home\API\UserAPI.class.php 第 16 行.
INFO: Run Home\Behaviors\UserBehavior [ RunTime:0.001636s ]
INFO: [ app_begin ] --END-- [ RunTime:0.002352s ]
INFO: [ view_parse ] --START--
INFO: [ template_filter ] --START--
INFO: Run Behavior\ContentReplaceBehavior [ RunTime:0.000089s ]
INFO: [ template_filter ] --END-- [ RunTime:0.000251s ]
NOTIC: [8] Undefined variable: navbar C:\wamp\www\shop\App\Runtime\Cache\Home\b65fd5c808205a9ead04a1d4d9013416.php 第 27 行.
NOTIC: [2] Invalid argument supplied for foreach() C:\wamp\www\shop\App\Runtime\Cache\Home\b65fd5c808205a9ead04a1d4d9013416.php 第 27 行.
SQL: SHOW COLUMNS FROM `5000_navbar` [ RunTime:0.0035s ]
SQL: SELECT * FROM `5000_navbar` ORDER BY nav_index  [ RunTime:0.0002s ]
INFO: Run Behavior\ParseTemplateBehavior [ RunTime:0.029185s ]
INFO: [ view_parse ] --END-- [ RunTime:0.029276s ]
INFO: [ view_filter ] --START--
INFO: Run Behavior\WriteHtmlCacheBehavior [ RunTime:0.000476s ]
INFO: [ view_filter ] --END-- [ RunTime:0.000560s ]
INFO: [ app_end ] --START--
INFO: Run Behavior\ShowPageTraceBehavior [ RunTime:0.000553s ]
INFO: [ app_end ] --END-- [ RunTime:0.000639s ]

[ 2016-11-17T21:58:25+08:00 ] ::1 /shop/Home/index
INFO: [ app_init ] --START--
INFO: Run Behavior\BuildLiteBehavior [ RunTime:0.000021s ]
INFO: [ app_init ] --END-- [ RunTime:0.000449s ]
INFO: [ app_begin ] --START--
INFO: Run Behavior\ReadHtmlCacheBehavior [ RunTime:0.000493s ]
NOTIC: [8] Object of class stdClass could not be converted to int C:\wamp\www\shop\App\Home\API\UserAPI.class.php 第 16 行.
NOTIC: [8] Object of class stdClass could not be converted to int C:\wamp\www\shop\App\Home\API\UserAPI.class.php 第 27 行.
NOTIC: [8] Object of class stdClass could not be converted to int C:\wamp\www\shop\App\Home\API\UserAPI.class.php 第 16 行.
INFO: Run Home\Behaviors\UserBehavior [ RunTime:0.001555s ]
INFO: [ app_begin ] --END-- [ RunTime:0.002189s ]
INFO: [ view_parse ] --START--
INFO: [ template_filter ] --START--
INFO: Run Behavior\ContentReplaceBehavior [ RunTime:0.000073s ]
INFO: [ template_filter ] --END-- [ RunTime:0.000176s ]
NOTIC: [8] Undefined variable: navbar C:\wamp\www\shop\App\Runtime\Cache\Home\b65fd5c808205a9ead04a1d4d9013416.php 第 27 行.
NOTIC: [2] Invalid argument supplied for foreach() C:\wamp\www\shop\App\Runtime\Cache\Home\b65fd5c808205a9ead04a1d4d9013416.php 第 27 行.
SQL: SHOW COLUMNS FROM `5000_navbar` [ RunTime:0.0043s ]
SQL: SELECT * FROM `5000_navbar` ORDER BY nav_index  [ RunTime:0.0003s ]
INFO: Run Behavior\ParseTemplateBehavior [ RunTime:0.031928s ]
INFO: [ view_parse ] --END-- [ RunTime:0.032015s ]
INFO: [ view_filter ] --START--
INFO: Run Behavior\WriteHtmlCacheBehavior [ RunTime:0.000644s ]
INFO: [ view_filter ] --END-- [ RunTime:0.000730s ]
INFO: [ app_end ] --START--
INFO: Run Behavior\ShowPageTraceBehavior [ RunTime:0.000758s ]
INFO: [ app_end ] --END-- [ RunTime:0.000850s ]

[ 2016-11-17T21:58:26+08:00 ] ::1 /shop/Home/index
INFO: [ app_init ] --START--
INFO: Run Behavior\BuildLiteBehavior [ RunTime:0.000020s ]
INFO: [ app_init ] --END-- [ RunTime:0.000536s ]
INFO: [ app_begin ] --START--
INFO: Run Behavior\ReadHtmlCacheBehavior [ RunTime:0.000582s ]
NOTIC: [8] Object of class stdClass could not be converted to int C:\wamp\www\shop\App\Home\API\UserAPI.class.php 第 16 行.
NOTIC: [8] Object of class stdClass could not be converted to int C:\wamp\www\shop\App\Home\API\UserAPI.class.php 第 27 行.
NOTIC: [8] Object of class stdClass could not be converted to int C:\wamp\www\shop\App\Home\API\UserAPI.class.php 第 16 行.
INFO: Run Home\Behaviors\UserBehavior [ RunTime:0.001469s ]
INFO: [ app_begin ] --END-- [ RunTime:0.002247s ]
INFO: [ view_parse ] --START--
INFO: [ template_filter ] --START--
INFO: Run Behavior\ContentReplaceBehavior [ RunTime:0.000070s ]
INFO: [ template_filter ] --END-- [ RunTime:0.000165s ]
NOTIC: [8] Undefined variable: navbar C:\wamp\www\shop\App\Runtime\Cache\Home\b65fd5c808205a9ead04a1d4d9013416.php 第 27 行.
NOTIC: [2] Invalid argument supplied for foreach() C:\wamp\www\shop\App\Runtime\Cache\Home\b65fd5c808205a9ead04a1d4d9013416.php 第 27 行.
SQL: SHOW COLUMNS FROM `5000_navbar` [ RunTime:0.0039s ]
SQL: SELECT * FROM `5000_navbar` ORDER BY nav_index  [ RunTime:0.0003s ]
INFO: Run Behavior\ParseTemplateBehavior [ RunTime:0.021271s ]
INFO: [ view_parse ] --END-- [ RunTime:0.021410s ]
INFO: [ view_filter ] --START--
INFO: Run Behavior\WriteHtmlCacheBehavior [ RunTime:0.000502s ]
INFO: [ view_filter ] --END-- [ RunTime:0.000586s ]
INFO: [ app_end ] --START--
INFO: Run Behavior\ShowPageTraceBehavior [ RunTime:0.000666s ]
INFO: [ app_end ] --END-- [ RunTime:0.000753s ]

