[ 2016-11-16T23:01:59+08:00 ] ::1 /shop/home/reg
INFO: [ app_init ] --START--
INFO: Run Behavior\BuildLiteBehavior [ RunTime:0.000021s ]
INFO: [ app_init ] --END-- [ RunTime:0.001172s ]
INFO: [ app_begin ] --START--
INFO: Run Behavior\ReadHtmlCacheBehavior [ RunTime:0.000803s ]
NOTIC: [8] Undefined index: userInfo C:\wamp\www\shop\App\Home\API\UserAPI.class.php 第 12 行.
INFO: Run Home\Behaviors\UserBehavior [ RunTime:0.002617s ]
INFO: [ app_begin ] --END-- [ RunTime:0.003618s ]
INFO: [ view_parse ] --START--
INFO: [ template_filter ] --START--
INFO: Run Behavior\ContentReplaceBehavior [ RunTime:0.000608s ]
INFO: [ template_filter ] --END-- [ RunTime:0.000772s ]
NOTIC: [8] Undefined variable: navbar C:\wamp\www\shop\App\Runtime\Cache\Home\2dae1f30f45b37ba2685d4c4b13e981d.php 第 27 行.
NOTIC: [2] Invalid argument supplied for foreach() C:\wamp\www\shop\App\Runtime\Cache\Home\2dae1f30f45b37ba2685d4c4b13e981d.php 第 27 行.
SQL: SHOW COLUMNS FROM `5000_navbar` [ RunTime:0.0127s ]
SQL: SELECT * FROM `5000_navbar` ORDER BY nav_index  [ RunTime:0.0005s ]
NOTIC: [8] Undefined variable: global_user C:\wamp\www\shop\App\Runtime\Cache\Home\2dae1f30f45b37ba2685d4c4b13e981d.php 第 42 行.
NOTIC: [8] Undefined variable: errorInfo C:\wamp\www\shop\App\Runtime\Cache\Home\2dae1f30f45b37ba2685d4c4b13e981d.php 第 82 行.
INFO: Run Behavior\ParseTemplateBehavior [ RunTime:0.049034s ]
INFO: [ view_parse ] --END-- [ RunTime:0.049121s ]
INFO: [ view_filter ] --START--
INFO: Run Behavior\WriteHtmlCacheBehavior [ RunTime:0.000878s ]
INFO: [ view_filter ] --END-- [ RunTime:0.000964s ]
INFO: [ app_end ] --START--
INFO: Run Behavior\ShowPageTraceBehavior [ RunTime:0.000915s ]
INFO: [ app_end ] --END-- [ RunTime:0.001001s ]

[ 2016-11-16T23:02:02+08:00 ] ::1 /shop/home/login
INFO: [ app_init ] --START--
INFO: Run Behavior\BuildLiteBehavior [ RunTime:0.000021s ]
INFO: [ app_init ] --END-- [ RunTime:0.000517s ]
INFO: [ app_begin ] --START--
INFO: Run Behavior\ReadHtmlCacheBehavior [ RunTime:0.000607s ]
NOTIC: [8] Undefined index: userInfo C:\wamp\www\shop\App\Home\API\UserAPI.class.php 第 12 行.
INFO: Run Home\Behaviors\UserBehavior [ RunTime:0.001504s ]
INFO: [ app_begin ] --END-- [ RunTime:0.002252s ]
NOTIC: [8] Undefined index: name C:\wamp\www\shop\App\Home\API\UserAPI.class.php 第 144 行.
INFO: [ view_parse ] --START--
INFO: [ template_filter ] --START--
INFO: Run Behavior\ContentReplaceBehavior [ RunTime:0.000111s ]
INFO: [ template_filter ] --END-- [ RunTime:0.000224s ]
NOTIC: [8] Undefined variable: navbar C:\wamp\www\shop\App\Runtime\Cache\Home\3f9d2b480676617fa8e79f1ae80a4954.php 第 27 行.
NOTIC: [2] Invalid argument supplied for foreach() C:\wamp\www\shop\App\Runtime\Cache\Home\3f9d2b480676617fa8e79f1ae80a4954.php 第 27 行.
SQL: SHOW COLUMNS FROM `5000_navbar` [ RunTime:0.0035s ]
SQL: SELECT * FROM `5000_navbar` ORDER BY nav_index  [ RunTime:0.0003s ]
NOTIC: [8] Undefined variable: global_user C:\wamp\www\shop\App\Runtime\Cache\Home\3f9d2b480676617fa8e79f1ae80a4954.php 第 42 行.
NOTIC: [8] Undefined variable: errorInfo C:\wamp\www\shop\App\Runtime\Cache\Home\3f9d2b480676617fa8e79f1ae80a4954.php 第 85 行.
INFO: Run Behavior\ParseTemplateBehavior [ RunTime:0.032233s ]
INFO: [ view_parse ] --END-- [ RunTime:0.032335s ]
INFO: [ view_filter ] --START--
INFO: Run Behavior\WriteHtmlCacheBehavior [ RunTime:0.000738s ]
INFO: [ view_filter ] --END-- [ RunTime:0.000848s ]
INFO: [ app_end ] --START--
INFO: Run Behavior\ShowPageTraceBehavior [ RunTime:0.000777s ]
INFO: [ app_end ] --END-- [ RunTime:0.000965s ]

[ 2016-11-16T23:02:02+08:00 ] ::1 /shop/Home/Temp/verify
INFO: [ app_init ] --START--
INFO: Run Behavior\BuildLiteBehavior [ RunTime:0.000050s ]
INFO: [ app_init ] --END-- [ RunTime:0.000872s ]
INFO: [ app_begin ] --START--
INFO: Run Behavior\ReadHtmlCacheBehavior [ RunTime:0.000721s ]
NOTIC: [8] Undefined index: userInfo C:\wamp\www\shop\App\Home\API\UserAPI.class.php 第 12 行.
INFO: Run Home\Behaviors\UserBehavior [ RunTime:0.002251s ]
INFO: [ app_begin ] --END-- [ RunTime:0.003206s ]
NOTIC: [8] Use of undefined constant yes - assumed 'yes' C:\wamp\www\shop\App\Home\Controller\TempController.class.php 第 21 行.
INFO: [ app_end ] --START--
INFO: Run Behavior\ShowPageTraceBehavior [ RunTime:0.000875s ]
INFO: [ app_end ] --END-- [ RunTime:0.001028s ]

[ 2016-11-16T23:02:07+08:00 ] ::1 /shop/home/login
INFO: [ app_init ] --START--
INFO: Run Behavior\BuildLiteBehavior [ RunTime:0.000027s ]
INFO: [ app_init ] --END-- [ RunTime:0.000533s ]
INFO: [ app_begin ] --START--
INFO: Run Behavior\ReadHtmlCacheBehavior [ RunTime:0.000490s ]
NOTIC: [8] Undefined index: userInfo C:\wamp\www\shop\App\Home\API\UserAPI.class.php 第 12 行.
INFO: Run Home\Behaviors\UserBehavior [ RunTime:0.001888s ]
INFO: [ app_begin ] --END-- [ RunTime:0.002561s ]
SQL: SHOW COLUMNS FROM `5000_user` [ RunTime:0.0058s ]
SQL: SELECT * FROM `5000_user` WHERE ( user_name='yangguohao1' ) LIMIT 1   [ RunTime:0.0023s ]
INFO: [ view_parse ] --START--
INFO: [ template_filter ] --START--
INFO: Run Behavior\ContentReplaceBehavior [ RunTime:0.000066s ]
INFO: [ template_filter ] --END-- [ RunTime:0.000160s ]
NOTIC: [8] Undefined variable: navbar C:\wamp\www\shop\App\Runtime\Cache\Home\3f9d2b480676617fa8e79f1ae80a4954.php 第 27 行.
NOTIC: [2] Invalid argument supplied for foreach() C:\wamp\www\shop\App\Runtime\Cache\Home\3f9d2b480676617fa8e79f1ae80a4954.php 第 27 行.
SQL: SHOW COLUMNS FROM `5000_navbar` [ RunTime:0.0042s ]
SQL: SELECT * FROM `5000_navbar` ORDER BY nav_index  [ RunTime:0.0004s ]
NOTIC: [8] Undefined variable: global_user C:\wamp\www\shop\App\Runtime\Cache\Home\3f9d2b480676617fa8e79f1ae80a4954.php 第 42 行.
NOTIC: [8] Undefined variable: errorInfo C:\wamp\www\shop\App\Runtime\Cache\Home\3f9d2b480676617fa8e79f1ae80a4954.php 第 85 行.
INFO: Run Behavior\ParseTemplateBehavior [ RunTime:0.013746s ]
INFO: [ view_parse ] --END-- [ RunTime:0.013837s ]
INFO: [ view_filter ] --START--
INFO: Run Behavior\WriteHtmlCacheBehavior [ RunTime:0.000513s ]
INFO: [ view_filter ] --END-- [ RunTime:0.000615s ]
INFO: [ app_end ] --START--
INFO: Run Behavior\ShowPageTraceBehavior [ RunTime:0.000966s ]
INFO: [ app_end ] --END-- [ RunTime:0.001081s ]

[ 2016-11-16T23:02:07+08:00 ] ::1 /shop/Home/index
INFO: [ app_init ] --START--
INFO: Run Behavior\BuildLiteBehavior [ RunTime:0.000042s ]
INFO: [ app_init ] --END-- [ RunTime:0.000613s ]
INFO: [ app_begin ] --START--
INFO: Run Behavior\ReadHtmlCacheBehavior [ RunTime:0.000683s ]
NOTIC: [8] Object of class stdClass could not be converted to int C:\wamp\www\shop\App\Home\API\UserAPI.class.php 第 16 行.
NOTIC: [8] Object of class stdClass could not be converted to int C:\wamp\www\shop\App\Home\API\UserAPI.class.php 第 27 行.
NOTIC: [8] Object of class stdClass could not be converted to int C:\wamp\www\shop\App\Home\API\UserAPI.class.php 第 16 行.
INFO: Run Home\Behaviors\UserBehavior [ RunTime:0.001975s ]
INFO: [ app_begin ] --END-- [ RunTime:0.002825s ]
INFO: [ view_parse ] --START--
INFO: [ template_filter ] --START--
INFO: Run Behavior\ContentReplaceBehavior [ RunTime:0.000247s ]
INFO: [ template_filter ] --END-- [ RunTime:0.000346s ]
NOTIC: [8] Undefined variable: navbar C:\wamp\www\shop\App\Runtime\Cache\Home\b65fd5c808205a9ead04a1d4d9013416.php 第 27 行.
NOTIC: [2] Invalid argument supplied for foreach() C:\wamp\www\shop\App\Runtime\Cache\Home\b65fd5c808205a9ead04a1d4d9013416.php 第 27 行.
SQL: SHOW COLUMNS FROM `5000_navbar` [ RunTime:0.0038s ]
SQL: SELECT * FROM `5000_navbar` ORDER BY nav_index  [ RunTime:0.0004s ]
INFO: Run Behavior\ParseTemplateBehavior [ RunTime:0.031607s ]
INFO: [ view_parse ] --END-- [ RunTime:0.031700s ]
INFO: [ view_filter ] --START--
INFO: Run Behavior\WriteHtmlCacheBehavior [ RunTime:0.000546s ]
INFO: [ view_filter ] --END-- [ RunTime:0.000632s ]
INFO: [ app_end ] --START--
INFO: Run Behavior\ShowPageTraceBehavior [ RunTime:0.000887s ]
INFO: [ app_end ] --END-- [ RunTime:0.000979s ]

