[ 2016-11-13T00:07:12+08:00 ] ::1 /shop/
INFO: [ app_init ] --START--
INFO: Run Behavior\BuildLiteBehavior [ RunTime:0.000021s ]
INFO: [ app_init ] --END-- [ RunTime:0.000663s ]
INFO: [ app_begin ] --START--
INFO: Run Behavior\ReadHtmlCacheBehavior [ RunTime:0.000880s ]
NOTIC: [8] Undefined index: userInfo C:\wamp\www\shop\App\Home\API\UserAPI.class.php 第 15 行.
INFO: Run Home\Behaviors\UserBehavior [ RunTime:0.002580s ]
INFO: [ app_begin ] --END-- [ RunTime:0.003629s ]
INFO: [ view_parse ] --START--
INFO: [ template_filter ] --START--
INFO: Run Behavior\ContentReplaceBehavior [ RunTime:0.000072s ]
INFO: [ template_filter ] --END-- [ RunTime:0.000170s ]
NOTIC: [8] Undefined variable: navbar C:\wamp\www\shop\App\Runtime\Cache\Home\b65fd5c808205a9ead04a1d4d9013416.php 第 27 行.
NOTIC: [2] Invalid argument supplied for foreach() C:\wamp\www\shop\App\Runtime\Cache\Home\b65fd5c808205a9ead04a1d4d9013416.php 第 27 行.
SQL: SHOW COLUMNS FROM `5000_navbar` [ RunTime:0.0092s ]
SQL: SELECT * FROM `5000_navbar` ORDER BY nav_index  [ RunTime:0.0010s ]
NOTIC: [8] Undefined variable: global_user C:\wamp\www\shop\App\Runtime\Cache\Home\b65fd5c808205a9ead04a1d4d9013416.php 第 42 行.
INFO: Run Behavior\ParseTemplateBehavior [ RunTime:0.035610s ]
INFO: [ view_parse ] --END-- [ RunTime:0.035723s ]
INFO: [ view_filter ] --START--
INFO: Run Behavior\WriteHtmlCacheBehavior [ RunTime:0.001055s ]
INFO: [ view_filter ] --END-- [ RunTime:0.001169s ]
INFO: [ app_end ] --START--
INFO: Run Behavior\ShowPageTraceBehavior [ RunTime:0.000946s ]
INFO: [ app_end ] --END-- [ RunTime:0.001062s ]

[ 2016-11-13T00:45:56+08:00 ] ::1 /shop/Home/index
INFO: [ app_init ] --START--
INFO: Run Behavior\BuildLiteBehavior [ RunTime:0.000033s ]
INFO: [ app_init ] --END-- [ RunTime:0.000848s ]
INFO: [ app_begin ] --START--
INFO: Run Behavior\ReadHtmlCacheBehavior [ RunTime:0.000777s ]
NOTIC: [8] Undefined index: userInfo C:\wamp\www\shop\App\Home\API\UserAPI.class.php 第 15 行.
INFO: Run Home\Behaviors\UserBehavior [ RunTime:0.002008s ]
INFO: [ app_begin ] --END-- [ RunTime:0.002996s ]
INFO: [ view_parse ] --START--
INFO: [ template_filter ] --START--
INFO: Run Behavior\ContentReplaceBehavior [ RunTime:0.000095s ]
INFO: [ template_filter ] --END-- [ RunTime:0.000279s ]
NOTIC: [8] Undefined variable: navbar C:\wamp\www\shop\App\Runtime\Cache\Home\b65fd5c808205a9ead04a1d4d9013416.php 第 27 行.
NOTIC: [2] Invalid argument supplied for foreach() C:\wamp\www\shop\App\Runtime\Cache\Home\b65fd5c808205a9ead04a1d4d9013416.php 第 27 行.
SQL: SHOW COLUMNS FROM `5000_navbar` [ RunTime:0.0052s ]
SQL: SELECT * FROM `5000_navbar` ORDER BY nav_index  [ RunTime:0.0004s ]
NOTIC: [8] Undefined variable: global_user C:\wamp\www\shop\App\Runtime\Cache\Home\b65fd5c808205a9ead04a1d4d9013416.php 第 42 行.
INFO: Run Behavior\ParseTemplateBehavior [ RunTime:0.025930s ]
INFO: [ view_parse ] --END-- [ RunTime:0.026040s ]
INFO: [ view_filter ] --START--
INFO: Run Behavior\WriteHtmlCacheBehavior [ RunTime:0.000539s ]
INFO: [ view_filter ] --END-- [ RunTime:0.000626s ]
INFO: [ app_end ] --START--
INFO: Run Behavior\ShowPageTraceBehavior [ RunTime:0.000926s ]
INFO: [ app_end ] --END-- [ RunTime:0.001066s ]

[ 2016-11-13T00:45:59+08:00 ] ::1 /shop/Home/reg
INFO: [ app_init ] --START--
INFO: Run Behavior\BuildLiteBehavior [ RunTime:0.000222s ]
INFO: [ app_init ] --END-- [ RunTime:0.000702s ]
INFO: [ app_begin ] --START--
INFO: Run Behavior\ReadHtmlCacheBehavior [ RunTime:0.000715s ]
NOTIC: [8] Undefined index: userInfo C:\wamp\www\shop\App\Home\API\UserAPI.class.php 第 15 行.
INFO: Run Home\Behaviors\UserBehavior [ RunTime:0.001577s ]
INFO: [ app_begin ] --END-- [ RunTime:0.002437s ]
INFO: [ app_end ] --START--
INFO: Run Behavior\ShowPageTraceBehavior [ RunTime:0.001030s ]
INFO: [ app_end ] --END-- [ RunTime:0.001249s ]

[ 2016-11-13T00:46:21+08:00 ] ::1 /shop/Home/reg
INFO: [ app_init ] --START--
INFO: Run Behavior\BuildLiteBehavior [ RunTime:0.000024s ]
INFO: [ app_init ] --END-- [ RunTime:0.000702s ]
INFO: [ app_begin ] --START--
INFO: Run Behavior\ReadHtmlCacheBehavior [ RunTime:0.000921s ]
NOTIC: [8] Undefined index: userInfo C:\wamp\www\shop\App\Home\API\UserAPI.class.php 第 15 行.
INFO: Run Home\Behaviors\UserBehavior [ RunTime:0.002321s ]
INFO: [ app_begin ] --END-- [ RunTime:0.003445s ]
INFO: [ view_parse ] --START--
INFO: [ template_filter ] --START--
INFO: Run Behavior\ContentReplaceBehavior [ RunTime:0.000106s ]
INFO: [ template_filter ] --END-- [ RunTime:0.000287s ]
NOTIC: [8] Undefined variable: navbar C:\wamp\www\shop\App\Runtime\Cache\Home\2dae1f30f45b37ba2685d4c4b13e981d.php 第 27 行.
NOTIC: [2] Invalid argument supplied for foreach() C:\wamp\www\shop\App\Runtime\Cache\Home\2dae1f30f45b37ba2685d4c4b13e981d.php 第 27 行.
SQL: SHOW COLUMNS FROM `5000_navbar` [ RunTime:0.0076s ]
SQL: SELECT * FROM `5000_navbar` ORDER BY nav_index  [ RunTime:0.0007s ]
NOTIC: [8] Undefined variable: global_user C:\wamp\www\shop\App\Runtime\Cache\Home\2dae1f30f45b37ba2685d4c4b13e981d.php 第 42 行.
INFO: Run Behavior\ParseTemplateBehavior [ RunTime:0.030181s ]
INFO: [ view_parse ] --END-- [ RunTime:0.030304s ]
INFO: [ view_filter ] --START--
INFO: Run Behavior\WriteHtmlCacheBehavior [ RunTime:0.000756s ]
INFO: [ view_filter ] --END-- [ RunTime:0.000851s ]
INFO: [ app_end ] --START--
INFO: Run Behavior\ShowPageTraceBehavior [ RunTime:0.000941s ]
INFO: [ app_end ] --END-- [ RunTime:0.001041s ]

[ 2016-11-13T00:46:33+08:00 ] ::1 /shop/Home/reg
INFO: [ app_init ] --START--
INFO: Run Behavior\BuildLiteBehavior [ RunTime:0.000022s ]
INFO: [ app_init ] --END-- [ RunTime:0.000556s ]
INFO: [ app_begin ] --START--
INFO: Run Behavior\ReadHtmlCacheBehavior [ RunTime:0.000795s ]
NOTIC: [8] Undefined index: userInfo C:\wamp\www\shop\App\Home\API\UserAPI.class.php 第 15 行.
INFO: Run Home\Behaviors\UserBehavior [ RunTime:0.002418s ]
INFO: [ app_begin ] --END-- [ RunTime:0.003369s ]
INFO: [ view_parse ] --START--
INFO: [ template_filter ] --START--
INFO: Run Behavior\ContentReplaceBehavior [ RunTime:0.000064s ]
INFO: [ template_filter ] --END-- [ RunTime:0.000245s ]
NOTIC: [8] Undefined variable: navbar C:\wamp\www\shop\App\Runtime\Cache\Home\2dae1f30f45b37ba2685d4c4b13e981d.php 第 27 行.
NOTIC: [2] Invalid argument supplied for foreach() C:\wamp\www\shop\App\Runtime\Cache\Home\2dae1f30f45b37ba2685d4c4b13e981d.php 第 27 行.
SQL: SHOW COLUMNS FROM `5000_navbar` [ RunTime:0.0059s ]
SQL: SELECT * FROM `5000_navbar` ORDER BY nav_index  [ RunTime:0.0004s ]
NOTIC: [8] Undefined variable: global_user C:\wamp\www\shop\App\Runtime\Cache\Home\2dae1f30f45b37ba2685d4c4b13e981d.php 第 42 行.
INFO: Run Behavior\ParseTemplateBehavior [ RunTime:0.037437s ]
INFO: [ view_parse ] --END-- [ RunTime:0.037538s ]
INFO: [ view_filter ] --START--
INFO: Run Behavior\WriteHtmlCacheBehavior [ RunTime:0.000805s ]
INFO: [ view_filter ] --END-- [ RunTime:0.000936s ]
INFO: [ app_end ] --START--
INFO: Run Behavior\ShowPageTraceBehavior [ RunTime:0.000795s ]
INFO: [ app_end ] --END-- [ RunTime:0.000960s ]

[ 2016-11-13T00:46:34+08:00 ] ::1 /shop/Home/reg
INFO: [ app_init ] --START--
INFO: Run Behavior\BuildLiteBehavior [ RunTime:0.000021s ]
INFO: [ app_init ] --END-- [ RunTime:0.000527s ]
INFO: [ app_begin ] --START--
INFO: Run Behavior\ReadHtmlCacheBehavior [ RunTime:0.000816s ]
NOTIC: [8] Undefined index: userInfo C:\wamp\www\shop\App\Home\API\UserAPI.class.php 第 15 行.
INFO: Run Home\Behaviors\UserBehavior [ RunTime:0.001626s ]
INFO: [ app_begin ] --END-- [ RunTime:0.002674s ]
INFO: [ view_parse ] --START--
INFO: [ template_filter ] --START--
INFO: Run Behavior\ContentReplaceBehavior [ RunTime:0.000093s ]
INFO: [ template_filter ] --END-- [ RunTime:0.000237s ]
NOTIC: [8] Undefined variable: navbar C:\wamp\www\shop\App\Runtime\Cache\Home\2dae1f30f45b37ba2685d4c4b13e981d.php 第 27 行.
NOTIC: [2] Invalid argument supplied for foreach() C:\wamp\www\shop\App\Runtime\Cache\Home\2dae1f30f45b37ba2685d4c4b13e981d.php 第 27 行.
SQL: SHOW COLUMNS FROM `5000_navbar` [ RunTime:0.0061s ]
SQL: SELECT * FROM `5000_navbar` ORDER BY nav_index  [ RunTime:0.0003s ]
NOTIC: [8] Undefined variable: global_user C:\wamp\www\shop\App\Runtime\Cache\Home\2dae1f30f45b37ba2685d4c4b13e981d.php 第 42 行.
INFO: Run Behavior\ParseTemplateBehavior [ RunTime:0.038487s ]
INFO: [ view_parse ] --END-- [ RunTime:0.038585s ]
INFO: [ view_filter ] --START--
INFO: Run Behavior\WriteHtmlCacheBehavior [ RunTime:0.000463s ]
INFO: [ view_filter ] --END-- [ RunTime:0.000655s ]
INFO: [ app_end ] --START--
INFO: Run Behavior\ShowPageTraceBehavior [ RunTime:0.000692s ]
INFO: [ app_end ] --END-- [ RunTime:0.000827s ]

[ 2016-11-13T00:46:35+08:00 ] ::1 /shop/Home/reg
INFO: [ app_init ] --START--
INFO: Run Behavior\BuildLiteBehavior [ RunTime:0.000024s ]
INFO: [ app_init ] --END-- [ RunTime:0.000596s ]
INFO: [ app_begin ] --START--
INFO: Run Behavior\ReadHtmlCacheBehavior [ RunTime:0.000638s ]
NOTIC: [8] Undefined index: userInfo C:\wamp\www\shop\App\Home\API\UserAPI.class.php 第 15 行.
INFO: Run Home\Behaviors\UserBehavior [ RunTime:0.002252s ]
INFO: [ app_begin ] --END-- [ RunTime:0.003051s ]
INFO: [ view_parse ] --START--
INFO: [ template_filter ] --START--
INFO: Run Behavior\ContentReplaceBehavior [ RunTime:0.000113s ]
INFO: [ template_filter ] --END-- [ RunTime:0.000259s ]
NOTIC: [8] Undefined variable: navbar C:\wamp\www\shop\App\Runtime\Cache\Home\2dae1f30f45b37ba2685d4c4b13e981d.php 第 27 行.
NOTIC: [2] Invalid argument supplied for foreach() C:\wamp\www\shop\App\Runtime\Cache\Home\2dae1f30f45b37ba2685d4c4b13e981d.php 第 27 行.
SQL: SHOW COLUMNS FROM `5000_navbar` [ RunTime:0.0061s ]
SQL: SELECT * FROM `5000_navbar` ORDER BY nav_index  [ RunTime:0.0004s ]
NOTIC: [8] Undefined variable: global_user C:\wamp\www\shop\App\Runtime\Cache\Home\2dae1f30f45b37ba2685d4c4b13e981d.php 第 42 行.
INFO: Run Behavior\ParseTemplateBehavior [ RunTime:0.035907s ]
INFO: [ view_parse ] --END-- [ RunTime:0.036017s ]
INFO: [ view_filter ] --START--
INFO: Run Behavior\WriteHtmlCacheBehavior [ RunTime:0.000513s ]
INFO: [ view_filter ] --END-- [ RunTime:0.000626s ]
INFO: [ app_end ] --START--
INFO: Run Behavior\ShowPageTraceBehavior [ RunTime:0.001035s ]
INFO: [ app_end ] --END-- [ RunTime:0.001165s ]

[ 2016-11-13T00:48:01+08:00 ] ::1 /shop/Home/reg
INFO: [ app_init ] --START--
INFO: Run Behavior\BuildLiteBehavior [ RunTime:0.000020s ]
INFO: [ app_init ] --END-- [ RunTime:0.000579s ]
INFO: [ app_begin ] --START--
INFO: Run Behavior\ReadHtmlCacheBehavior [ RunTime:0.000753s ]
NOTIC: [8] Undefined index: userInfo C:\wamp\www\shop\App\Home\API\UserAPI.class.php 第 15 行.
INFO: Run Home\Behaviors\UserBehavior [ RunTime:0.002083s ]
INFO: [ app_begin ] --END-- [ RunTime:0.003000s ]
INFO: [ view_parse ] --START--
INFO: [ template_filter ] --START--
INFO: Run Behavior\ContentReplaceBehavior [ RunTime:0.000064s ]
INFO: [ template_filter ] --END-- [ RunTime:0.000155s ]
NOTIC: [8] Undefined variable: navbar C:\wamp\www\shop\App\Runtime\Cache\Home\2dae1f30f45b37ba2685d4c4b13e981d.php 第 27 行.
NOTIC: [2] Invalid argument supplied for foreach() C:\wamp\www\shop\App\Runtime\Cache\Home\2dae1f30f45b37ba2685d4c4b13e981d.php 第 27 行.
SQL: SHOW COLUMNS FROM `5000_navbar` [ RunTime:0.0065s ]
SQL: SELECT * FROM `5000_navbar` ORDER BY nav_index  [ RunTime:0.0004s ]
NOTIC: [8] Undefined variable: global_user C:\wamp\www\shop\App\Runtime\Cache\Home\2dae1f30f45b37ba2685d4c4b13e981d.php 第 42 行.
NOTIC: [8] Undefined variable: errorInfo C:\wamp\www\shop\App\Runtime\Cache\Home\2dae1f30f45b37ba2685d4c4b13e981d.php 第 81 行.
INFO: Run Behavior\ParseTemplateBehavior [ RunTime:0.026470s ]
INFO: [ view_parse ] --END-- [ RunTime:0.026572s ]
INFO: [ view_filter ] --START--
INFO: Run Behavior\WriteHtmlCacheBehavior [ RunTime:0.000584s ]
INFO: [ view_filter ] --END-- [ RunTime:0.000668s ]
INFO: [ app_end ] --START--
INFO: Run Behavior\ShowPageTraceBehavior [ RunTime:0.000643s ]
INFO: [ app_end ] --END-- [ RunTime:0.000729s ]

[ 2016-11-13T00:48:41+08:00 ] ::1 /shop/Home/reg
INFO: [ app_init ] --START--
INFO: Run Behavior\BuildLiteBehavior [ RunTime:0.000021s ]
INFO: [ app_init ] --END-- [ RunTime:0.000538s ]
INFO: [ app_begin ] --START--
INFO: Run Behavior\ReadHtmlCacheBehavior [ RunTime:0.000777s ]
NOTIC: [8] Undefined index: userInfo C:\wamp\www\shop\App\Home\API\UserAPI.class.php 第 15 行.
INFO: Run Home\Behaviors\UserBehavior [ RunTime:0.002600s ]
INFO: [ app_begin ] --END-- [ RunTime:0.003540s ]
INFO: [ view_parse ] --START--
INFO: [ template_filter ] --START--
INFO: Run Behavior\ContentReplaceBehavior [ RunTime:0.000061s ]
INFO: [ template_filter ] --END-- [ RunTime:0.000153s ]
NOTIC: [8] Undefined variable: navbar C:\wamp\www\shop\App\Runtime\Cache\Home\2dae1f30f45b37ba2685d4c4b13e981d.php 第 27 行.
NOTIC: [2] Invalid argument supplied for foreach() C:\wamp\www\shop\App\Runtime\Cache\Home\2dae1f30f45b37ba2685d4c4b13e981d.php 第 27 行.
SQL: SHOW COLUMNS FROM `5000_navbar` [ RunTime:0.0046s ]
SQL: SELECT * FROM `5000_navbar` ORDER BY nav_index  [ RunTime:0.0003s ]
NOTIC: [8] Undefined variable: global_user C:\wamp\www\shop\App\Runtime\Cache\Home\2dae1f30f45b37ba2685d4c4b13e981d.php 第 42 行.
NOTIC: [8] Undefined variable: errorInfo C:\wamp\www\shop\App\Runtime\Cache\Home\2dae1f30f45b37ba2685d4c4b13e981d.php 第 81 行.
INFO: Run Behavior\ParseTemplateBehavior [ RunTime:0.034958s ]
INFO: [ view_parse ] --END-- [ RunTime:0.035124s ]
INFO: [ view_filter ] --START--
INFO: Run Behavior\WriteHtmlCacheBehavior [ RunTime:0.000464s ]
INFO: [ view_filter ] --END-- [ RunTime:0.000546s ]
INFO: [ app_end ] --START--
INFO: Run Behavior\ShowPageTraceBehavior [ RunTime:0.000694s ]
INFO: [ app_end ] --END-- [ RunTime:0.000778s ]

[ 2016-11-13T00:48:42+08:00 ] ::1 /shop/Home/reg
INFO: [ app_init ] --START--
INFO: Run Behavior\BuildLiteBehavior [ RunTime:0.000022s ]
INFO: [ app_init ] --END-- [ RunTime:0.000627s ]
INFO: [ app_begin ] --START--
INFO: Run Behavior\ReadHtmlCacheBehavior [ RunTime:0.000543s ]
NOTIC: [8] Undefined index: userInfo C:\wamp\www\shop\App\Home\API\UserAPI.class.php 第 15 行.
INFO: Run Home\Behaviors\UserBehavior [ RunTime:0.001719s ]
INFO: [ app_begin ] --END-- [ RunTime:0.002457s ]
INFO: [ view_parse ] --START--
INFO: [ template_filter ] --START--
INFO: Run Behavior\ContentReplaceBehavior [ RunTime:0.000073s ]
INFO: [ template_filter ] --END-- [ RunTime:0.000223s ]
NOTIC: [8] Undefined variable: navbar C:\wamp\www\shop\App\Runtime\Cache\Home\2dae1f30f45b37ba2685d4c4b13e981d.php 第 27 行.
NOTIC: [2] Invalid argument supplied for foreach() C:\wamp\www\shop\App\Runtime\Cache\Home\2dae1f30f45b37ba2685d4c4b13e981d.php 第 27 行.
SQL: SHOW COLUMNS FROM `5000_navbar` [ RunTime:0.0042s ]
SQL: SELECT * FROM `5000_navbar` ORDER BY nav_index  [ RunTime:0.0003s ]
NOTIC: [8] Undefined variable: global_user C:\wamp\www\shop\App\Runtime\Cache\Home\2dae1f30f45b37ba2685d4c4b13e981d.php 第 42 行.
NOTIC: [8] Undefined variable: errorInfo C:\wamp\www\shop\App\Runtime\Cache\Home\2dae1f30f45b37ba2685d4c4b13e981d.php 第 81 行.
INFO: Run Behavior\ParseTemplateBehavior [ RunTime:0.034450s ]
INFO: [ view_parse ] --END-- [ RunTime:0.034543s ]
INFO: [ view_filter ] --START--
INFO: Run Behavior\WriteHtmlCacheBehavior [ RunTime:0.000456s ]
INFO: [ view_filter ] --END-- [ RunTime:0.000537s ]
INFO: [ app_end ] --START--
INFO: Run Behavior\ShowPageTraceBehavior [ RunTime:0.000776s ]
INFO: [ app_end ] --END-- [ RunTime:0.000897s ]

[ 2016-11-13T00:48:43+08:00 ] ::1 /shop/Home/reg
INFO: [ app_init ] --START--
INFO: Run Behavior\BuildLiteBehavior [ RunTime:0.000031s ]
INFO: [ app_init ] --END-- [ RunTime:0.000684s ]
INFO: [ app_begin ] --START--
INFO: Run Behavior\ReadHtmlCacheBehavior [ RunTime:0.000758s ]
NOTIC: [8] Undefined index: userInfo C:\wamp\www\shop\App\Home\API\UserAPI.class.php 第 15 行.
INFO: Run Home\Behaviors\UserBehavior [ RunTime:0.001696s ]
INFO: [ app_begin ] --END-- [ RunTime:0.002664s ]
INFO: [ view_parse ] --START--
INFO: [ template_filter ] --START--
INFO: Run Behavior\ContentReplaceBehavior [ RunTime:0.000119s ]
INFO: [ template_filter ] --END-- [ RunTime:0.000282s ]
NOTIC: [8] Undefined variable: navbar C:\wamp\www\shop\App\Runtime\Cache\Home\2dae1f30f45b37ba2685d4c4b13e981d.php 第 27 行.
NOTIC: [2] Invalid argument supplied for foreach() C:\wamp\www\shop\App\Runtime\Cache\Home\2dae1f30f45b37ba2685d4c4b13e981d.php 第 27 行.
SQL: SHOW COLUMNS FROM `5000_navbar` [ RunTime:0.0046s ]
SQL: SELECT * FROM `5000_navbar` ORDER BY nav_index  [ RunTime:0.0004s ]
NOTIC: [8] Undefined variable: global_user C:\wamp\www\shop\App\Runtime\Cache\Home\2dae1f30f45b37ba2685d4c4b13e981d.php 第 42 行.
NOTIC: [8] Undefined variable: errorInfo C:\wamp\www\shop\App\Runtime\Cache\Home\2dae1f30f45b37ba2685d4c4b13e981d.php 第 81 行.
INFO: Run Behavior\ParseTemplateBehavior [ RunTime:0.032690s ]
INFO: [ view_parse ] --END-- [ RunTime:0.032776s ]
INFO: [ view_filter ] --START--
INFO: Run Behavior\WriteHtmlCacheBehavior [ RunTime:0.000419s ]
INFO: [ view_filter ] --END-- [ RunTime:0.000512s ]
INFO: [ app_end ] --START--
INFO: Run Behavior\ShowPageTraceBehavior [ RunTime:0.000640s ]
INFO: [ app_end ] --END-- [ RunTime:0.000728s ]

[ 2016-11-13T00:48:43+08:00 ] ::1 /shop/Home/reg
INFO: [ app_init ] --START--
INFO: Run Behavior\BuildLiteBehavior [ RunTime:0.000021s ]
INFO: [ app_init ] --END-- [ RunTime:0.000475s ]
INFO: [ app_begin ] --START--
INFO: Run Behavior\ReadHtmlCacheBehavior [ RunTime:0.000510s ]
NOTIC: [8] Undefined index: userInfo C:\wamp\www\shop\App\Home\API\UserAPI.class.php 第 15 行.
INFO: Run Home\Behaviors\UserBehavior [ RunTime:0.002007s ]
INFO: [ app_begin ] --END-- [ RunTime:0.002671s ]
INFO: [ view_parse ] --START--
INFO: [ template_filter ] --START--
INFO: Run Behavior\ContentReplaceBehavior [ RunTime:0.000155s ]
INFO: [ template_filter ] --END-- [ RunTime:0.000643s ]
NOTIC: [8] Undefined variable: navbar C:\wamp\www\shop\App\Runtime\Cache\Home\2dae1f30f45b37ba2685d4c4b13e981d.php 第 27 行.
NOTIC: [2] Invalid argument supplied for foreach() C:\wamp\www\shop\App\Runtime\Cache\Home\2dae1f30f45b37ba2685d4c4b13e981d.php 第 27 行.
SQL: SHOW COLUMNS FROM `5000_navbar` [ RunTime:0.0047s ]
SQL: SELECT * FROM `5000_navbar` ORDER BY nav_index  [ RunTime:0.0004s ]
NOTIC: [8] Undefined variable: global_user C:\wamp\www\shop\App\Runtime\Cache\Home\2dae1f30f45b37ba2685d4c4b13e981d.php 第 42 行.
NOTIC: [8] Undefined variable: errorInfo C:\wamp\www\shop\App\Runtime\Cache\Home\2dae1f30f45b37ba2685d4c4b13e981d.php 第 81 行.
INFO: Run Behavior\ParseTemplateBehavior [ RunTime:0.034393s ]
INFO: [ view_parse ] --END-- [ RunTime:0.034497s ]
INFO: [ view_filter ] --START--
INFO: Run Behavior\WriteHtmlCacheBehavior [ RunTime:0.000466s ]
INFO: [ view_filter ] --END-- [ RunTime:0.000549s ]
INFO: [ app_end ] --START--
INFO: Run Behavior\ShowPageTraceBehavior [ RunTime:0.000693s ]
INFO: [ app_end ] --END-- [ RunTime:0.000820s ]

[ 2016-11-13T00:48:44+08:00 ] ::1 /shop/Home/reg
INFO: [ app_init ] --START--
INFO: Run Behavior\BuildLiteBehavior [ RunTime:0.000023s ]
INFO: [ app_init ] --END-- [ RunTime:0.000518s ]
INFO: [ app_begin ] --START--
INFO: Run Behavior\ReadHtmlCacheBehavior [ RunTime:0.000782s ]
NOTIC: [8] Undefined index: userInfo C:\wamp\www\shop\App\Home\API\UserAPI.class.php 第 15 行.
INFO: Run Home\Behaviors\UserBehavior [ RunTime:0.002911s ]
INFO: [ app_begin ] --END-- [ RunTime:0.003899s ]
INFO: [ view_parse ] --START--
INFO: [ template_filter ] --START--
INFO: Run Behavior\ContentReplaceBehavior [ RunTime:0.000112s ]
INFO: [ template_filter ] --END-- [ RunTime:0.000279s ]
NOTIC: [8] Undefined variable: navbar C:\wamp\www\shop\App\Runtime\Cache\Home\2dae1f30f45b37ba2685d4c4b13e981d.php 第 27 行.
NOTIC: [2] Invalid argument supplied for foreach() C:\wamp\www\shop\App\Runtime\Cache\Home\2dae1f30f45b37ba2685d4c4b13e981d.php 第 27 行.
SQL: SHOW COLUMNS FROM `5000_navbar` [ RunTime:0.0053s ]
SQL: SELECT * FROM `5000_navbar` ORDER BY nav_index  [ RunTime:0.0005s ]
NOTIC: [8] Undefined variable: global_user C:\wamp\www\shop\App\Runtime\Cache\Home\2dae1f30f45b37ba2685d4c4b13e981d.php 第 42 行.
NOTIC: [8] Undefined variable: errorInfo C:\wamp\www\shop\App\Runtime\Cache\Home\2dae1f30f45b37ba2685d4c4b13e981d.php 第 81 行.
INFO: Run Behavior\ParseTemplateBehavior [ RunTime:0.027996s ]
INFO: [ view_parse ] --END-- [ RunTime:0.028119s ]
INFO: [ view_filter ] --START--
INFO: Run Behavior\WriteHtmlCacheBehavior [ RunTime:0.000743s ]
INFO: [ view_filter ] --END-- [ RunTime:0.000856s ]
INFO: [ app_end ] --START--
INFO: Run Behavior\ShowPageTraceBehavior [ RunTime:0.000840s ]
INFO: [ app_end ] --END-- [ RunTime:0.000937s ]

[ 2016-11-13T00:48:44+08:00 ] ::1 /shop/Home/reg
INFO: [ app_init ] --START--
INFO: Run Behavior\BuildLiteBehavior [ RunTime:0.000020s ]
INFO: [ app_init ] --END-- [ RunTime:0.000554s ]
INFO: [ app_begin ] --START--
INFO: Run Behavior\ReadHtmlCacheBehavior [ RunTime:0.000557s ]
NOTIC: [8] Undefined index: userInfo C:\wamp\www\shop\App\Home\API\UserAPI.class.php 第 15 行.
INFO: Run Home\Behaviors\UserBehavior [ RunTime:0.001817s ]
INFO: [ app_begin ] --END-- [ RunTime:0.002540s ]
INFO: [ view_parse ] --START--
INFO: [ template_filter ] --START--
INFO: Run Behavior\ContentReplaceBehavior [ RunTime:0.000122s ]
INFO: [ template_filter ] --END-- [ RunTime:0.000240s ]
NOTIC: [8] Undefined variable: navbar C:\wamp\www\shop\App\Runtime\Cache\Home\2dae1f30f45b37ba2685d4c4b13e981d.php 第 27 行.
NOTIC: [2] Invalid argument supplied for foreach() C:\wamp\www\shop\App\Runtime\Cache\Home\2dae1f30f45b37ba2685d4c4b13e981d.php 第 27 行.
SQL: SHOW COLUMNS FROM `5000_navbar` [ RunTime:0.0050s ]
SQL: SELECT * FROM `5000_navbar` ORDER BY nav_index  [ RunTime:0.0006s ]
NOTIC: [8] Undefined variable: global_user C:\wamp\www\shop\App\Runtime\Cache\Home\2dae1f30f45b37ba2685d4c4b13e981d.php 第 42 行.
NOTIC: [8] Undefined variable: errorInfo C:\wamp\www\shop\App\Runtime\Cache\Home\2dae1f30f45b37ba2685d4c4b13e981d.php 第 81 行.
INFO: Run Behavior\ParseTemplateBehavior [ RunTime:0.033559s ]
INFO: [ view_parse ] --END-- [ RunTime:0.033646s ]
INFO: [ view_filter ] --START--
INFO: Run Behavior\WriteHtmlCacheBehavior [ RunTime:0.000669s ]
INFO: [ view_filter ] --END-- [ RunTime:0.000819s ]
INFO: [ app_end ] --START--
INFO: Run Behavior\ShowPageTraceBehavior [ RunTime:0.000775s ]
INFO: [ app_end ] --END-- [ RunTime:0.000891s ]

[ 2016-11-13T00:48:45+08:00 ] ::1 /shop/Home/reg
INFO: [ app_init ] --START--
INFO: Run Behavior\BuildLiteBehavior [ RunTime:0.000021s ]
INFO: [ app_init ] --END-- [ RunTime:0.000470s ]
INFO: [ app_begin ] --START--
INFO: Run Behavior\ReadHtmlCacheBehavior [ RunTime:0.000524s ]
NOTIC: [8] Undefined index: userInfo C:\wamp\www\shop\App\Home\API\UserAPI.class.php 第 15 行.
INFO: Run Home\Behaviors\UserBehavior [ RunTime:0.001652s ]
INFO: [ app_begin ] --END-- [ RunTime:0.002334s ]
INFO: [ view_parse ] --START--
INFO: [ template_filter ] --START--
INFO: Run Behavior\ContentReplaceBehavior [ RunTime:0.000132s ]
INFO: [ template_filter ] --END-- [ RunTime:0.000328s ]
NOTIC: [8] Undefined variable: navbar C:\wamp\www\shop\App\Runtime\Cache\Home\2dae1f30f45b37ba2685d4c4b13e981d.php 第 27 行.
NOTIC: [2] Invalid argument supplied for foreach() C:\wamp\www\shop\App\Runtime\Cache\Home\2dae1f30f45b37ba2685d4c4b13e981d.php 第 27 行.
SQL: SHOW COLUMNS FROM `5000_navbar` [ RunTime:0.0042s ]
SQL: SELECT * FROM `5000_navbar` ORDER BY nav_index  [ RunTime:0.0004s ]
NOTIC: [8] Undefined variable: global_user C:\wamp\www\shop\App\Runtime\Cache\Home\2dae1f30f45b37ba2685d4c4b13e981d.php 第 42 行.
NOTIC: [8] Undefined variable: errorInfo C:\wamp\www\shop\App\Runtime\Cache\Home\2dae1f30f45b37ba2685d4c4b13e981d.php 第 81 行.
INFO: Run Behavior\ParseTemplateBehavior [ RunTime:0.033910s ]
INFO: [ view_parse ] --END-- [ RunTime:0.033996s ]
INFO: [ view_filter ] --START--
INFO: Run Behavior\WriteHtmlCacheBehavior [ RunTime:0.000377s ]
INFO: [ view_filter ] --END-- [ RunTime:0.000535s ]
INFO: [ app_end ] --START--
INFO: Run Behavior\ShowPageTraceBehavior [ RunTime:0.000588s ]
INFO: [ app_end ] --END-- [ RunTime:0.000674s ]

[ 2016-11-13T00:48:45+08:00 ] ::1 /shop/Home/reg
INFO: [ app_init ] --START--
INFO: Run Behavior\BuildLiteBehavior [ RunTime:0.000022s ]
INFO: [ app_init ] --END-- [ RunTime:0.000490s ]
INFO: [ app_begin ] --START--
INFO: Run Behavior\ReadHtmlCacheBehavior [ RunTime:0.000505s ]
NOTIC: [8] Undefined index: userInfo C:\wamp\www\shop\App\Home\API\UserAPI.class.php 第 15 行.
INFO: Run Home\Behaviors\UserBehavior [ RunTime:0.002008s ]
INFO: [ app_begin ] --END-- [ RunTime:0.002680s ]
INFO: [ view_parse ] --START--
INFO: [ template_filter ] --START--
INFO: Run Behavior\ContentReplaceBehavior [ RunTime:0.000083s ]
INFO: [ template_filter ] --END-- [ RunTime:0.000264s ]
NOTIC: [8] Undefined variable: navbar C:\wamp\www\shop\App\Runtime\Cache\Home\2dae1f30f45b37ba2685d4c4b13e981d.php 第 27 行.
NOTIC: [2] Invalid argument supplied for foreach() C:\wamp\www\shop\App\Runtime\Cache\Home\2dae1f30f45b37ba2685d4c4b13e981d.php 第 27 行.
SQL: SHOW COLUMNS FROM `5000_navbar` [ RunTime:0.0053s ]
SQL: SELECT * FROM `5000_navbar` ORDER BY nav_index  [ RunTime:0.0003s ]
NOTIC: [8] Undefined variable: global_user C:\wamp\www\shop\App\Runtime\Cache\Home\2dae1f30f45b37ba2685d4c4b13e981d.php 第 42 行.
NOTIC: [8] Undefined variable: errorInfo C:\wamp\www\shop\App\Runtime\Cache\Home\2dae1f30f45b37ba2685d4c4b13e981d.php 第 81 行.
INFO: Run Behavior\ParseTemplateBehavior [ RunTime:0.034696s ]
INFO: [ view_parse ] --END-- [ RunTime:0.034806s ]
INFO: [ view_filter ] --START--
INFO: Run Behavior\WriteHtmlCacheBehavior [ RunTime:0.000547s ]
INFO: [ view_filter ] --END-- [ RunTime:0.000632s ]
INFO: [ app_end ] --START--
INFO: Run Behavior\ShowPageTraceBehavior [ RunTime:0.000678s ]
INFO: [ app_end ] --END-- [ RunTime:0.000766s ]

[ 2016-11-13T00:48:46+08:00 ] ::1 /shop/Home/reg
INFO: [ app_init ] --START--
INFO: Run Behavior\BuildLiteBehavior [ RunTime:0.000021s ]
INFO: [ app_init ] --END-- [ RunTime:0.000567s ]
INFO: [ app_begin ] --START--
INFO: Run Behavior\ReadHtmlCacheBehavior [ RunTime:0.000515s ]
NOTIC: [8] Undefined index: userInfo C:\wamp\www\shop\App\Home\API\UserAPI.class.php 第 15 行.
INFO: Run Home\Behaviors\UserBehavior [ RunTime:0.001836s ]
INFO: [ app_begin ] --END-- [ RunTime:0.002510s ]
INFO: [ view_parse ] --START--
INFO: [ template_filter ] --START--
INFO: Run Behavior\ContentReplaceBehavior [ RunTime:0.000084s ]
INFO: [ template_filter ] --END-- [ RunTime:0.000185s ]
NOTIC: [8] Undefined variable: navbar C:\wamp\www\shop\App\Runtime\Cache\Home\2dae1f30f45b37ba2685d4c4b13e981d.php 第 27 行.
NOTIC: [2] Invalid argument supplied for foreach() C:\wamp\www\shop\App\Runtime\Cache\Home\2dae1f30f45b37ba2685d4c4b13e981d.php 第 27 行.
SQL: SHOW COLUMNS FROM `5000_navbar` [ RunTime:0.0051s ]
SQL: SELECT * FROM `5000_navbar` ORDER BY nav_index  [ RunTime:0.0005s ]
NOTIC: [8] Undefined variable: global_user C:\wamp\www\shop\App\Runtime\Cache\Home\2dae1f30f45b37ba2685d4c4b13e981d.php 第 42 行.
NOTIC: [8] Undefined variable: errorInfo C:\wamp\www\shop\App\Runtime\Cache\Home\2dae1f30f45b37ba2685d4c4b13e981d.php 第 81 行.
INFO: Run Behavior\ParseTemplateBehavior [ RunTime:0.032118s ]
INFO: [ view_parse ] --END-- [ RunTime:0.032210s ]
INFO: [ view_filter ] --START--
INFO: Run Behavior\WriteHtmlCacheBehavior [ RunTime:0.000721s ]
INFO: [ view_filter ] --END-- [ RunTime:0.000864s ]
INFO: [ app_end ] --START--
INFO: Run Behavior\ShowPageTraceBehavior [ RunTime:0.001260s ]
INFO: [ app_end ] --END-- [ RunTime:0.001456s ]

[ 2016-11-13T00:48:46+08:00 ] ::1 /shop/Home/reg
INFO: [ app_init ] --START--
INFO: Run Behavior\BuildLiteBehavior [ RunTime:0.000036s ]
INFO: [ app_init ] --END-- [ RunTime:0.000802s ]
INFO: [ app_begin ] --START--
INFO: Run Behavior\ReadHtmlCacheBehavior [ RunTime:0.000501s ]
NOTIC: [8] Undefined index: userInfo C:\wamp\www\shop\App\Home\API\UserAPI.class.php 第 15 行.
INFO: Run Home\Behaviors\UserBehavior [ RunTime:0.001546s ]
INFO: [ app_begin ] --END-- [ RunTime:0.002198s ]
INFO: [ view_parse ] --START--
INFO: [ template_filter ] --START--
INFO: Run Behavior\ContentReplaceBehavior [ RunTime:0.000065s ]
INFO: [ template_filter ] --END-- [ RunTime:0.000190s ]
NOTIC: [8] Undefined variable: navbar C:\wamp\www\shop\App\Runtime\Cache\Home\2dae1f30f45b37ba2685d4c4b13e981d.php 第 27 行.
NOTIC: [2] Invalid argument supplied for foreach() C:\wamp\www\shop\App\Runtime\Cache\Home\2dae1f30f45b37ba2685d4c4b13e981d.php 第 27 行.
SQL: SHOW COLUMNS FROM `5000_navbar` [ RunTime:0.0053s ]
SQL: SELECT * FROM `5000_navbar` ORDER BY nav_index  [ RunTime:0.0004s ]
NOTIC: [8] Undefined variable: global_user C:\wamp\www\shop\App\Runtime\Cache\Home\2dae1f30f45b37ba2685d4c4b13e981d.php 第 42 行.
NOTIC: [8] Undefined variable: errorInfo C:\wamp\www\shop\App\Runtime\Cache\Home\2dae1f30f45b37ba2685d4c4b13e981d.php 第 81 行.
INFO: Run Behavior\ParseTemplateBehavior [ RunTime:0.035080s ]
INFO: [ view_parse ] --END-- [ RunTime:0.035170s ]
INFO: [ view_filter ] --START--
INFO: Run Behavior\WriteHtmlCacheBehavior [ RunTime:0.000567s ]
INFO: [ view_filter ] --END-- [ RunTime:0.000665s ]
INFO: [ app_end ] --START--
INFO: Run Behavior\ShowPageTraceBehavior [ RunTime:0.000670s ]
INFO: [ app_end ] --END-- [ RunTime:0.000792s ]

[ 2016-11-13T00:48:47+08:00 ] ::1 /shop/Home/reg
INFO: [ app_init ] --START--
INFO: Run Behavior\BuildLiteBehavior [ RunTime:0.000021s ]
INFO: [ app_init ] --END-- [ RunTime:0.000686s ]
INFO: [ app_begin ] --START--
INFO: Run Behavior\ReadHtmlCacheBehavior [ RunTime:0.000647s ]
NOTIC: [8] Undefined index: userInfo C:\wamp\www\shop\App\Home\API\UserAPI.class.php 第 15 行.
INFO: Run Home\Behaviors\UserBehavior [ RunTime:0.002181s ]
INFO: [ app_begin ] --END-- [ RunTime:0.003023s ]
INFO: [ view_parse ] --START--
INFO: [ template_filter ] --START--
INFO: Run Behavior\ContentReplaceBehavior [ RunTime:0.000149s ]
INFO: [ template_filter ] --END-- [ RunTime:0.000360s ]
NOTIC: [8] Undefined variable: navbar C:\wamp\www\shop\App\Runtime\Cache\Home\2dae1f30f45b37ba2685d4c4b13e981d.php 第 27 行.
NOTIC: [2] Invalid argument supplied for foreach() C:\wamp\www\shop\App\Runtime\Cache\Home\2dae1f30f45b37ba2685d4c4b13e981d.php 第 27 行.
SQL: SHOW COLUMNS FROM `5000_navbar` [ RunTime:0.0051s ]
SQL: SELECT * FROM `5000_navbar` ORDER BY nav_index  [ RunTime:0.0007s ]
NOTIC: [8] Undefined variable: global_user C:\wamp\www\shop\App\Runtime\Cache\Home\2dae1f30f45b37ba2685d4c4b13e981d.php 第 42 行.
NOTIC: [8] Undefined variable: errorInfo C:\wamp\www\shop\App\Runtime\Cache\Home\2dae1f30f45b37ba2685d4c4b13e981d.php 第 81 行.
INFO: Run Behavior\ParseTemplateBehavior [ RunTime:0.034185s ]
INFO: [ view_parse ] --END-- [ RunTime:0.034309s ]
INFO: [ view_filter ] --START--
INFO: Run Behavior\WriteHtmlCacheBehavior [ RunTime:0.000532s ]
INFO: [ view_filter ] --END-- [ RunTime:0.000625s ]
INFO: [ app_end ] --START--
INFO: Run Behavior\ShowPageTraceBehavior [ RunTime:0.000980s ]
INFO: [ app_end ] --END-- [ RunTime:0.001085s ]

[ 2016-11-13T00:48:47+08:00 ] ::1 /shop/Home/reg
INFO: [ app_init ] --START--
INFO: Run Behavior\BuildLiteBehavior [ RunTime:0.000023s ]
INFO: [ app_init ] --END-- [ RunTime:0.000488s ]
INFO: [ app_begin ] --START--
INFO: Run Behavior\ReadHtmlCacheBehavior [ RunTime:0.000731s ]
NOTIC: [8] Undefined index: userInfo C:\wamp\www\shop\App\Home\API\UserAPI.class.php 第 15 行.
INFO: Run Home\Behaviors\UserBehavior [ RunTime:0.002288s ]
INFO: [ app_begin ] --END-- [ RunTime:0.003184s ]
INFO: [ view_parse ] --START--
INFO: [ template_filter ] --START--
INFO: Run Behavior\ContentReplaceBehavior [ RunTime:0.000063s ]
INFO: [ template_filter ] --END-- [ RunTime:0.000165s ]
NOTIC: [8] Undefined variable: navbar C:\wamp\www\shop\App\Runtime\Cache\Home\2dae1f30f45b37ba2685d4c4b13e981d.php 第 27 行.
NOTIC: [2] Invalid argument supplied for foreach() C:\wamp\www\shop\App\Runtime\Cache\Home\2dae1f30f45b37ba2685d4c4b13e981d.php 第 27 行.
SQL: SHOW COLUMNS FROM `5000_navbar` [ RunTime:0.0063s ]
SQL: SELECT * FROM `5000_navbar` ORDER BY nav_index  [ RunTime:0.0004s ]
NOTIC: [8] Undefined variable: global_user C:\wamp\www\shop\App\Runtime\Cache\Home\2dae1f30f45b37ba2685d4c4b13e981d.php 第 42 行.
NOTIC: [8] Undefined variable: errorInfo C:\wamp\www\shop\App\Runtime\Cache\Home\2dae1f30f45b37ba2685d4c4b13e981d.php 第 81 行.
INFO: Run Behavior\ParseTemplateBehavior [ RunTime:0.033220s ]
INFO: [ view_parse ] --END-- [ RunTime:0.033370s ]
INFO: [ view_filter ] --START--
INFO: Run Behavior\WriteHtmlCacheBehavior [ RunTime:0.000505s ]
INFO: [ view_filter ] --END-- [ RunTime:0.000589s ]
INFO: [ app_end ] --START--
INFO: Run Behavior\ShowPageTraceBehavior [ RunTime:0.000690s ]
INFO: [ app_end ] --END-- [ RunTime:0.000777s ]

[ 2016-11-13T00:50:00+08:00 ] ::1 /shop/Home/reg
INFO: [ app_init ] --START--
INFO: Run Behavior\BuildLiteBehavior [ RunTime:0.000024s ]
INFO: [ app_init ] --END-- [ RunTime:0.000588s ]
INFO: [ app_begin ] --START--
INFO: Run Behavior\ReadHtmlCacheBehavior [ RunTime:0.000727s ]
NOTIC: [8] Undefined index: userInfo C:\wamp\www\shop\App\Home\API\UserAPI.class.php 第 15 行.
INFO: Run Home\Behaviors\UserBehavior [ RunTime:0.002081s ]
INFO: [ app_begin ] --END-- [ RunTime:0.003002s ]
INFO: [ view_parse ] --START--
INFO: [ template_filter ] --START--
INFO: Run Behavior\ContentReplaceBehavior [ RunTime:0.000084s ]
INFO: [ template_filter ] --END-- [ RunTime:0.000206s ]
NOTIC: [8] Undefined variable: navbar C:\wamp\www\shop\App\Runtime\Cache\Home\2dae1f30f45b37ba2685d4c4b13e981d.php 第 27 行.
NOTIC: [2] Invalid argument supplied for foreach() C:\wamp\www\shop\App\Runtime\Cache\Home\2dae1f30f45b37ba2685d4c4b13e981d.php 第 27 行.
SQL: SHOW COLUMNS FROM `5000_navbar` [ RunTime:0.0055s ]
SQL: SELECT * FROM `5000_navbar` ORDER BY nav_index  [ RunTime:0.0004s ]
NOTIC: [8] Undefined variable: global_user C:\wamp\www\shop\App\Runtime\Cache\Home\2dae1f30f45b37ba2685d4c4b13e981d.php 第 42 行.
NOTIC: [8] Undefined variable: errorInfo C:\wamp\www\shop\App\Runtime\Cache\Home\2dae1f30f45b37ba2685d4c4b13e981d.php 第 82 行.
INFO: Run Behavior\ParseTemplateBehavior [ RunTime:0.027197s ]
INFO: [ view_parse ] --END-- [ RunTime:0.027365s ]
INFO: [ view_filter ] --START--
INFO: Run Behavior\WriteHtmlCacheBehavior [ RunTime:0.000696s ]
INFO: [ view_filter ] --END-- [ RunTime:0.000842s ]
INFO: [ app_end ] --START--
INFO: Run Behavior\ShowPageTraceBehavior [ RunTime:0.000783s ]
INFO: [ app_end ] --END-- [ RunTime:0.000894s ]

[ 2016-11-13T00:50:02+08:00 ] ::1 /shop/Home/reg
INFO: [ app_init ] --START--
INFO: Run Behavior\BuildLiteBehavior [ RunTime:0.000021s ]
INFO: [ app_init ] --END-- [ RunTime:0.000519s ]
INFO: [ app_begin ] --START--
INFO: Run Behavior\ReadHtmlCacheBehavior [ RunTime:0.000578s ]
NOTIC: [8] Undefined index: userInfo C:\wamp\www\shop\App\Home\API\UserAPI.class.php 第 15 行.
INFO: Run Home\Behaviors\UserBehavior [ RunTime:0.002004s ]
INFO: [ app_begin ] --END-- [ RunTime:0.002728s ]
INFO: [ view_parse ] --START--
INFO: [ template_filter ] --START--
INFO: Run Behavior\ContentReplaceBehavior [ RunTime:0.000064s ]
INFO: [ template_filter ] --END-- [ RunTime:0.000160s ]
NOTIC: [8] Undefined variable: navbar C:\wamp\www\shop\App\Runtime\Cache\Home\2dae1f30f45b37ba2685d4c4b13e981d.php 第 27 行.
NOTIC: [2] Invalid argument supplied for foreach() C:\wamp\www\shop\App\Runtime\Cache\Home\2dae1f30f45b37ba2685d4c4b13e981d.php 第 27 行.
SQL: SHOW COLUMNS FROM `5000_navbar` [ RunTime:0.0052s ]
SQL: SELECT * FROM `5000_navbar` ORDER BY nav_index  [ RunTime:0.0004s ]
NOTIC: [8] Undefined variable: global_user C:\wamp\www\shop\App\Runtime\Cache\Home\2dae1f30f45b37ba2685d4c4b13e981d.php 第 42 行.
NOTIC: [8] Undefined variable: errorInfo C:\wamp\www\shop\App\Runtime\Cache\Home\2dae1f30f45b37ba2685d4c4b13e981d.php 第 82 行.
INFO: Run Behavior\ParseTemplateBehavior [ RunTime:0.034140s ]
INFO: [ view_parse ] --END-- [ RunTime:0.034231s ]
INFO: [ view_filter ] --START--
INFO: Run Behavior\WriteHtmlCacheBehavior [ RunTime:0.000772s ]
INFO: [ view_filter ] --END-- [ RunTime:0.000864s ]
INFO: [ app_end ] --START--
INFO: Run Behavior\ShowPageTraceBehavior [ RunTime:0.000797s ]
INFO: [ app_end ] --END-- [ RunTime:0.000885s ]

[ 2016-11-13T00:50:04+08:00 ] ::1 /shop/home/login
INFO: [ app_init ] --START--
INFO: Run Behavior\BuildLiteBehavior [ RunTime:0.000046s ]
INFO: [ app_init ] --END-- [ RunTime:0.000529s ]
INFO: [ app_begin ] --START--
INFO: Run Behavior\ReadHtmlCacheBehavior [ RunTime:0.000541s ]
NOTIC: [8] Undefined index: userInfo C:\wamp\www\shop\App\Home\API\UserAPI.class.php 第 15 行.
INFO: Run Home\Behaviors\UserBehavior [ RunTime:0.001833s ]
INFO: [ app_begin ] --END-- [ RunTime:0.002562s ]
NOTIC: [8] Undefined index: name C:\wamp\www\shop\App\Home\API\UserAPI.class.php 第 86 行.
INFO: [ view_parse ] --START--
INFO: [ template_filter ] --START--
INFO: Run Behavior\ContentReplaceBehavior [ RunTime:0.000093s ]
INFO: [ template_filter ] --END-- [ RunTime:0.000232s ]
NOTIC: [8] Undefined variable: navbar C:\wamp\www\shop\App\Runtime\Cache\Home\3f9d2b480676617fa8e79f1ae80a4954.php 第 27 行.
NOTIC: [2] Invalid argument supplied for foreach() C:\wamp\www\shop\App\Runtime\Cache\Home\3f9d2b480676617fa8e79f1ae80a4954.php 第 27 行.
SQL: SHOW COLUMNS FROM `5000_navbar` [ RunTime:0.0059s ]
SQL: SELECT * FROM `5000_navbar` ORDER BY nav_index  [ RunTime:0.0010s ]
NOTIC: [8] Undefined variable: global_user C:\wamp\www\shop\App\Runtime\Cache\Home\3f9d2b480676617fa8e79f1ae80a4954.php 第 42 行.
NOTIC: [8] Undefined variable: errorInfo C:\wamp\www\shop\App\Runtime\Cache\Home\3f9d2b480676617fa8e79f1ae80a4954.php 第 81 行.
INFO: Run Behavior\ParseTemplateBehavior [ RunTime:0.034827s ]
INFO: [ view_parse ] --END-- [ RunTime:0.034924s ]
INFO: [ view_filter ] --START--
INFO: Run Behavior\WriteHtmlCacheBehavior [ RunTime:0.000626s ]
INFO: [ view_filter ] --END-- [ RunTime:0.000743s ]
INFO: [ app_end ] --START--
INFO: Run Behavior\ShowPageTraceBehavior [ RunTime:0.001348s ]
INFO: [ app_end ] --END-- [ RunTime:0.001457s ]

[ 2016-11-13T00:50:05+08:00 ] ::1 /shop/home/login
INFO: [ app_init ] --START--
INFO: Run Behavior\BuildLiteBehavior [ RunTime:0.000020s ]
INFO: [ app_init ] --END-- [ RunTime:0.000471s ]
INFO: [ app_begin ] --START--
INFO: Run Behavior\ReadHtmlCacheBehavior [ RunTime:0.000883s ]
NOTIC: [8] Undefined index: userInfo C:\wamp\www\shop\App\Home\API\UserAPI.class.php 第 15 行.
INFO: Run Home\Behaviors\UserBehavior [ RunTime:0.003005s ]
INFO: [ app_begin ] --END-- [ RunTime:0.004101s ]
SQL: SHOW COLUMNS FROM `5000_user` [ RunTime:0.0042s ]
SQL: SELECT * FROM `5000_user` WHERE ( user_name='exalexx' ) LIMIT 1   [ RunTime:0.0005s ]
INFO: [ view_parse ] --START--
INFO: [ template_filter ] --START--
INFO: Run Behavior\ContentReplaceBehavior [ RunTime:0.000079s ]
INFO: [ template_filter ] --END-- [ RunTime:0.000191s ]
NOTIC: [8] Undefined variable: navbar C:\wamp\www\shop\App\Runtime\Cache\Home\3f9d2b480676617fa8e79f1ae80a4954.php 第 27 行.
NOTIC: [2] Invalid argument supplied for foreach() C:\wamp\www\shop\App\Runtime\Cache\Home\3f9d2b480676617fa8e79f1ae80a4954.php 第 27 行.
SQL: SHOW COLUMNS FROM `5000_navbar` [ RunTime:0.0051s ]
SQL: SELECT * FROM `5000_navbar` ORDER BY nav_index  [ RunTime:0.0004s ]
NOTIC: [8] Undefined variable: global_user C:\wamp\www\shop\App\Runtime\Cache\Home\3f9d2b480676617fa8e79f1ae80a4954.php 第 42 行.
NOTIC: [8] Undefined variable: errorInfo C:\wamp\www\shop\App\Runtime\Cache\Home\3f9d2b480676617fa8e79f1ae80a4954.php 第 81 行.
INFO: Run Behavior\ParseTemplateBehavior [ RunTime:0.017538s ]
INFO: [ view_parse ] --END-- [ RunTime:0.017626s ]
INFO: [ view_filter ] --START--
INFO: Run Behavior\WriteHtmlCacheBehavior [ RunTime:0.000533s ]
INFO: [ view_filter ] --END-- [ RunTime:0.000617s ]
INFO: [ app_end ] --START--
INFO: Run Behavior\ShowPageTraceBehavior [ RunTime:0.000703s ]
INFO: [ app_end ] --END-- [ RunTime:0.000790s ]

[ 2016-11-13T00:50:05+08:00 ] ::1 /shop/Home/index
INFO: [ app_init ] --START--
INFO: Run Behavior\BuildLiteBehavior [ RunTime:0.000026s ]
INFO: [ app_init ] --END-- [ RunTime:0.000668s ]
INFO: [ app_begin ] --START--
INFO: Run Behavior\ReadHtmlCacheBehavior [ RunTime:0.000611s ]
NOTIC: [8] Object of class stdClass could not be converted to int C:\wamp\www\shop\App\Home\API\UserAPI.class.php 第 19 行.
NOTIC: [8] Object of class stdClass could not be converted to int C:\wamp\www\shop\App\Home\API\UserAPI.class.php 第 30 行.
NOTIC: [8] Object of class stdClass could not be converted to int C:\wamp\www\shop\App\Home\API\UserAPI.class.php 第 19 行.
INFO: Run Home\Behaviors\UserBehavior [ RunTime:0.001865s ]
INFO: [ app_begin ] --END-- [ RunTime:0.002617s ]
INFO: [ view_parse ] --START--
INFO: [ template_filter ] --START--
INFO: Run Behavior\ContentReplaceBehavior [ RunTime:0.000070s ]
INFO: [ template_filter ] --END-- [ RunTime:0.000164s ]
NOTIC: [8] Undefined variable: navbar C:\wamp\www\shop\App\Runtime\Cache\Home\b65fd5c808205a9ead04a1d4d9013416.php 第 27 行.
NOTIC: [2] Invalid argument supplied for foreach() C:\wamp\www\shop\App\Runtime\Cache\Home\b65fd5c808205a9ead04a1d4d9013416.php 第 27 行.
SQL: SHOW COLUMNS FROM `5000_navbar` [ RunTime:0.0058s ]
SQL: SELECT * FROM `5000_navbar` ORDER BY nav_index  [ RunTime:0.0003s ]
INFO: Run Behavior\ParseTemplateBehavior [ RunTime:0.033379s ]
INFO: [ view_parse ] --END-- [ RunTime:0.033467s ]
INFO: [ view_filter ] --START--
INFO: Run Behavior\WriteHtmlCacheBehavior [ RunTime:0.000424s ]
INFO: [ view_filter ] --END-- [ RunTime:0.000511s ]
INFO: [ app_end ] --START--
INFO: Run Behavior\ShowPageTraceBehavior [ RunTime:0.000684s ]
INFO: [ app_end ] --END-- [ RunTime:0.000770s ]

[ 2016-11-13T00:50:06+08:00 ] ::1 /shop/Home/index?do=logout
INFO: [ app_init ] --START--
INFO: Run Behavior\BuildLiteBehavior [ RunTime:0.000021s ]
INFO: [ app_init ] --END-- [ RunTime:0.000537s ]
INFO: [ app_begin ] --START--
INFO: Run Behavior\ReadHtmlCacheBehavior [ RunTime:0.000583s ]

[ 2016-11-13T00:50:07+08:00 ] ::1 /shop/Home/Index
INFO: [ app_init ] --START--
INFO: Run Behavior\BuildLiteBehavior [ RunTime:0.000020s ]
INFO: [ app_init ] --END-- [ RunTime:0.000414s ]
INFO: [ app_begin ] --START--
INFO: Run Behavior\ReadHtmlCacheBehavior [ RunTime:0.000429s ]
NOTIC: [8] Undefined index: userInfo C:\wamp\www\shop\App\Home\API\UserAPI.class.php 第 15 行.
INFO: Run Home\Behaviors\UserBehavior [ RunTime:0.001663s ]
INFO: [ app_begin ] --END-- [ RunTime:0.002229s ]
INFO: [ view_parse ] --START--
INFO: [ template_filter ] --START--
INFO: Run Behavior\ContentReplaceBehavior [ RunTime:0.000068s ]
INFO: [ template_filter ] --END-- [ RunTime:0.000161s ]
NOTIC: [8] Undefined variable: navbar C:\wamp\www\shop\App\Runtime\Cache\Home\b65fd5c808205a9ead04a1d4d9013416.php 第 27 行.
NOTIC: [2] Invalid argument supplied for foreach() C:\wamp\www\shop\App\Runtime\Cache\Home\b65fd5c808205a9ead04a1d4d9013416.php 第 27 行.
SQL: SHOW COLUMNS FROM `5000_navbar` [ RunTime:0.0047s ]
SQL: SELECT * FROM `5000_navbar` ORDER BY nav_index  [ RunTime:0.0003s ]
NOTIC: [8] Undefined variable: global_user C:\wamp\www\shop\App\Runtime\Cache\Home\b65fd5c808205a9ead04a1d4d9013416.php 第 42 行.
INFO: Run Behavior\ParseTemplateBehavior [ RunTime:0.033079s ]
INFO: [ view_parse ] --END-- [ RunTime:0.033201s ]
INFO: [ view_filter ] --START--
INFO: Run Behavior\WriteHtmlCacheBehavior [ RunTime:0.000389s ]
INFO: [ view_filter ] --END-- [ RunTime:0.000473s ]
INFO: [ app_end ] --START--
INFO: Run Behavior\ShowPageTraceBehavior [ RunTime:0.000661s ]
INFO: [ app_end ] --END-- [ RunTime:0.000750s ]

[ 2016-11-13T00:50:08+08:00 ] ::1 /shop/home/login
INFO: [ app_init ] --START--
INFO: Run Behavior\BuildLiteBehavior [ RunTime:0.000026s ]
INFO: [ app_init ] --END-- [ RunTime:0.000549s ]
INFO: [ app_begin ] --START--
INFO: Run Behavior\ReadHtmlCacheBehavior [ RunTime:0.000667s ]
NOTIC: [8] Undefined index: userInfo C:\wamp\www\shop\App\Home\API\UserAPI.class.php 第 15 行.
INFO: Run Home\Behaviors\UserBehavior [ RunTime:0.001788s ]
INFO: [ app_begin ] --END-- [ RunTime:0.002614s ]
INFO: [ view_parse ] --START--
INFO: [ template_filter ] --START--
INFO: Run Behavior\ContentReplaceBehavior [ RunTime:0.000083s ]
INFO: [ template_filter ] --END-- [ RunTime:0.000206s ]
NOTIC: [8] Undefined variable: navbar C:\wamp\www\shop\App\Runtime\Cache\Home\3f9d2b480676617fa8e79f1ae80a4954.php 第 27 行.
NOTIC: [2] Invalid argument supplied for foreach() C:\wamp\www\shop\App\Runtime\Cache\Home\3f9d2b480676617fa8e79f1ae80a4954.php 第 27 行.
SQL: SHOW COLUMNS FROM `5000_navbar` [ RunTime:0.0054s ]
SQL: SELECT * FROM `5000_navbar` ORDER BY nav_index  [ RunTime:0.0003s ]
NOTIC: [8] Undefined variable: global_user C:\wamp\www\shop\App\Runtime\Cache\Home\3f9d2b480676617fa8e79f1ae80a4954.php 第 42 行.
NOTIC: [8] Undefined variable: errorInfo C:\wamp\www\shop\App\Runtime\Cache\Home\3f9d2b480676617fa8e79f1ae80a4954.php 第 81 行.
INFO: Run Behavior\ParseTemplateBehavior [ RunTime:0.033343s ]
INFO: [ view_parse ] --END-- [ RunTime:0.033429s ]
INFO: [ view_filter ] --START--
INFO: Run Behavior\WriteHtmlCacheBehavior [ RunTime:0.000458s ]
INFO: [ view_filter ] --END-- [ RunTime:0.000541s ]
INFO: [ app_end ] --START--
INFO: Run Behavior\ShowPageTraceBehavior [ RunTime:0.000763s ]
INFO: [ app_end ] --END-- [ RunTime:0.000849s ]

[ 2016-11-13T00:50:10+08:00 ] ::1 /shop/home/login
INFO: [ app_init ] --START--
INFO: Run Behavior\BuildLiteBehavior [ RunTime:0.000021s ]
INFO: [ app_init ] --END-- [ RunTime:0.000479s ]
INFO: [ app_begin ] --START--
INFO: Run Behavior\ReadHtmlCacheBehavior [ RunTime:0.000471s ]
NOTIC: [8] Undefined index: userInfo C:\wamp\www\shop\App\Home\API\UserAPI.class.php 第 15 行.
INFO: Run Home\Behaviors\UserBehavior [ RunTime:0.001604s ]
INFO: [ app_begin ] --END-- [ RunTime:0.002213s ]
INFO: [ view_parse ] --START--
INFO: [ template_filter ] --START--
INFO: Run Behavior\ContentReplaceBehavior [ RunTime:0.000115s ]
INFO: [ template_filter ] --END-- [ RunTime:0.000516s ]
NOTIC: [8] Undefined variable: navbar C:\wamp\www\shop\App\Runtime\Cache\Home\3f9d2b480676617fa8e79f1ae80a4954.php 第 27 行.
NOTIC: [2] Invalid argument supplied for foreach() C:\wamp\www\shop\App\Runtime\Cache\Home\3f9d2b480676617fa8e79f1ae80a4954.php 第 27 行.
SQL: SHOW COLUMNS FROM `5000_navbar` [ RunTime:0.0056s ]
SQL: SELECT * FROM `5000_navbar` ORDER BY nav_index  [ RunTime:0.0003s ]
NOTIC: [8] Undefined variable: global_user C:\wamp\www\shop\App\Runtime\Cache\Home\3f9d2b480676617fa8e79f1ae80a4954.php 第 42 行.
NOTIC: [8] Undefined variable: errorInfo C:\wamp\www\shop\App\Runtime\Cache\Home\3f9d2b480676617fa8e79f1ae80a4954.php 第 81 行.
INFO: Run Behavior\ParseTemplateBehavior [ RunTime:0.029683s ]
INFO: [ view_parse ] --END-- [ RunTime:0.029859s ]
INFO: [ view_filter ] --START--
INFO: Run Behavior\WriteHtmlCacheBehavior [ RunTime:0.000477s ]
INFO: [ view_filter ] --END-- [ RunTime:0.000561s ]
INFO: [ app_end ] --START--
INFO: Run Behavior\ShowPageTraceBehavior [ RunTime:0.000714s ]
INFO: [ app_end ] --END-- [ RunTime:0.000801s ]

[ 2016-11-13T00:50:11+08:00 ] ::1 /shop/home/login
INFO: [ app_init ] --START--
INFO: Run Behavior\BuildLiteBehavior [ RunTime:0.000021s ]
INFO: [ app_init ] --END-- [ RunTime:0.000388s ]
INFO: [ app_begin ] --START--
INFO: Run Behavior\ReadHtmlCacheBehavior [ RunTime:0.000496s ]
NOTIC: [8] Undefined index: userInfo C:\wamp\www\shop\App\Home\API\UserAPI.class.php 第 15 行.
INFO: Run Home\Behaviors\UserBehavior [ RunTime:0.001595s ]
INFO: [ app_begin ] --END-- [ RunTime:0.002237s ]
INFO: [ view_parse ] --START--
INFO: [ template_filter ] --START--
INFO: Run Behavior\ContentReplaceBehavior [ RunTime:0.000064s ]
INFO: [ template_filter ] --END-- [ RunTime:0.000165s ]
NOTIC: [8] Undefined variable: navbar C:\wamp\www\shop\App\Runtime\Cache\Home\3f9d2b480676617fa8e79f1ae80a4954.php 第 27 行.
NOTIC: [2] Invalid argument supplied for foreach() C:\wamp\www\shop\App\Runtime\Cache\Home\3f9d2b480676617fa8e79f1ae80a4954.php 第 27 行.
SQL: SHOW COLUMNS FROM `5000_navbar` [ RunTime:0.0041s ]
SQL: SELECT * FROM `5000_navbar` ORDER BY nav_index  [ RunTime:0.0003s ]
NOTIC: [8] Undefined variable: global_user C:\wamp\www\shop\App\Runtime\Cache\Home\3f9d2b480676617fa8e79f1ae80a4954.php 第 42 行.
NOTIC: [8] Undefined variable: errorInfo C:\wamp\www\shop\App\Runtime\Cache\Home\3f9d2b480676617fa8e79f1ae80a4954.php 第 81 行.
INFO: Run Behavior\ParseTemplateBehavior [ RunTime:0.031061s ]
INFO: [ view_parse ] --END-- [ RunTime:0.031236s ]
INFO: [ view_filter ] --START--
INFO: Run Behavior\WriteHtmlCacheBehavior [ RunTime:0.000369s ]
INFO: [ view_filter ] --END-- [ RunTime:0.000451s ]
INFO: [ app_end ] --START--
INFO: Run Behavior\ShowPageTraceBehavior [ RunTime:0.000626s ]
INFO: [ app_end ] --END-- [ RunTime:0.000713s ]

[ 2016-11-13T00:50:12+08:00 ] ::1 /shop/home/login
INFO: [ app_init ] --START--
INFO: Run Behavior\BuildLiteBehavior [ RunTime:0.000021s ]
INFO: [ app_init ] --END-- [ RunTime:0.000469s ]
INFO: [ app_begin ] --START--
INFO: Run Behavior\ReadHtmlCacheBehavior [ RunTime:0.000472s ]
NOTIC: [8] Undefined index: userInfo C:\wamp\www\shop\App\Home\API\UserAPI.class.php 第 15 行.
INFO: Run Home\Behaviors\UserBehavior [ RunTime:0.001716s ]
INFO: [ app_begin ] --END-- [ RunTime:0.002334s ]
SQL: SHOW COLUMNS FROM `5000_user` [ RunTime:0.0045s ]
SQL: SELECT * FROM `5000_user` WHERE ( user_name='exalexx' ) LIMIT 1   [ RunTime:0.0003s ]
INFO: [ view_parse ] --START--
INFO: [ template_filter ] --START--
INFO: Run Behavior\ContentReplaceBehavior [ RunTime:0.000077s ]
INFO: [ template_filter ] --END-- [ RunTime:0.000188s ]
NOTIC: [8] Undefined variable: navbar C:\wamp\www\shop\App\Runtime\Cache\Home\3f9d2b480676617fa8e79f1ae80a4954.php 第 27 行.
NOTIC: [2] Invalid argument supplied for foreach() C:\wamp\www\shop\App\Runtime\Cache\Home\3f9d2b480676617fa8e79f1ae80a4954.php 第 27 行.
SQL: SHOW COLUMNS FROM `5000_navbar` [ RunTime:0.0053s ]
SQL: SELECT * FROM `5000_navbar` ORDER BY nav_index  [ RunTime:0.0003s ]
NOTIC: [8] Undefined variable: global_user C:\wamp\www\shop\App\Runtime\Cache\Home\3f9d2b480676617fa8e79f1ae80a4954.php 第 42 行.
NOTIC: [8] Undefined variable: errorInfo C:\wamp\www\shop\App\Runtime\Cache\Home\3f9d2b480676617fa8e79f1ae80a4954.php 第 81 行.
INFO: Run Behavior\ParseTemplateBehavior [ RunTime:0.016390s ]
INFO: [ view_parse ] --END-- [ RunTime:0.016475s ]
INFO: [ view_filter ] --START--
INFO: Run Behavior\WriteHtmlCacheBehavior [ RunTime:0.000473s ]
INFO: [ view_filter ] --END-- [ RunTime:0.000558s ]
INFO: [ app_end ] --START--
INFO: Run Behavior\ShowPageTraceBehavior [ RunTime:0.000673s ]
INFO: [ app_end ] --END-- [ RunTime:0.000759s ]

[ 2016-11-13T00:50:12+08:00 ] ::1 /shop/Home/index
INFO: [ app_init ] --START--
INFO: Run Behavior\BuildLiteBehavior [ RunTime:0.000028s ]
INFO: [ app_init ] --END-- [ RunTime:0.000683s ]
INFO: [ app_begin ] --START--
INFO: Run Behavior\ReadHtmlCacheBehavior [ RunTime:0.000472s ]
NOTIC: [8] Object of class stdClass could not be converted to int C:\wamp\www\shop\App\Home\API\UserAPI.class.php 第 19 行.
NOTIC: [8] Object of class stdClass could not be converted to int C:\wamp\www\shop\App\Home\API\UserAPI.class.php 第 30 行.
NOTIC: [8] Object of class stdClass could not be converted to int C:\wamp\www\shop\App\Home\API\UserAPI.class.php 第 19 行.
INFO: Run Home\Behaviors\UserBehavior [ RunTime:0.001979s ]
INFO: [ app_begin ] --END-- [ RunTime:0.002593s ]
INFO: [ view_parse ] --START--
INFO: [ template_filter ] --START--
INFO: Run Behavior\ContentReplaceBehavior [ RunTime:0.000184s ]
INFO: [ template_filter ] --END-- [ RunTime:0.000337s ]
NOTIC: [8] Undefined variable: navbar C:\wamp\www\shop\App\Runtime\Cache\Home\b65fd5c808205a9ead04a1d4d9013416.php 第 27 行.
NOTIC: [2] Invalid argument supplied for foreach() C:\wamp\www\shop\App\Runtime\Cache\Home\b65fd5c808205a9ead04a1d4d9013416.php 第 27 行.
SQL: SHOW COLUMNS FROM `5000_navbar` [ RunTime:0.0045s ]
SQL: SELECT * FROM `5000_navbar` ORDER BY nav_index  [ RunTime:0.0005s ]
INFO: Run Behavior\ParseTemplateBehavior [ RunTime:0.024329s ]
INFO: [ view_parse ] --END-- [ RunTime:0.024470s ]
INFO: [ view_filter ] --START--
INFO: Run Behavior\WriteHtmlCacheBehavior [ RunTime:0.000668s ]
INFO: [ view_filter ] --END-- [ RunTime:0.000805s ]
INFO: [ app_end ] --START--
INFO: Run Behavior\ShowPageTraceBehavior [ RunTime:0.000690s ]
INFO: [ app_end ] --END-- [ RunTime:0.000777s ]

[ 2016-11-13T00:50:13+08:00 ] ::1 /shop/home/Temp/test
INFO: [ app_init ] --START--
INFO: Run Behavior\BuildLiteBehavior [ RunTime:0.000022s ]
INFO: [ app_init ] --END-- [ RunTime:0.000516s ]
INFO: [ app_begin ] --START--
INFO: Run Behavior\ReadHtmlCacheBehavior [ RunTime:0.000705s ]
NOTIC: [8] Object of class stdClass could not be converted to int C:\wamp\www\shop\App\Home\API\UserAPI.class.php 第 19 行.
NOTIC: [8] Object of class stdClass could not be converted to int C:\wamp\www\shop\App\Home\API\UserAPI.class.php 第 30 行.
NOTIC: [8] Object of class stdClass could not be converted to int C:\wamp\www\shop\App\Home\API\UserAPI.class.php 第 19 行.
NOTIC: [8] Object of class stdClass could not be converted to int C:\wamp\www\shop\App\Home\API\UserAPI.class.php 第 30 行.
NOTIC: [8] Object of class stdClass could not be converted to int C:\wamp\www\shop\App\Home\API\UserAPI.class.php 第 19 行.
INFO: Run Home\Behaviors\UserBehavior [ RunTime:0.002755s ]
INFO: [ app_begin ] --END-- [ RunTime:0.003714s ]
INFO: [ view_parse ] --START--
INFO: [ template_filter ] --START--
INFO: Run Behavior\ContentReplaceBehavior [ RunTime:0.000059s ]
INFO: [ template_filter ] --END-- [ RunTime:0.000212s ]
NOTIC: [8] Undefined variable: navbar C:\wamp\www\shop\App\Runtime\Cache\Home\6e3e35d7821fc2d62461a4a247b2ebd0.php 第 27 行.
NOTIC: [2] Invalid argument supplied for foreach() C:\wamp\www\shop\App\Runtime\Cache\Home\6e3e35d7821fc2d62461a4a247b2ebd0.php 第 27 行.
SQL: SHOW COLUMNS FROM `5000_navbar` [ RunTime:0.0046s ]
SQL: SELECT * FROM `5000_navbar` ORDER BY nav_index  [ RunTime:0.0003s ]
INFO: Run Behavior\ParseTemplateBehavior [ RunTime:0.022403s ]
INFO: [ view_parse ] --END-- [ RunTime:0.022545s ]
INFO: [ view_filter ] --START--
INFO: Run Behavior\WriteHtmlCacheBehavior [ RunTime:0.000516s ]
INFO: [ view_filter ] --END-- [ RunTime:0.000602s ]
INFO: [ app_end ] --START--
INFO: Run Behavior\ShowPageTraceBehavior [ RunTime:0.000651s ]
INFO: [ app_end ] --END-- [ RunTime:0.000739s ]

[ 2016-11-13T00:50:14+08:00 ] ::1 /shop/home/Temp/test
INFO: [ app_init ] --START--
INFO: Run Behavior\BuildLiteBehavior [ RunTime:0.000041s ]
INFO: [ app_init ] --END-- [ RunTime:0.000569s ]
INFO: [ app_begin ] --START--
INFO: Run Behavior\ReadHtmlCacheBehavior [ RunTime:0.000609s ]
NOTIC: [8] Object of class stdClass could not be converted to int C:\wamp\www\shop\App\Home\API\UserAPI.class.php 第 19 行.
NOTIC: [8] Object of class stdClass could not be converted to int C:\wamp\www\shop\App\Home\API\UserAPI.class.php 第 30 行.
NOTIC: [8] Object of class stdClass could not be converted to int C:\wamp\www\shop\App\Home\API\UserAPI.class.php 第 19 行.
NOTIC: [8] Object of class stdClass could not be converted to int C:\wamp\www\shop\App\Home\API\UserAPI.class.php 第 30 行.
NOTIC: [8] Object of class stdClass could not be converted to int C:\wamp\www\shop\App\Home\API\UserAPI.class.php 第 19 行.
INFO: Run Home\Behaviors\UserBehavior [ RunTime:0.002018s ]
INFO: [ app_begin ] --END-- [ RunTime:0.002834s ]
INFO: [ view_parse ] --START--
INFO: [ template_filter ] --START--
INFO: Run Behavior\ContentReplaceBehavior [ RunTime:0.000105s ]
INFO: [ template_filter ] --END-- [ RunTime:0.000281s ]
NOTIC: [8] Undefined variable: navbar C:\wamp\www\shop\App\Runtime\Cache\Home\6e3e35d7821fc2d62461a4a247b2ebd0.php 第 27 行.
NOTIC: [2] Invalid argument supplied for foreach() C:\wamp\www\shop\App\Runtime\Cache\Home\6e3e35d7821fc2d62461a4a247b2ebd0.php 第 27 行.
SQL: SHOW COLUMNS FROM `5000_navbar` [ RunTime:0.0051s ]
SQL: SELECT * FROM `5000_navbar` ORDER BY nav_index  [ RunTime:0.0007s ]
INFO: Run Behavior\ParseTemplateBehavior [ RunTime:0.026518s ]
INFO: [ view_parse ] --END-- [ RunTime:0.026613s ]
INFO: [ view_filter ] --START--
INFO: Run Behavior\WriteHtmlCacheBehavior [ RunTime:0.000534s ]
INFO: [ view_filter ] --END-- [ RunTime:0.000639s ]
INFO: [ app_end ] --START--
INFO: Run Behavior\ShowPageTraceBehavior [ RunTime:0.000842s ]
INFO: [ app_end ] --END-- [ RunTime:0.000947s ]

[ 2016-11-13T00:50:15+08:00 ] ::1 /shop/home/Temp/test
INFO: [ app_init ] --START--
INFO: Run Behavior\BuildLiteBehavior [ RunTime:0.000020s ]
INFO: [ app_init ] --END-- [ RunTime:0.000447s ]
INFO: [ app_begin ] --START--
INFO: Run Behavior\ReadHtmlCacheBehavior [ RunTime:0.000537s ]
NOTIC: [8] Object of class stdClass could not be converted to int C:\wamp\www\shop\App\Home\API\UserAPI.class.php 第 19 行.
NOTIC: [8] Object of class stdClass could not be converted to int C:\wamp\www\shop\App\Home\API\UserAPI.class.php 第 30 行.
NOTIC: [8] Object of class stdClass could not be converted to int C:\wamp\www\shop\App\Home\API\UserAPI.class.php 第 19 行.
NOTIC: [8] Object of class stdClass could not be converted to int C:\wamp\www\shop\App\Home\API\UserAPI.class.php 第 30 行.
NOTIC: [8] Object of class stdClass could not be converted to int C:\wamp\www\shop\App\Home\API\UserAPI.class.php 第 19 行.
INFO: Run Home\Behaviors\UserBehavior [ RunTime:0.002034s ]
INFO: [ app_begin ] --END-- [ RunTime:0.002712s ]
INFO: [ view_parse ] --START--
INFO: [ template_filter ] --START--
INFO: Run Behavior\ContentReplaceBehavior [ RunTime:0.000156s ]
INFO: [ template_filter ] --END-- [ RunTime:0.000365s ]
NOTIC: [8] Undefined variable: navbar C:\wamp\www\shop\App\Runtime\Cache\Home\6e3e35d7821fc2d62461a4a247b2ebd0.php 第 27 行.
NOTIC: [2] Invalid argument supplied for foreach() C:\wamp\www\shop\App\Runtime\Cache\Home\6e3e35d7821fc2d62461a4a247b2ebd0.php 第 27 行.
SQL: SHOW COLUMNS FROM `5000_navbar` [ RunTime:0.0065s ]
SQL: SELECT * FROM `5000_navbar` ORDER BY nav_index  [ RunTime:0.0004s ]
INFO: Run Behavior\ParseTemplateBehavior [ RunTime:0.028555s ]
INFO: [ view_parse ] --END-- [ RunTime:0.028643s ]
INFO: [ view_filter ] --START--
INFO: Run Behavior\WriteHtmlCacheBehavior [ RunTime:0.000435s ]
INFO: [ view_filter ] --END-- [ RunTime:0.000521s ]
INFO: [ app_end ] --START--
INFO: Run Behavior\ShowPageTraceBehavior [ RunTime:0.000715s ]
INFO: [ app_end ] --END-- [ RunTime:0.000865s ]

[ 2016-11-13T00:50:16+08:00 ] ::1 /shop/home/Temp/test?do=logout
INFO: [ app_init ] --START--
INFO: Run Behavior\BuildLiteBehavior [ RunTime:0.000020s ]
INFO: [ app_init ] --END-- [ RunTime:0.000505s ]
INFO: [ app_begin ] --START--
INFO: Run Behavior\ReadHtmlCacheBehavior [ RunTime:0.000525s ]

[ 2016-11-13T00:50:17+08:00 ] ::1 /shop/Home/Index
INFO: [ app_init ] --START--
INFO: Run Behavior\BuildLiteBehavior [ RunTime:0.000021s ]
INFO: [ app_init ] --END-- [ RunTime:0.000597s ]
INFO: [ app_begin ] --START--
INFO: Run Behavior\ReadHtmlCacheBehavior [ RunTime:0.001014s ]
NOTIC: [8] Undefined index: userInfo C:\wamp\www\shop\App\Home\API\UserAPI.class.php 第 15 行.
INFO: Run Home\Behaviors\UserBehavior [ RunTime:0.001751s ]
INFO: [ app_begin ] --END-- [ RunTime:0.002939s ]
INFO: [ view_parse ] --START--
INFO: [ template_filter ] --START--
INFO: Run Behavior\ContentReplaceBehavior [ RunTime:0.000072s ]
INFO: [ template_filter ] --END-- [ RunTime:0.000168s ]
NOTIC: [8] Undefined variable: navbar C:\wamp\www\shop\App\Runtime\Cache\Home\b65fd5c808205a9ead04a1d4d9013416.php 第 27 行.
NOTIC: [2] Invalid argument supplied for foreach() C:\wamp\www\shop\App\Runtime\Cache\Home\b65fd5c808205a9ead04a1d4d9013416.php 第 27 行.
SQL: SHOW COLUMNS FROM `5000_navbar` [ RunTime:0.0044s ]
SQL: SELECT * FROM `5000_navbar` ORDER BY nav_index  [ RunTime:0.0004s ]
NOTIC: [8] Undefined variable: global_user C:\wamp\www\shop\App\Runtime\Cache\Home\b65fd5c808205a9ead04a1d4d9013416.php 第 42 行.
INFO: Run Behavior\ParseTemplateBehavior [ RunTime:0.034398s ]
INFO: [ view_parse ] --END-- [ RunTime:0.034522s ]
INFO: [ view_filter ] --START--
INFO: Run Behavior\WriteHtmlCacheBehavior [ RunTime:0.000589s ]
INFO: [ view_filter ] --END-- [ RunTime:0.000742s ]
INFO: [ app_end ] --START--
INFO: Run Behavior\ShowPageTraceBehavior [ RunTime:0.000849s ]
INFO: [ app_end ] --END-- [ RunTime:0.001003s ]

[ 2016-11-13T00:50:17+08:00 ] ::1 /shop/home/Temp/test
INFO: [ app_init ] --START--
INFO: Run Behavior\BuildLiteBehavior [ RunTime:0.000020s ]
INFO: [ app_init ] --END-- [ RunTime:0.000564s ]
INFO: [ app_begin ] --START--
INFO: Run Behavior\ReadHtmlCacheBehavior [ RunTime:0.000860s ]
NOTIC: [8] Undefined index: userInfo C:\wamp\www\shop\App\Home\API\UserAPI.class.php 第 15 行.

[ 2016-11-13T00:50:19+08:00 ] ::1 /shop/Home/login?from=%2Fshop%2Fhome%2FTemp%2Ftest
INFO: [ app_init ] --START--
INFO: Run Behavior\BuildLiteBehavior [ RunTime:0.000039s ]
INFO: [ app_init ] --END-- [ RunTime:0.000626s ]
INFO: [ app_begin ] --START--
INFO: Run Behavior\ReadHtmlCacheBehavior [ RunTime:0.000511s ]
NOTIC: [8] Undefined index: userInfo C:\wamp\www\shop\App\Home\API\UserAPI.class.php 第 15 行.
INFO: Run Home\Behaviors\UserBehavior [ RunTime:0.001859s ]
INFO: [ app_begin ] --END-- [ RunTime:0.002507s ]
INFO: [ view_parse ] --START--
INFO: [ template_filter ] --START--
INFO: Run Behavior\ContentReplaceBehavior [ RunTime:0.000163s ]
INFO: [ template_filter ] --END-- [ RunTime:0.000391s ]
NOTIC: [8] Undefined variable: navbar C:\wamp\www\shop\App\Runtime\Cache\Home\3f9d2b480676617fa8e79f1ae80a4954.php 第 27 行.
NOTIC: [2] Invalid argument supplied for foreach() C:\wamp\www\shop\App\Runtime\Cache\Home\3f9d2b480676617fa8e79f1ae80a4954.php 第 27 行.
SQL: SHOW COLUMNS FROM `5000_navbar` [ RunTime:0.0042s ]
SQL: SELECT * FROM `5000_navbar` ORDER BY nav_index  [ RunTime:0.0003s ]
NOTIC: [8] Undefined variable: global_user C:\wamp\www\shop\App\Runtime\Cache\Home\3f9d2b480676617fa8e79f1ae80a4954.php 第 42 行.
NOTIC: [8] Undefined variable: errorInfo C:\wamp\www\shop\App\Runtime\Cache\Home\3f9d2b480676617fa8e79f1ae80a4954.php 第 81 行.
INFO: Run Behavior\ParseTemplateBehavior [ RunTime:0.024602s ]
INFO: [ view_parse ] --END-- [ RunTime:0.024737s ]
INFO: [ view_filter ] --START--
INFO: Run Behavior\WriteHtmlCacheBehavior [ RunTime:0.000462s ]
INFO: [ view_filter ] --END-- [ RunTime:0.000556s ]
INFO: [ app_end ] --START--
INFO: Run Behavior\ShowPageTraceBehavior [ RunTime:0.000924s ]
INFO: [ app_end ] --END-- [ RunTime:0.001073s ]

[ 2016-11-13T00:50:20+08:00 ] ::1 /shop/Home/login?from=%2Fshop%2Fhome%2FTemp%2Ftest
INFO: [ app_init ] --START--
INFO: Run Behavior\BuildLiteBehavior [ RunTime:0.000021s ]
INFO: [ app_init ] --END-- [ RunTime:0.000526s ]
INFO: [ app_begin ] --START--
INFO: Run Behavior\ReadHtmlCacheBehavior [ RunTime:0.000547s ]
NOTIC: [8] Undefined index: userInfo C:\wamp\www\shop\App\Home\API\UserAPI.class.php 第 15 行.
INFO: Run Home\Behaviors\UserBehavior [ RunTime:0.001805s ]
INFO: [ app_begin ] --END-- [ RunTime:0.002492s ]
SQL: SHOW COLUMNS FROM `5000_user` [ RunTime:0.0062s ]
SQL: SELECT * FROM `5000_user` WHERE ( user_name='exalexx' ) LIMIT 1   [ RunTime:0.0004s ]
INFO: [ view_parse ] --START--
INFO: [ template_filter ] --START--
INFO: Run Behavior\ContentReplaceBehavior [ RunTime:0.000073s ]
INFO: [ template_filter ] --END-- [ RunTime:0.000177s ]
NOTIC: [8] Undefined variable: navbar C:\wamp\www\shop\App\Runtime\Cache\Home\3f9d2b480676617fa8e79f1ae80a4954.php 第 27 行.
NOTIC: [2] Invalid argument supplied for foreach() C:\wamp\www\shop\App\Runtime\Cache\Home\3f9d2b480676617fa8e79f1ae80a4954.php 第 27 行.
SQL: SHOW COLUMNS FROM `5000_navbar` [ RunTime:0.0054s ]
SQL: SELECT * FROM `5000_navbar` ORDER BY nav_index  [ RunTime:0.0003s ]
NOTIC: [8] Undefined variable: global_user C:\wamp\www\shop\App\Runtime\Cache\Home\3f9d2b480676617fa8e79f1ae80a4954.php 第 42 行.
NOTIC: [8] Undefined variable: errorInfo C:\wamp\www\shop\App\Runtime\Cache\Home\3f9d2b480676617fa8e79f1ae80a4954.php 第 81 行.
INFO: Run Behavior\ParseTemplateBehavior [ RunTime:0.016014s ]
INFO: [ view_parse ] --END-- [ RunTime:0.016099s ]
INFO: [ view_filter ] --START--
INFO: Run Behavior\WriteHtmlCacheBehavior [ RunTime:0.000482s ]
INFO: [ view_filter ] --END-- [ RunTime:0.000565s ]
INFO: [ app_end ] --START--
INFO: Run Behavior\ShowPageTraceBehavior [ RunTime:0.000751s ]
INFO: [ app_end ] --END-- [ RunTime:0.000836s ]

[ 2016-11-13T00:50:20+08:00 ] ::1 /shop/home/Temp/test
INFO: [ app_init ] --START--
INFO: Run Behavior\BuildLiteBehavior [ RunTime:0.000022s ]
INFO: [ app_init ] --END-- [ RunTime:0.000543s ]
INFO: [ app_begin ] --START--
INFO: Run Behavior\ReadHtmlCacheBehavior [ RunTime:0.000545s ]
NOTIC: [8] Object of class stdClass could not be converted to int C:\wamp\www\shop\App\Home\API\UserAPI.class.php 第 19 行.
NOTIC: [8] Object of class stdClass could not be converted to int C:\wamp\www\shop\App\Home\API\UserAPI.class.php 第 30 行.
NOTIC: [8] Object of class stdClass could not be converted to int C:\wamp\www\shop\App\Home\API\UserAPI.class.php 第 19 行.
NOTIC: [8] Object of class stdClass could not be converted to int C:\wamp\www\shop\App\Home\API\UserAPI.class.php 第 30 行.
NOTIC: [8] Object of class stdClass could not be converted to int C:\wamp\www\shop\App\Home\API\UserAPI.class.php 第 19 行.
INFO: Run Home\Behaviors\UserBehavior [ RunTime:0.002689s ]
INFO: [ app_begin ] --END-- [ RunTime:0.003385s ]
INFO: [ view_parse ] --START--
INFO: [ template_filter ] --START--
INFO: Run Behavior\ContentReplaceBehavior [ RunTime:0.000060s ]
INFO: [ template_filter ] --END-- [ RunTime:0.000158s ]
NOTIC: [8] Undefined variable: navbar C:\wamp\www\shop\App\Runtime\Cache\Home\6e3e35d7821fc2d62461a4a247b2ebd0.php 第 27 行.
NOTIC: [2] Invalid argument supplied for foreach() C:\wamp\www\shop\App\Runtime\Cache\Home\6e3e35d7821fc2d62461a4a247b2ebd0.php 第 27 行.
SQL: SHOW COLUMNS FROM `5000_navbar` [ RunTime:0.0045s ]
SQL: SELECT * FROM `5000_navbar` ORDER BY nav_index  [ RunTime:0.0006s ]
INFO: Run Behavior\ParseTemplateBehavior [ RunTime:0.022267s ]
INFO: [ view_parse ] --END-- [ RunTime:0.022360s ]
INFO: [ view_filter ] --START--
INFO: Run Behavior\WriteHtmlCacheBehavior [ RunTime:0.000474s ]
INFO: [ view_filter ] --END-- [ RunTime:0.000606s ]
INFO: [ app_end ] --START--
INFO: Run Behavior\ShowPageTraceBehavior [ RunTime:0.000647s ]
INFO: [ app_end ] --END-- [ RunTime:0.000748s ]

[ 2016-11-13T00:50:21+08:00 ] ::1 /shop/home/Temp/test
INFO: [ app_init ] --START--
INFO: Run Behavior\BuildLiteBehavior [ RunTime:0.000021s ]
INFO: [ app_init ] --END-- [ RunTime:0.000569s ]
INFO: [ app_begin ] --START--
INFO: Run Behavior\ReadHtmlCacheBehavior [ RunTime:0.001172s ]
NOTIC: [8] Object of class stdClass could not be converted to int C:\wamp\www\shop\App\Home\API\UserAPI.class.php 第 19 行.
NOTIC: [8] Object of class stdClass could not be converted to int C:\wamp\www\shop\App\Home\API\UserAPI.class.php 第 30 行.
NOTIC: [8] Object of class stdClass could not be converted to int C:\wamp\www\shop\App\Home\API\UserAPI.class.php 第 19 行.
NOTIC: [8] Object of class stdClass could not be converted to int C:\wamp\www\shop\App\Home\API\UserAPI.class.php 第 30 行.
NOTIC: [8] Object of class stdClass could not be converted to int C:\wamp\www\shop\App\Home\API\UserAPI.class.php 第 19 行.
INFO: Run Home\Behaviors\UserBehavior [ RunTime:0.003401s ]
INFO: [ app_begin ] --END-- [ RunTime:0.004827s ]
INFO: [ view_parse ] --START--
INFO: [ template_filter ] --START--
INFO: Run Behavior\ContentReplaceBehavior [ RunTime:0.000057s ]
INFO: [ template_filter ] --END-- [ RunTime:0.000152s ]
NOTIC: [8] Undefined variable: navbar C:\wamp\www\shop\App\Runtime\Cache\Home\6e3e35d7821fc2d62461a4a247b2ebd0.php 第 27 行.
NOTIC: [2] Invalid argument supplied for foreach() C:\wamp\www\shop\App\Runtime\Cache\Home\6e3e35d7821fc2d62461a4a247b2ebd0.php 第 27 行.
SQL: SHOW COLUMNS FROM `5000_navbar` [ RunTime:0.0044s ]
SQL: SELECT * FROM `5000_navbar` ORDER BY nav_index  [ RunTime:0.0003s ]
INFO: Run Behavior\ParseTemplateBehavior [ RunTime:0.021871s ]
INFO: [ view_parse ] --END-- [ RunTime:0.022037s ]
INFO: [ view_filter ] --START--
INFO: Run Behavior\WriteHtmlCacheBehavior [ RunTime:0.000394s ]
INFO: [ view_filter ] --END-- [ RunTime:0.000479s ]
INFO: [ app_end ] --START--
INFO: Run Behavior\ShowPageTraceBehavior [ RunTime:0.000719s ]
INFO: [ app_end ] --END-- [ RunTime:0.000806s ]

[ 2016-11-13T01:33:02+08:00 ] ::1 /shop/home/Temp/test
INFO: [ app_init ] --START--
INFO: Run Behavior\BuildLiteBehavior [ RunTime:0.000028s ]
INFO: [ app_init ] --END-- [ RunTime:0.000618s ]
INFO: [ app_begin ] --START--
INFO: Run Behavior\ReadHtmlCacheBehavior [ RunTime:0.000764s ]
NOTIC: [8] Undefined index: userInfo C:\wamp\www\shop\App\Home\API\UserAPI.class.php 第 15 行.

[ 2016-11-13T01:33:03+08:00 ] ::1 /shop/Home/login?from=%2Fshop%2Fhome%2FTemp%2Ftest
INFO: [ app_init ] --START--
INFO: Run Behavior\BuildLiteBehavior [ RunTime:0.000035s ]
INFO: [ app_init ] --END-- [ RunTime:0.000760s ]
INFO: [ app_begin ] --START--
INFO: Run Behavior\ReadHtmlCacheBehavior [ RunTime:0.001125s ]
NOTIC: [8] Undefined index: userInfo C:\wamp\www\shop\App\Home\API\UserAPI.class.php 第 15 行.
INFO: Run Home\Behaviors\UserBehavior [ RunTime:0.002366s ]
INFO: [ app_begin ] --END-- [ RunTime:0.003746s ]
INFO: [ view_parse ] --START--
INFO: [ template_filter ] --START--
INFO: Run Behavior\ContentReplaceBehavior [ RunTime:0.000139s ]
INFO: [ template_filter ] --END-- [ RunTime:0.000299s ]
NOTIC: [8] Undefined variable: navbar C:\wamp\www\shop\App\Runtime\Cache\Home\3f9d2b480676617fa8e79f1ae80a4954.php 第 27 行.
NOTIC: [2] Invalid argument supplied for foreach() C:\wamp\www\shop\App\Runtime\Cache\Home\3f9d2b480676617fa8e79f1ae80a4954.php 第 27 行.
SQL: SHOW COLUMNS FROM `5000_navbar` [ RunTime:0.0041s ]
SQL: SELECT * FROM `5000_navbar` ORDER BY nav_index  [ RunTime:0.0004s ]
NOTIC: [8] Undefined variable: global_user C:\wamp\www\shop\App\Runtime\Cache\Home\3f9d2b480676617fa8e79f1ae80a4954.php 第 42 行.
NOTIC: [8] Undefined variable: errorInfo C:\wamp\www\shop\App\Runtime\Cache\Home\3f9d2b480676617fa8e79f1ae80a4954.php 第 81 行.
INFO: Run Behavior\ParseTemplateBehavior [ RunTime:0.023920s ]
INFO: [ view_parse ] --END-- [ RunTime:0.024016s ]
INFO: [ view_filter ] --START--
INFO: Run Behavior\WriteHtmlCacheBehavior [ RunTime:0.000717s ]
INFO: [ view_filter ] --END-- [ RunTime:0.000826s ]
INFO: [ app_end ] --START--
INFO: Run Behavior\ShowPageTraceBehavior [ RunTime:0.000956s ]
INFO: [ app_end ] --END-- [ RunTime:0.001058s ]

[ 2016-11-13T01:33:07+08:00 ] ::1 /shop/Home/login?from=%2Fshop%2Fhome%2FTemp%2Ftest
INFO: [ app_init ] --START--
INFO: Run Behavior\BuildLiteBehavior [ RunTime:0.000024s ]
INFO: [ app_init ] --END-- [ RunTime:0.000531s ]
INFO: [ app_begin ] --START--
INFO: Run Behavior\ReadHtmlCacheBehavior [ RunTime:0.000534s ]
NOTIC: [8] Undefined index: userInfo C:\wamp\www\shop\App\Home\API\UserAPI.class.php 第 15 行.
INFO: Run Home\Behaviors\UserBehavior [ RunTime:0.001832s ]
INFO: [ app_begin ] --END-- [ RunTime:0.002514s ]
SQL: SHOW COLUMNS FROM `5000_user` [ RunTime:0.0045s ]
SQL: SELECT * FROM `5000_user` WHERE ( user_name='exalexx' ) LIMIT 1   [ RunTime:0.0005s ]
INFO: [ view_parse ] --START--
INFO: [ template_filter ] --START--
INFO: Run Behavior\ContentReplaceBehavior [ RunTime:0.000069s ]
INFO: [ template_filter ] --END-- [ RunTime:0.000179s ]
NOTIC: [8] Undefined variable: navbar C:\wamp\www\shop\App\Runtime\Cache\Home\3f9d2b480676617fa8e79f1ae80a4954.php 第 27 行.
NOTIC: [2] Invalid argument supplied for foreach() C:\wamp\www\shop\App\Runtime\Cache\Home\3f9d2b480676617fa8e79f1ae80a4954.php 第 27 行.
SQL: SHOW COLUMNS FROM `5000_navbar` [ RunTime:0.0042s ]
SQL: SELECT * FROM `5000_navbar` ORDER BY nav_index  [ RunTime:0.0003s ]
NOTIC: [8] Undefined variable: global_user C:\wamp\www\shop\App\Runtime\Cache\Home\3f9d2b480676617fa8e79f1ae80a4954.php 第 42 行.
INFO: Run Behavior\ParseTemplateBehavior [ RunTime:0.016792s ]
INFO: [ view_parse ] --END-- [ RunTime:0.016907s ]
INFO: [ view_filter ] --START--
INFO: Run Behavior\WriteHtmlCacheBehavior [ RunTime:0.000510s ]
INFO: [ view_filter ] --END-- [ RunTime:0.000596s ]
INFO: [ app_end ] --START--
INFO: Run Behavior\ShowPageTraceBehavior [ RunTime:0.000695s ]
INFO: [ app_end ] --END-- [ RunTime:0.000782s ]

[ 2016-11-13T01:33:46+08:00 ] ::1 /shop/Home/login?from=%2Fshop%2Fhome%2FTemp%2Ftest
INFO: [ app_init ] --START--
INFO: Run Behavior\BuildLiteBehavior [ RunTime:0.000021s ]
INFO: [ app_init ] --END-- [ RunTime:0.000471s ]
INFO: [ app_begin ] --START--
INFO: Run Behavior\ReadHtmlCacheBehavior [ RunTime:0.000570s ]
NOTIC: [8] Undefined index: userInfo C:\wamp\www\shop\App\Home\API\UserAPI.class.php 第 15 行.
INFO: Run Home\Behaviors\UserBehavior [ RunTime:0.001914s ]
INFO: [ app_begin ] --END-- [ RunTime:0.002659s ]
SQL: SHOW COLUMNS FROM `5000_user` [ RunTime:0.0057s ]
SQL: SELECT * FROM `5000_user` WHERE ( user_name='exalexx' ) LIMIT 1   [ RunTime:0.0003s ]
INFO: [ view_parse ] --START--
INFO: [ template_filter ] --START--
INFO: Run Behavior\ContentReplaceBehavior [ RunTime:0.000074s ]
INFO: [ template_filter ] --END-- [ RunTime:0.000352s ]
NOTIC: [8] Undefined variable: navbar C:\wamp\www\shop\App\Runtime\Cache\Home\3f9d2b480676617fa8e79f1ae80a4954.php 第 27 行.
NOTIC: [2] Invalid argument supplied for foreach() C:\wamp\www\shop\App\Runtime\Cache\Home\3f9d2b480676617fa8e79f1ae80a4954.php 第 27 行.
SQL: SHOW COLUMNS FROM `5000_navbar` [ RunTime:0.0055s ]
SQL: SELECT * FROM `5000_navbar` ORDER BY nav_index  [ RunTime:0.0004s ]
NOTIC: [8] Undefined variable: global_user C:\wamp\www\shop\App\Runtime\Cache\Home\3f9d2b480676617fa8e79f1ae80a4954.php 第 42 行.
NOTIC: [8] Undefined variable: errorInfo C:\wamp\www\shop\App\Runtime\Cache\Home\3f9d2b480676617fa8e79f1ae80a4954.php 第 81 行.
INFO: Run Behavior\ParseTemplateBehavior [ RunTime:0.016771s ]
INFO: [ view_parse ] --END-- [ RunTime:0.016861s ]
INFO: [ view_filter ] --START--
INFO: Run Behavior\WriteHtmlCacheBehavior [ RunTime:0.000481s ]
INFO: [ view_filter ] --END-- [ RunTime:0.000566s ]
INFO: [ app_end ] --START--
INFO: Run Behavior\ShowPageTraceBehavior [ RunTime:0.000693s ]
INFO: [ app_end ] --END-- [ RunTime:0.000783s ]

[ 2016-11-13T01:33:46+08:00 ] ::1 /shop/home/Temp/test
INFO: [ app_init ] --START--
INFO: Run Behavior\BuildLiteBehavior [ RunTime:0.000023s ]
INFO: [ app_init ] --END-- [ RunTime:0.000499s ]
INFO: [ app_begin ] --START--
INFO: Run Behavior\ReadHtmlCacheBehavior [ RunTime:0.000491s ]
NOTIC: [8] Object of class stdClass could not be converted to int C:\wamp\www\shop\App\Home\API\UserAPI.class.php 第 19 行.
NOTIC: [8] Object of class stdClass could not be converted to int C:\wamp\www\shop\App\Home\API\UserAPI.class.php 第 30 行.
NOTIC: [8] Object of class stdClass could not be converted to int C:\wamp\www\shop\App\Home\API\UserAPI.class.php 第 19 行.
NOTIC: [8] Object of class stdClass could not be converted to int C:\wamp\www\shop\App\Home\API\UserAPI.class.php 第 30 行.
NOTIC: [8] Object of class stdClass could not be converted to int C:\wamp\www\shop\App\Home\API\UserAPI.class.php 第 19 行.
INFO: Run Home\Behaviors\UserBehavior [ RunTime:0.002012s ]
INFO: [ app_begin ] --END-- [ RunTime:0.002648s ]
INFO: [ view_parse ] --START--
INFO: [ template_filter ] --START--
INFO: Run Behavior\ContentReplaceBehavior [ RunTime:0.000097s ]
INFO: [ template_filter ] --END-- [ RunTime:0.000294s ]
NOTIC: [8] Undefined variable: navbar C:\wamp\www\shop\App\Runtime\Cache\Home\6e3e35d7821fc2d62461a4a247b2ebd0.php 第 27 行.
NOTIC: [2] Invalid argument supplied for foreach() C:\wamp\www\shop\App\Runtime\Cache\Home\6e3e35d7821fc2d62461a4a247b2ebd0.php 第 27 行.
SQL: SHOW COLUMNS FROM `5000_navbar` [ RunTime:0.0041s ]
SQL: SELECT * FROM `5000_navbar` ORDER BY nav_index  [ RunTime:0.0004s ]
INFO: Run Behavior\ParseTemplateBehavior [ RunTime:0.031462s ]
INFO: [ view_parse ] --END-- [ RunTime:0.031554s ]
INFO: [ view_filter ] --START--
INFO: Run Behavior\WriteHtmlCacheBehavior [ RunTime:0.000406s ]
INFO: [ view_filter ] --END-- [ RunTime:0.000489s ]
INFO: [ app_end ] --START--
INFO: Run Behavior\ShowPageTraceBehavior [ RunTime:0.000581s ]
INFO: [ app_end ] --END-- [ RunTime:0.000667s ]

[ 2016-11-13T01:33:48+08:00 ] ::1 /shop/home/Temp/test
INFO: [ app_init ] --START--
INFO: Run Behavior\BuildLiteBehavior [ RunTime:0.000039s ]
INFO: [ app_init ] --END-- [ RunTime:0.000604s ]
INFO: [ app_begin ] --START--
INFO: Run Behavior\ReadHtmlCacheBehavior [ RunTime:0.000532s ]
NOTIC: [8] Object of class stdClass could not be converted to int C:\wamp\www\shop\App\Home\API\UserAPI.class.php 第 19 行.
NOTIC: [8] Object of class stdClass could not be converted to int C:\wamp\www\shop\App\Home\API\UserAPI.class.php 第 30 行.
NOTIC: [8] Object of class stdClass could not be converted to int C:\wamp\www\shop\App\Home\API\UserAPI.class.php 第 19 行.
NOTIC: [8] Object of class stdClass could not be converted to int C:\wamp\www\shop\App\Home\API\UserAPI.class.php 第 30 行.
NOTIC: [8] Object of class stdClass could not be converted to int C:\wamp\www\shop\App\Home\API\UserAPI.class.php 第 19 行.
INFO: Run Home\Behaviors\UserBehavior [ RunTime:0.001778s ]
INFO: [ app_begin ] --END-- [ RunTime:0.002497s ]
INFO: [ view_parse ] --START--
INFO: [ template_filter ] --START--
INFO: Run Behavior\ContentReplaceBehavior [ RunTime:0.000059s ]
INFO: [ template_filter ] --END-- [ RunTime:0.000155s ]
NOTIC: [8] Undefined variable: navbar C:\wamp\www\shop\App\Runtime\Cache\Home\6e3e35d7821fc2d62461a4a247b2ebd0.php 第 27 行.
NOTIC: [2] Invalid argument supplied for foreach() C:\wamp\www\shop\App\Runtime\Cache\Home\6e3e35d7821fc2d62461a4a247b2ebd0.php 第 27 行.
SQL: SHOW COLUMNS FROM `5000_navbar` [ RunTime:0.0072s ]
SQL: SELECT * FROM `5000_navbar` ORDER BY nav_index  [ RunTime:0.0004s ]
INFO: Run Behavior\ParseTemplateBehavior [ RunTime:0.037010s ]
INFO: [ view_parse ] --END-- [ RunTime:0.037115s ]
INFO: [ view_filter ] --START--
INFO: Run Behavior\WriteHtmlCacheBehavior [ RunTime:0.000437s ]
INFO: [ view_filter ] --END-- [ RunTime:0.000518s ]
INFO: [ app_end ] --START--
INFO: Run Behavior\ShowPageTraceBehavior [ RunTime:0.000706s ]
INFO: [ app_end ] --END-- [ RunTime:0.000866s ]

[ 2016-11-13T01:33:55+08:00 ] ::1 /shop/home/reg
INFO: [ app_init ] --START--
INFO: Run Behavior\BuildLiteBehavior [ RunTime:0.000021s ]
INFO: [ app_init ] --END-- [ RunTime:0.000575s ]
INFO: [ app_begin ] --START--
INFO: Run Behavior\ReadHtmlCacheBehavior [ RunTime:0.000538s ]
NOTIC: [8] Object of class stdClass could not be converted to int C:\wamp\www\shop\App\Home\API\UserAPI.class.php 第 19 行.
NOTIC: [8] Object of class stdClass could not be converted to int C:\wamp\www\shop\App\Home\API\UserAPI.class.php 第 30 行.
NOTIC: [8] Object of class stdClass could not be converted to int C:\wamp\www\shop\App\Home\API\UserAPI.class.php 第 19 行.
INFO: Run Home\Behaviors\UserBehavior [ RunTime:0.001556s ]
INFO: [ app_begin ] --END-- [ RunTime:0.002237s ]
ERR: 1146:Table 'tp.5000_users' doesn't exist
 [ SQL语句 ] : SHOW COLUMNS FROM `5000_users`
ERR: 1146:Table 'tp.5000_users' doesn't exist
 [ SQL语句 ] : SHOW COLUMNS FROM `5000_users`

[ 2016-11-13T01:34:45+08:00 ] ::1 /shop/home/reg
INFO: [ app_init ] --START--
INFO: Run Behavior\BuildLiteBehavior [ RunTime:0.000023s ]
INFO: [ app_init ] --END-- [ RunTime:0.000513s ]
INFO: [ app_begin ] --START--
INFO: Run Behavior\ReadHtmlCacheBehavior [ RunTime:0.000824s ]
NOTIC: [8] Undefined index: userInfo C:\wamp\www\shop\App\Home\API\UserAPI.class.php 第 15 行.
INFO: Run Home\Behaviors\UserBehavior [ RunTime:0.002447s ]
INFO: [ app_begin ] --END-- [ RunTime:0.003607s ]
SQL: SHOW COLUMNS FROM `5000_user` [ RunTime:0.0064s ]
SQL: INSERT INTO `5000_user` (`user_name`,`user_pwd`,`user_regdate`) VALUES ('国浩','006134','2016-11-13 01-34-45') [ RunTime:0.0044s ]
INFO: [ view_parse ] --START--
INFO: [ template_filter ] --START--
INFO: Run Behavior\ContentReplaceBehavior [ RunTime:0.000081s ]
INFO: [ template_filter ] --END-- [ RunTime:0.000228s ]
NOTIC: [8] Undefined variable: navbar C:\wamp\www\shop\App\Runtime\Cache\Home\2dae1f30f45b37ba2685d4c4b13e981d.php 第 27 行.
NOTIC: [2] Invalid argument supplied for foreach() C:\wamp\www\shop\App\Runtime\Cache\Home\2dae1f30f45b37ba2685d4c4b13e981d.php 第 27 行.
SQL: SHOW COLUMNS FROM `5000_navbar` [ RunTime:0.0055s ]
SQL: SELECT * FROM `5000_navbar` ORDER BY nav_index  [ RunTime:0.0004s ]
NOTIC: [8] Undefined variable: global_user C:\wamp\www\shop\App\Runtime\Cache\Home\2dae1f30f45b37ba2685d4c4b13e981d.php 第 42 行.
NOTIC: [8] Undefined variable: errorInfo C:\wamp\www\shop\App\Runtime\Cache\Home\2dae1f30f45b37ba2685d4c4b13e981d.php 第 82 行.
INFO: Run Behavior\ParseTemplateBehavior [ RunTime:0.017834s ]
INFO: [ view_parse ] --END-- [ RunTime:0.017927s ]
INFO: [ view_filter ] --START--
INFO: Run Behavior\WriteHtmlCacheBehavior [ RunTime:0.000524s ]
INFO: [ view_filter ] --END-- [ RunTime:0.000633s ]
INFO: [ app_end ] --START--
INFO: Run Behavior\ShowPageTraceBehavior [ RunTime:0.000680s ]
INFO: [ app_end ] --END-- [ RunTime:0.000840s ]

[ 2016-11-13T01:35:55+08:00 ] ::1 /shop/home/reg
INFO: [ app_init ] --START--
INFO: Run Behavior\BuildLiteBehavior [ RunTime:0.000020s ]
INFO: [ app_init ] --END-- [ RunTime:0.000568s ]
INFO: [ app_begin ] --START--
INFO: Run Behavior\ReadHtmlCacheBehavior [ RunTime:0.000623s ]
NOTIC: [8] Undefined index: userInfo C:\wamp\www\shop\App\Home\API\UserAPI.class.php 第 15 行.
INFO: Run Home\Behaviors\UserBehavior [ RunTime:0.001856s ]
INFO: [ app_begin ] --END-- [ RunTime:0.002632s ]
SQL: SHOW COLUMNS FROM `5000_user` [ RunTime:0.0046s ]
ERR: 1062:Duplicate entry '国浩' for key 'user_name'
 [ SQL语句 ] : INSERT INTO `5000_user` (`user_name`,`user_pwd`,`user_regdate`) VALUES ('国浩','006134','2016-11-13 01-35-55')
ERR: 1062:Duplicate entry '国浩' for key 'user_name'
 [ SQL语句 ] : INSERT INTO `5000_user` (`user_name`,`user_pwd`,`user_regdate`) VALUES ('国浩','006134','2016-11-13 01-35-55')

[ 2016-11-13T01:36:09+08:00 ] ::1 /shop/home/reg
INFO: [ app_init ] --START--
INFO: Run Behavior\BuildLiteBehavior [ RunTime:0.000048s ]
INFO: [ app_init ] --END-- [ RunTime:0.000790s ]
INFO: [ app_begin ] --START--
INFO: Run Behavior\ReadHtmlCacheBehavior [ RunTime:0.001093s ]
NOTIC: [8] Undefined index: userInfo C:\wamp\www\shop\App\Home\API\UserAPI.class.php 第 15 行.
INFO: Run Home\Behaviors\UserBehavior [ RunTime:0.003203s ]
INFO: [ app_begin ] --END-- [ RunTime:0.004502s ]
SQL: SHOW COLUMNS FROM `5000_user` [ RunTime:0.0053s ]
ERR: 1062:Duplicate entry '国浩' for key 'user_name'
 [ SQL语句 ] : INSERT INTO `5000_user` (`user_name`,`user_pwd`,`user_regdate`) VALUES ('国浩','006134','2016-11-13 01-36-09')
ERR: 1062:Duplicate entry '国浩' for key 'user_name'
 [ SQL语句 ] : INSERT INTO `5000_user` (`user_name`,`user_pwd`,`user_regdate`) VALUES ('国浩','006134','2016-11-13 01-36-09')

[ 2016-11-13T01:36:13+08:00 ] ::1 /shop/home/reg
INFO: [ app_init ] --START--
INFO: Run Behavior\BuildLiteBehavior [ RunTime:0.000021s ]
INFO: [ app_init ] --END-- [ RunTime:0.000691s ]
INFO: [ app_begin ] --START--
INFO: Run Behavior\ReadHtmlCacheBehavior [ RunTime:0.000676s ]
NOTIC: [8] Undefined index: userInfo C:\wamp\www\shop\App\Home\API\UserAPI.class.php 第 15 行.
INFO: Run Home\Behaviors\UserBehavior [ RunTime:0.002055s ]
INFO: [ app_begin ] --END-- [ RunTime:0.002918s ]
SQL: SHOW COLUMNS FROM `5000_user` [ RunTime:0.0055s ]
ERR: 1062:Duplicate entry '国浩' for key 'user_name'
 [ SQL语句 ] : INSERT INTO `5000_user` (`user_name`,`user_pwd`,`user_regdate`) VALUES ('国浩','006134','2016-11-13 01-36-13')
ERR: 1062:Duplicate entry '国浩' for key 'user_name'
 [ SQL语句 ] : INSERT INTO `5000_user` (`user_name`,`user_pwd`,`user_regdate`) VALUES ('国浩','006134','2016-11-13 01-36-13')

[ 2016-11-13T01:36:15+08:00 ] ::1 /shop/home/reg
INFO: [ app_init ] --START--
INFO: Run Behavior\BuildLiteBehavior [ RunTime:0.000024s ]
INFO: [ app_init ] --END-- [ RunTime:0.000632s ]
INFO: [ app_begin ] --START--
INFO: Run Behavior\ReadHtmlCacheBehavior [ RunTime:0.000746s ]
NOTIC: [8] Undefined index: userInfo C:\wamp\www\shop\App\Home\API\UserAPI.class.php 第 15 行.
INFO: Run Home\Behaviors\UserBehavior [ RunTime:0.001496s ]
INFO: [ app_begin ] --END-- [ RunTime:0.002440s ]
SQL: SHOW COLUMNS FROM `5000_user` [ RunTime:0.0053s ]
ERR: 1062:Duplicate entry '国浩' for key 'user_name'
 [ SQL语句 ] : INSERT INTO `5000_user` (`user_name`,`user_pwd`,`user_regdate`) VALUES ('国浩','006134','2016-11-13 01-36-15')
ERR: 1062:Duplicate entry '国浩' for key 'user_name'
 [ SQL语句 ] : INSERT INTO `5000_user` (`user_name`,`user_pwd`,`user_regdate`) VALUES ('国浩','006134','2016-11-13 01-36-15')

[ 2016-11-13T01:36:17+08:00 ] ::1 /shop/home/reg
INFO: [ app_init ] --START--
INFO: Run Behavior\BuildLiteBehavior [ RunTime:0.000022s ]
INFO: [ app_init ] --END-- [ RunTime:0.000533s ]
INFO: [ app_begin ] --START--
INFO: Run Behavior\ReadHtmlCacheBehavior [ RunTime:0.000505s ]
NOTIC: [8] Undefined index: userInfo C:\wamp\www\shop\App\Home\API\UserAPI.class.php 第 15 行.
INFO: Run Home\Behaviors\UserBehavior [ RunTime:0.001711s ]
INFO: [ app_begin ] --END-- [ RunTime:0.002362s ]
SQL: SHOW COLUMNS FROM `5000_user` [ RunTime:0.0065s ]
ERR: 1062:Duplicate entry '国浩' for key 'user_name'
 [ SQL语句 ] : INSERT INTO `5000_user` (`user_name`,`user_pwd`,`user_regdate`) VALUES ('国浩','006134','2016-11-13 01-36-17')
ERR: 1062:Duplicate entry '国浩' for key 'user_name'
 [ SQL语句 ] : INSERT INTO `5000_user` (`user_name`,`user_pwd`,`user_regdate`) VALUES ('国浩','006134','2016-11-13 01-36-17')

[ 2016-11-13T01:36:48+08:00 ] ::1 /shop/home/reg
INFO: [ app_init ] --START--
INFO: Run Behavior\BuildLiteBehavior [ RunTime:0.000023s ]
INFO: [ app_init ] --END-- [ RunTime:0.000525s ]
INFO: [ app_begin ] --START--
INFO: Run Behavior\ReadHtmlCacheBehavior [ RunTime:0.000552s ]
NOTIC: [8] Undefined index: userInfo C:\wamp\www\shop\App\Home\API\UserAPI.class.php 第 15 行.
INFO: Run Home\Behaviors\UserBehavior [ RunTime:0.001738s ]
INFO: [ app_begin ] --END-- [ RunTime:0.002428s ]
SQL: SHOW COLUMNS FROM `5000_user` [ RunTime:0.0058s ]
SQL: INSERT INTO `5000_user` (`user_name`,`user_pwd`,`user_regdate`) VALUES ('exalexxxxx','006134','2016-11-13 01-36-48') [ RunTime:0.0049s ]
INFO: [ view_parse ] --START--
INFO: [ template_filter ] --START--
INFO: Run Behavior\ContentReplaceBehavior [ RunTime:0.000090s ]
INFO: [ template_filter ] --END-- [ RunTime:0.000372s ]
NOTIC: [8] Undefined variable: navbar C:\wamp\www\shop\App\Runtime\Cache\Home\2dae1f30f45b37ba2685d4c4b13e981d.php 第 27 行.
NOTIC: [2] Invalid argument supplied for foreach() C:\wamp\www\shop\App\Runtime\Cache\Home\2dae1f30f45b37ba2685d4c4b13e981d.php 第 27 行.
SQL: SHOW COLUMNS FROM `5000_navbar` [ RunTime:0.0053s ]
SQL: SELECT * FROM `5000_navbar` ORDER BY nav_index  [ RunTime:0.0004s ]
NOTIC: [8] Undefined variable: global_user C:\wamp\www\shop\App\Runtime\Cache\Home\2dae1f30f45b37ba2685d4c4b13e981d.php 第 42 行.
NOTIC: [8] Undefined variable: errorInfo C:\wamp\www\shop\App\Runtime\Cache\Home\2dae1f30f45b37ba2685d4c4b13e981d.php 第 82 行.
INFO: Run Behavior\ParseTemplateBehavior [ RunTime:0.018806s ]
INFO: [ view_parse ] --END-- [ RunTime:0.018895s ]
INFO: [ view_filter ] --START--
INFO: Run Behavior\WriteHtmlCacheBehavior [ RunTime:0.000595s ]
INFO: [ view_filter ] --END-- [ RunTime:0.000680s ]
INFO: [ app_end ] --START--
INFO: Run Behavior\ShowPageTraceBehavior [ RunTime:0.000697s ]
INFO: [ app_end ] --END-- [ RunTime:0.000784s ]

[ 2016-11-13T01:59:28+08:00 ] ::1 /shop/home/reg
INFO: [ app_init ] --START--
INFO: Run Behavior\BuildLiteBehavior [ RunTime:0.000027s ]
INFO: [ app_init ] --END-- [ RunTime:0.000737s ]
INFO: [ app_begin ] --START--
INFO: Run Behavior\ReadHtmlCacheBehavior [ RunTime:0.000757s ]
NOTIC: [8] Undefined index: userInfo C:\wamp\www\shop\App\Home\API\UserAPI.class.php 第 15 行.
INFO: Run Home\Behaviors\UserBehavior [ RunTime:0.002490s ]
INFO: [ app_begin ] --END-- [ RunTime:0.003459s ]
SQL: SHOW COLUMNS FROM `5000_user` [ RunTime:0.0059s ]
SQL: INSERT INTO `5000_user` (`user_name`,`user_pwd`,`user_regdate`) VALUES ('yangguohao','006134','2016-11-13 01-59-28') [ RunTime:0.0057s ]
INFO: [ view_parse ] --START--
INFO: [ template_filter ] --START--
INFO: Run Behavior\ContentReplaceBehavior [ RunTime:0.000152s ]
INFO: [ template_filter ] --END-- [ RunTime:0.000352s ]
NOTIC: [8] Undefined variable: navbar C:\wamp\www\shop\App\Runtime\Cache\Home\2dae1f30f45b37ba2685d4c4b13e981d.php 第 27 行.
NOTIC: [2] Invalid argument supplied for foreach() C:\wamp\www\shop\App\Runtime\Cache\Home\2dae1f30f45b37ba2685d4c4b13e981d.php 第 27 行.
SQL: SHOW COLUMNS FROM `5000_navbar` [ RunTime:0.0051s ]
SQL: SELECT * FROM `5000_navbar` ORDER BY nav_index  [ RunTime:0.0007s ]
NOTIC: [8] Undefined variable: global_user C:\wamp\www\shop\App\Runtime\Cache\Home\2dae1f30f45b37ba2685d4c4b13e981d.php 第 42 行.
NOTIC: [8] Undefined variable: errorInfo C:\wamp\www\shop\App\Runtime\Cache\Home\2dae1f30f45b37ba2685d4c4b13e981d.php 第 82 行.
INFO: Run Behavior\ParseTemplateBehavior [ RunTime:0.020531s ]
INFO: [ view_parse ] --END-- [ RunTime:0.020680s ]
INFO: [ view_filter ] --START--
INFO: Run Behavior\WriteHtmlCacheBehavior [ RunTime:0.000801s ]
INFO: [ view_filter ] --END-- [ RunTime:0.000937s ]
INFO: [ app_end ] --START--
INFO: Run Behavior\ShowPageTraceBehavior [ RunTime:0.001116s ]
INFO: [ app_end ] --END-- [ RunTime:0.001237s ]

[ 2016-11-13T01:59:30+08:00 ] ::1 /shop/home/reg
INFO: [ app_init ] --START--
INFO: Run Behavior\BuildLiteBehavior [ RunTime:0.000022s ]
INFO: [ app_init ] --END-- [ RunTime:0.000539s ]
INFO: [ app_begin ] --START--
INFO: Run Behavior\ReadHtmlCacheBehavior [ RunTime:0.000548s ]
NOTIC: [8] Undefined index: userInfo C:\wamp\www\shop\App\Home\API\UserAPI.class.php 第 15 行.
INFO: Run Home\Behaviors\UserBehavior [ RunTime:0.002125s ]
INFO: [ app_begin ] --END-- [ RunTime:0.002886s ]
SQL: SHOW COLUMNS FROM `5000_user` [ RunTime:0.0055s ]
ERR: 1062:Duplicate entry 'yangguohao' for key 'user_name'
 [ SQL语句 ] : INSERT INTO `5000_user` (`user_name`,`user_pwd`,`user_regdate`) VALUES ('yangguohao','006134','2016-11-13 01-59-30')
ERR: 1062:Duplicate entry 'yangguohao' for key 'user_name'
 [ SQL语句 ] : INSERT INTO `5000_user` (`user_name`,`user_pwd`,`user_regdate`) VALUES ('yangguohao','006134','2016-11-13 01-59-30')

